#
# A fatal error has been detected by the Java Runtime Environment:
#
#  SIGSEGV (0xb) at pc=0x00007ff8138fea28, pid=30785, tid=259
#
# JRE version: OpenJDK Runtime Environment Temurin-11.0.13+8 (11.0.13+8) (build 11.0.13+8)
# Java VM: OpenJDK 64-Bit Server VM Temurin-11.0.13+8 (11.0.13+8, mixed mode, tiered, compressed oops, g1 gc, bsd-amd64)
# Problematic frame:
# C  [CoreFoundation+0x20a28]  CFArrayGetCount+0x6
#
# No core dump will be written. Core dumps have been disabled. To enable core dumping, try "ulimit -c unlimited" before starting Java again
#
# If you would like to submit a bug report, please visit:
#   https://github.com/adoptium/adoptium-support/issues
# The crash happened outside the Java Virtual Machine in native code.
# See problematic frame for where to report the bug.
#

---------------  S U M M A R Y ------------

Command Line: -agentlib:jdwp=transport=dt_socket,server=n,suspend=y,address=localhost:62842 -Djava.library.path=/Users/yanglimin/Desktop/编程/Simulator/Simulator/sim1/build/jni/release frc.robot.Main

Host: MacBook9,1 x86_64 1100 MHz, 4 cores, 8G, Darwin 21.6.0
Time: Tue Oct 18 15:34:56 2022 EDT elapsed time: 2.486055 seconds (0d 0h 0m 2s)

---------------  T H R E A D  ---------------

Current thread (0x00007f8cff00a000):  JavaThread "main" [_thread_in_native, id=259, stack(0x00007ff7b81e2000,0x00007ff7b89e2000)]

Stack: [0x00007ff7b81e2000,0x00007ff7b89e2000],  sp=0x00007ff7b89dd098,  free space=8172k
Native frames: (J=compiled Java code, A=aot compiled Java code, j=interpreted, Vv=VM code, C=native code)
C  [CoreFoundation+0x20a28]  CFArrayGetCount+0x6
C  [IOKit+0x4273d]  __IOHIDManagerDeviceApplier+0x2fb
C  [CoreFoundation+0x4a7a6]  __CFSetApplyFunction_block_invoke+0x12
C  [CoreFoundation+0x4a613]  CFBasicHashApply+0x73
C  [CoreFoundation+0x4a563]  CFSetApplyFunction+0x83
C  [IOKit+0x41116]  __ApplyToDevices+0x69
C  [IOKit+0x4298d]  __IOHIDManagerInitialEnumCallback+0x27
C  [CoreFoundation+0x8017b]  __CFRUNLOOP_IS_CALLING_OUT_TO_A_SOURCE0_PERFORM_FUNCTION__+0x11
C  [CoreFoundation+0x800e3]  __CFRunLoopDoSource0+0xb4
C  [CoreFoundation+0x7fe5d]  __CFRunLoopDoSources0+0xf2
C  [CoreFoundation+0x7e878]  __CFRunLoopRun+0x37c
C  [CoreFoundation+0x7de3c]  CFRunLoopRunSpecific+0x232
C  [libhalsim_gui.dylib+0x34e028]  _glfwInitJoysticksNS+0x308
C  [libhalsim_gui.dylib+0x34dad1]  _glfwPlatformInit+0x701
C  [libhalsim_gui.dylib+0x89048]  glfwInit+0x48
C  [libhalsim_gui.dylib+0x71203]  _ZN3wpi3gui10InitializeEPKcii+0x73
C  [libhalsim_gui.dylib+0x1f89a]  HALSIM_InitExtension+0x14a
C  [libwpiHal.dylib+0x45684]  HAL_LoadOneExtension+0x3f4
C  [libwpiHal.dylib+0x458da]  HAL_LoadExtensions+0xfa
C  [libwpiHal.dylib+0x28213]  HAL_Initialize+0x83
C  [libwpiHaljni.dylib+0xe5cd]  Java_edu_wpi_first_hal_HAL_initialize+0xd
j  edu.wpi.first.hal.HAL.initialize(II)Z+0
j  edu.wpi.first.wpilibj.RobotBase.startRobot(Ljava/util/function/Supplier;)V+4
j  frc.robot.Main.main([Ljava/lang/String;)V+5
v  ~StubRoutines::call_stub
V  [libjvm.dylib+0x3b5a80]  _ZN9JavaCalls11call_helperEP9JavaValueRK12methodHandleP17JavaCallArgumentsP6Thread+0x1fe
V  [libjvm.dylib+0x3fb101]  _ZL17jni_invoke_staticP7JNIEnv_P9JavaValueP8_jobject11JNICallTypeP10_jmethodIDP18JNI_ArgumentPusherP6Thread+0x10a
V  [libjvm.dylib+0x3fe9e6]  jni_CallStaticVoidMethod+0x1d2
C  [libjli.dylib+0x4b1d]  JavaMain+0xab0
C  [libjli.dylib+0x7065]  __JVMInit_block_invoke+0x4b
C  [Foundation+0x41b21]  __NSBLOCKOPERATION_IS_CALLING_OUT_TO_A_BLOCK__+0x7
C  [Foundation+0x41a19]  -[NSBlockOperation main]+0x62
C  [Foundation+0x419af]  __NSOPERATION_IS_INVOKING_MAIN__+0x11
C  [Foundation+0x40c1b]  -[NSOperation start]+0x311
C  [Foundation+0x81527]  __NSThreadPerformPerform+0xb3
C  [CoreFoundation+0x8017b]  __CFRUNLOOP_IS_CALLING_OUT_TO_A_SOURCE0_PERFORM_FUNCTION__+0x11
C  [CoreFoundation+0x800e3]  __CFRunLoopDoSource0+0xb4
C  [CoreFoundation+0x7fe5d]  __CFRunLoopDoSources0+0xf2
C  [CoreFoundation+0x7e878]  __CFRunLoopRun+0x37c
C  [CoreFoundation+0x7de3c]  CFRunLoopRunSpecific+0x232
C  [libjli.dylib+0x664e]  CreateExecutionEnvironment+0x18e
C  [libjli.dylib+0x285e]  JLI_Launch+0x52a
C  [java+0x1807]  main+0x177
C  0x0000000112a1752e

Java frames: (J=compiled Java code, j=interpreted, Vv=VM code)
j  edu.wpi.first.hal.HAL.initialize(II)Z+0
j  edu.wpi.first.wpilibj.RobotBase.startRobot(Ljava/util/function/Supplier;)V+4
j  frc.robot.Main.main([Ljava/lang/String;)V+5
v  ~StubRoutines::call_stub

siginfo: si_signo: 11 (SIGSEGV), si_code: 1 (SEGV_MAPERR), si_addr: 0x0000000000000000

Register to memory mapping:

RAX=0x0 is NULL
RBX=0x00007f8cfe016580 points into unknown readable memory: 0x031dfff854e801c1 | c1 01 e8 54 f8 ff 1d 03
RCX=0x00007ff854feef40: OBJC_CLASS_$_OS_os_log+0 in /usr/lib/system/libsystem_trace.dylib at 0x00007ff813606000
RDX=0x0 is NULL
RSP=0x00007ff7b89dd098 is pointing into the stack for thread: 0x00007f8cff00a000
RBP=0x00007ff7b89dd240 is pointing into the stack for thread: 0x00007f8cff00a000
RSI=0x00007ff82dcb0096 points into unknown readable memory: 72 65
RDI=0x0 is NULL
R8 =0x000000010001826f is an unknown value
R9 =0x000000000000ffff is an unknown value
R10=0x00007ff854feef40: OBJC_CLASS_$_OS_os_log+0 in /usr/lib/system/libsystem_trace.dylib at 0x00007ff813606000
R11=0x00007ff8136dfade: -[OS_object release]+0 in /usr/lib/system/libdispatch.dylib at 0x00007ff8136dd000
R12=0x00007ff7b89dd3b0 is pointing into the stack for thread: 0x00007f8cff00a000
R13=0x0000000000000003 is an unknown value
R14=0x0000000000000055 is an unknown value
R15=0x0 is NULL


Registers:
RAX=0x0000000000000000, RBX=0x00007f8cfe016580, RCX=0x00007ff854feef40, RDX=0x0000000000000000
RSP=0x00007ff7b89dd098, RBP=0x00007ff7b89dd240, RSI=0x00007ff82dcb0096, RDI=0x0000000000000000
R8 =0x000000010001826f, R9 =0x000000000000ffff, R10=0x00007ff854feef40, R11=0x00007ff8136dfade
R12=0x00007ff7b89dd3b0, R13=0x0000000000000003, R14=0x0000000000000055, R15=0x0000000000000000
RIP=0x00007ff8138fea28, EFLAGS=0x0000000000010246, ERR=0x0000000000000004
  TRAPNO=0x000000000000000e

Top of Stack: (sp=0x00007ff7b89dd098)
0x00007ff7b89dd098:   000000012a3aa3b5 0000000000000008
0x00007ff7b89dd0a8:   0000000000000003 00007f8cfe016580
0x00007ff7b89dd0b8:   0000600000762be0 0000600000762c40
0x00007ff7b89dd0c8:   0000600000763840 000020bc128c2c10
0x00007ff7b89dd0d8:   0000115200005500 3030303030303330
0x00007ff7b89dd0e8:   3030303030326362 3030303035353030
0x00007ff7b89dd0f8:   3030303031313235 00007ff89bbd6000
0x00007ff7b89dd108:   00007ff7b89dd140 414720494d494758
0x00007ff7b89dd118:   202020444150454d 00007ff7b89d0020
0x00007ff7b89dd128:   0000000112a14d3a 5ac22503ca5a0017
0x00007ff7b89dd138:   00007ff7b89dd5a0 00007ff7b89dd540
0x00007ff7b89dd148:   00007ff81359ab5b 00007ff7b89dd1a0
0x00007ff7b89dd158:   0000000112a26e7b 00007ff7b89dd3a0
0x00007ff7b89dd168:   0000000112a2459e 00007ff7b89dd190
0x00007ff7b89dd178:   00007ff81372c49c 0000000000000000
0x00007ff7b89dd188:   00007ff854fe5fe8 0000000000000002
0x00007ff7b89dd198:   0000600000760000 0000000107654000
0x00007ff7b89dd1a8:   0000600000763810 0000003054fe5fe8
0x00007ff7b89dd1b8:   0000000000000002 0000000000000002
0x00007ff7b89dd1c8:   0000000107654000 0000000107654400
0x00007ff7b89dd1d8:   0000000000000003 00007ff7b89dd240
0x00007ff7b89dd1e8:   00007ff8136b276a 0000000107654000
0x00007ff7b89dd1f8:   f69e800840001003 00000020128dffff
0x00007ff7b89dd208:   0000000000000030 5ac22503ca5a0017
0x00007ff7b89dd218:   0000600003571d00 00007ff7b89dd3b0
0x00007ff7b89dd228:   0000000000000003 00007f8cfe016580
0x00007ff7b89dd238:   0000000000000000 00007ff7b89dd2c0
0x00007ff7b89dd248:   00007ff81628573d 00007ff8563fbd70
0x00007ff7b89dd258:   00007ff8565a4900 00007ff7b89dd2a0
0x00007ff7b89dd268:   00007ff8136ceb75 00007ff854fc7780
0x00007ff7b89dd278:   00007ff8563fbd70 0000000000000003
0x00007ff7b89dd288:   0000600000763810 00007ff8565a4960 

Instructions: (pc=0x00007ff8138fea28)
0x00007ff8138fe928:   ff 89 df 83 e7 03 48 83 ff 01 0f 85 a9 00 00 00
0x00007ff8138fe938:   48 ff c0 48 39 c1 75 ce 89 95 c8 ef ff ff 48 83
0x00007ff8138fe948:   e3 fc 8b 83 04 08 00 00 89 d1 85 c0 74 28 48 8d
0x00007ff8138fe958:   b5 d8 ef ff ff 4c 89 ff 89 c2 b9 01 00 00 00 41
0x00007ff8138fe968:   ff d6 84 c0 0f 85 8b 00 00 00 8b 8d c8 ef ff ff
0x00007ff8138fe978:   8b 95 cc ef ff ff 39 d1 75 05 45 84 e4 75 76 41
0x00007ff8138fe988:   0f b6 d4 48 8d b5 b0 ef ff ff 48 89 df 4c 89 f9
0x00007ff8138fe998:   4d 89 f0 e8 ca 54 17 00 eb 5b 48 8b 05 87 bb af
0x00007ff8138fe9a8:   42 48 8b 08 48 8b 05 75 bb af 42 48 8b 00 48 3b
0x00007ff8138fe9b8:   45 d8 75 61 48 8d 3d 19 1a 45 00 be 39 00 00 00
0x00007ff8138fe9c8:   ba 01 00 00 00 48 81 c4 30 10 00 00 5b 41 5c 41
0x00007ff8138fe9d8:   5e 41 5f 5d e9 3b 24 1a 00 83 ff 02 75 17 ff c0
0x00007ff8138fe9e8:   48 8d bd b0 ef ff ff 89 47 18 4c 89 fe 4c 89 f2
0x00007ff8138fe9f8:   e8 6d 12 00 00 48 8b 05 24 bb af 42 48 8b 00 48
0x00007ff8138fea08:   3b 45 d8 75 10 48 81 c4 30 10 00 00 5b 41 5c 41
0x00007ff8138fea18:   5e 41 5f 5d c3 e8 c8 1f 1a 00 40 f6 c7 01 75 2c
0x00007ff8138fea28:   48 8b 07 48 85 c0 74 1f 48 8b 0d 01 5a 72 41 48
0x00007ff8138fea38:   39 c8 74 13 a8 01 74 14 48 8b 15 91 c4 af 42 48
0x00007ff8138fea48:   23 02 48 39 c8 75 05 48 8b 47 10 c3 48 8b 35 5d
0x00007ff8138fea58:   e6 71 41 ff 25 17 c5 af 42 90 90 55 48 89 e5 53
0x00007ff8138fea68:   50 48 89 fb 48 8d 05 a5 b9 72 41 48 8b 00 48 85
0x00007ff8138fea78:   c0 75 12 48 8b 05 7e 06 72 41 8b 44 18 14 48 83
0x00007ff8138fea88:   c4 08 5b 5d c3 48 8b 75 08 48 8d 0d 90 b9 72 41
0x00007ff8138fea98:   48 8b 11 48 89 df ff d0 eb d9 90 90 90 90 90 90
0x00007ff8138feaa8:   90 90 90 90 41 89 c8 b9 01 00 00 00 e9 09 00 00
0x00007ff8138feab8:   00 90 90 90 90 90 90 90 90 90 55 48 89 e5 41 57
0x00007ff8138feac8:   41 56 41 55 41 54 53 48 83 ec 48 31 c0 48 83 bf
0x00007ff8138fead8:   08 08 00 00 00 0f 85 f2 02 00 00 48 81 fa ff 0f
0x00007ff8138feae8:   00 00 0f 8f e5 02 00 00 45 85 c0 0f 84 dc 02 00
0x00007ff8138feaf8:   00 49 89 fc 85 d2 0f 84 29 01 00 00 49 89 f1 49
0x00007ff8138feb08:   ff c1 45 31 f6 4c 89 ce 4c 89 e3 0f b6 46 ff 4c
0x00007ff8138feb18:   8b 2c c3 44 89 e8 83 e0 03 48 83 f8 01 75 19 49 


Stack slot to memory mapping:
stack at sp + 0 slots: 0x000000012a3aa3b5: matchCallback+0x345 in /Users/yanglimin/Desktop/编程/Simulator/Simulator/sim1/build/jni/release/libhalsim_gui.dylib at 0x000000012a05c000
stack at sp + 1 slots: 0x0000000000000008 is an unknown value
stack at sp + 2 slots: 0x0000000000000003 is an unknown value
stack at sp + 3 slots: 0x00007f8cfe016580 points into unknown readable memory: 0x031dfff854e801c1 | c1 01 e8 54 f8 ff 1d 03
stack at sp + 4 slots: 0x0000600000762be0 points into unknown readable memory: 0x011dfff854e52d39 | 39 2d e5 54 f8 ff 1d 01
stack at sp + 5 slots: 0x0000600000762c40 points into unknown readable memory: 0x011dfff854e52d39 | 39 2d e5 54 f8 ff 1d 01
stack at sp + 6 slots: 0x0000600000763840 points into unknown readable memory: 0x011dfff854e52d39 | 39 2d e5 54 f8 ff 1d 01
stack at sp + 7 slots: 0x000020bc128c2c10 is an unknown value


---------------  P R O C E S S  ---------------

Threads class SMR info:
_java_thread_list=0x0000600000965b80, length=12, elements={
0x00007f8cff00a000, 0x00007f8cfd885800, 0x00007f8cfe843000, 0x00007f8cfd88b000,
0x00007f8cff02a800, 0x00007f8cfd886800, 0x00007f8cfd892800, 0x00007f8cff812800,
0x00007f8cff835000, 0x00007f8cfe848000, 0x00007f8cff02b800, 0x00007f8cfd8e5800
}

Java Threads: ( => current thread )
=>0x00007f8cff00a000 JavaThread "main" [_thread_in_native, id=259, stack(0x00007ff7b81e2000,0x00007ff7b89e2000)]
  0x00007f8cfd885800 JavaThread "Reference Handler" daemon [_thread_blocked, id=13571, stack(0x000070000d689000,0x000070000d789000)]
  0x00007f8cfe843000 JavaThread "Finalizer" daemon [_thread_blocked, id=14083, stack(0x000070000d78c000,0x000070000d88c000)]
  0x00007f8cfd88b000 JavaThread "Signal Dispatcher" daemon [_thread_blocked, id=16643, stack(0x000070000d995000,0x000070000da95000)]
  0x00007f8cff02a800 JavaThread "Service Thread" daemon [_thread_blocked, id=16899, stack(0x000070000da98000,0x000070000db98000)]
  0x00007f8cfd886800 JavaThread "C2 CompilerThread0" daemon [_thread_blocked, id=43011, stack(0x000070000db9b000,0x000070000dc9b000)]
  0x00007f8cfd892800 JavaThread "C1 CompilerThread0" daemon [_thread_blocked, id=42499, stack(0x000070000dc9e000,0x000070000dd9e000)]
  0x00007f8cff812800 JavaThread "Sweeper thread" daemon [_thread_blocked, id=22531, stack(0x000070000dda1000,0x000070000dea1000)]
  0x00007f8cff835000 JavaThread "JDWP Transport Listener: dt_socket" daemon [_thread_blocked, id=41731, stack(0x000070000dea4000,0x000070000dfa4000)]
  0x00007f8cfe848000 JavaThread "JDWP Event Helper Thread" daemon [_thread_blocked, id=41219, stack(0x000070000dfa7000,0x000070000e0a7000)]
  0x00007f8cff02b800 JavaThread "JDWP Command Reader" daemon [_thread_in_native, id=23299, stack(0x000070000e0aa000,0x000070000e1aa000)]
  0x00007f8cfd8e5800 JavaThread "Common-Cleaner" daemon [_thread_blocked, id=40195, stack(0x000070000e2b0000,0x000070000e3b0000)]

Other Threads:
  0x00007f8cff027000 VMThread "VM Thread" [stack: 0x000070000d586000,0x000070000d686000] [id=13059]
  0x00007f8cff02c000 WatcherThread [stack: 0x000070000e1ad000,0x000070000e2ad000] [id=23811]
  0x00007f8cff018800 GCTaskThread "GC Thread#0" [stack: 0x000070000d077000,0x000070000d177000] [id=11267]
  0x00007f8cfe83a800 ConcurrentGCThread "G1 Main Marker" [stack: 0x000070000d17a000,0x000070000d27a000] [id=20739]
  0x00007f8cfd80d000 ConcurrentGCThread "G1 Conc#0" [stack: 0x000070000d27d000,0x000070000d37d000] [id=11779]
  0x00007f8cfd85c000 ConcurrentGCThread "G1 Refine#0" [stack: 0x000070000d380000,0x000070000d480000] [id=12035]
  0x00007f8cfd85c800 ConcurrentGCThread "G1 Young RemSet Sampling" [stack: 0x000070000d483000,0x000070000d583000] [id=19459]

Threads with active compile tasks:

VM state:not at safepoint (normal execution)

VM Mutex/Monitor currently owned by a thread: None

Heap address: 0x0000000780000000, size: 2048 MB, Compressed Oops mode: Zero based, Oop shift amount: 3
Narrow klass base: 0x0000000800000000, Narrow klass shift: 0
Compressed class space size: 1073741824 Address: 0x0000000800000000

Heap:
 garbage-first heap   total 131072K, used 2048K [0x0000000780000000, 0x0000000800000000)
  region size 1024K, 3 young (3072K), 0 survivors (0K)
 Metaspace       used 5632K, capacity 5780K, committed 5888K, reserved 1056768K
  class space    used 470K, capacity 498K, committed 512K, reserved 1048576K
Heap Regions: E=young(eden), S=young(survivor), O=old, HS=humongous(starts), HC=humongous(continues), CS=collection set, F=free, A=archive, TAMS=top-at-mark-start (previous, next)
|   0|0x0000000780000000, 0x0000000780000000, 0x0000000780100000|  0%| F|  |TAMS 0x0000000780000000, 0x0000000780000000| Untracked 
|   1|0x0000000780100000, 0x0000000780100000, 0x0000000780200000|  0%| F|  |TAMS 0x0000000780100000, 0x0000000780100000| Untracked 
|   2|0x0000000780200000, 0x0000000780200000, 0x0000000780300000|  0%| F|  |TAMS 0x0000000780200000, 0x0000000780200000| Untracked 
|   3|0x0000000780300000, 0x0000000780300000, 0x0000000780400000|  0%| F|  |TAMS 0x0000000780300000, 0x0000000780300000| Untracked 
|   4|0x0000000780400000, 0x0000000780400000, 0x0000000780500000|  0%| F|  |TAMS 0x0000000780400000, 0x0000000780400000| Untracked 
|   5|0x0000000780500000, 0x0000000780500000, 0x0000000780600000|  0%| F|  |TAMS 0x0000000780500000, 0x0000000780500000| Untracked 
|   6|0x0000000780600000, 0x0000000780600000, 0x0000000780700000|  0%| F|  |TAMS 0x0000000780600000, 0x0000000780600000| Untracked 
|   7|0x0000000780700000, 0x0000000780700000, 0x0000000780800000|  0%| F|  |TAMS 0x0000000780700000, 0x0000000780700000| Untracked 
|   8|0x0000000780800000, 0x0000000780800000, 0x0000000780900000|  0%| F|  |TAMS 0x0000000780800000, 0x0000000780800000| Untracked 
|   9|0x0000000780900000, 0x0000000780900000, 0x0000000780a00000|  0%| F|  |TAMS 0x0000000780900000, 0x0000000780900000| Untracked 
|  10|0x0000000780a00000, 0x0000000780a00000, 0x0000000780b00000|  0%| F|  |TAMS 0x0000000780a00000, 0x0000000780a00000| Untracked 
|  11|0x0000000780b00000, 0x0000000780b00000, 0x0000000780c00000|  0%| F|  |TAMS 0x0000000780b00000, 0x0000000780b00000| Untracked 
|  12|0x0000000780c00000, 0x0000000780c00000, 0x0000000780d00000|  0%| F|  |TAMS 0x0000000780c00000, 0x0000000780c00000| Untracked 
|  13|0x0000000780d00000, 0x0000000780d00000, 0x0000000780e00000|  0%| F|  |TAMS 0x0000000780d00000, 0x0000000780d00000| Untracked 
|  14|0x0000000780e00000, 0x0000000780e00000, 0x0000000780f00000|  0%| F|  |TAMS 0x0000000780e00000, 0x0000000780e00000| Untracked 
|  15|0x0000000780f00000, 0x0000000780f00000, 0x0000000781000000|  0%| F|  |TAMS 0x0000000780f00000, 0x0000000780f00000| Untracked 
|  16|0x0000000781000000, 0x0000000781000000, 0x0000000781100000|  0%| F|  |TAMS 0x0000000781000000, 0x0000000781000000| Untracked 
|  17|0x0000000781100000, 0x0000000781100000, 0x0000000781200000|  0%| F|  |TAMS 0x0000000781100000, 0x0000000781100000| Untracked 
|  18|0x0000000781200000, 0x0000000781200000, 0x0000000781300000|  0%| F|  |TAMS 0x0000000781200000, 0x0000000781200000| Untracked 
|  19|0x0000000781300000, 0x0000000781300000, 0x0000000781400000|  0%| F|  |TAMS 0x0000000781300000, 0x0000000781300000| Untracked 
|  20|0x0000000781400000, 0x0000000781400000, 0x0000000781500000|  0%| F|  |TAMS 0x0000000781400000, 0x0000000781400000| Untracked 
|  21|0x0000000781500000, 0x0000000781500000, 0x0000000781600000|  0%| F|  |TAMS 0x0000000781500000, 0x0000000781500000| Untracked 
|  22|0x0000000781600000, 0x0000000781600000, 0x0000000781700000|  0%| F|  |TAMS 0x0000000781600000, 0x0000000781600000| Untracked 
|  23|0x0000000781700000, 0x0000000781700000, 0x0000000781800000|  0%| F|  |TAMS 0x0000000781700000, 0x0000000781700000| Untracked 
|  24|0x0000000781800000, 0x0000000781800000, 0x0000000781900000|  0%| F|  |TAMS 0x0000000781800000, 0x0000000781800000| Untracked 
|  25|0x0000000781900000, 0x0000000781900000, 0x0000000781a00000|  0%| F|  |TAMS 0x0000000781900000, 0x0000000781900000| Untracked 
|  26|0x0000000781a00000, 0x0000000781a00000, 0x0000000781b00000|  0%| F|  |TAMS 0x0000000781a00000, 0x0000000781a00000| Untracked 
|  27|0x0000000781b00000, 0x0000000781b00000, 0x0000000781c00000|  0%| F|  |TAMS 0x0000000781b00000, 0x0000000781b00000| Untracked 
|  28|0x0000000781c00000, 0x0000000781c00000, 0x0000000781d00000|  0%| F|  |TAMS 0x0000000781c00000, 0x0000000781c00000| Untracked 
|  29|0x0000000781d00000, 0x0000000781d00000, 0x0000000781e00000|  0%| F|  |TAMS 0x0000000781d00000, 0x0000000781d00000| Untracked 
|  30|0x0000000781e00000, 0x0000000781e00000, 0x0000000781f00000|  0%| F|  |TAMS 0x0000000781e00000, 0x0000000781e00000| Untracked 
|  31|0x0000000781f00000, 0x0000000781f00000, 0x0000000782000000|  0%| F|  |TAMS 0x0000000781f00000, 0x0000000781f00000| Untracked 
|  32|0x0000000782000000, 0x0000000782000000, 0x0000000782100000|  0%| F|  |TAMS 0x0000000782000000, 0x0000000782000000| Untracked 
|  33|0x0000000782100000, 0x0000000782100000, 0x0000000782200000|  0%| F|  |TAMS 0x0000000782100000, 0x0000000782100000| Untracked 
|  34|0x0000000782200000, 0x0000000782200000, 0x0000000782300000|  0%| F|  |TAMS 0x0000000782200000, 0x0000000782200000| Untracked 
|  35|0x0000000782300000, 0x0000000782300000, 0x0000000782400000|  0%| F|  |TAMS 0x0000000782300000, 0x0000000782300000| Untracked 
|  36|0x0000000782400000, 0x0000000782400000, 0x0000000782500000|  0%| F|  |TAMS 0x0000000782400000, 0x0000000782400000| Untracked 
|  37|0x0000000782500000, 0x0000000782500000, 0x0000000782600000|  0%| F|  |TAMS 0x0000000782500000, 0x0000000782500000| Untracked 
|  38|0x0000000782600000, 0x0000000782600000, 0x0000000782700000|  0%| F|  |TAMS 0x0000000782600000, 0x0000000782600000| Untracked 
|  39|0x0000000782700000, 0x0000000782700000, 0x0000000782800000|  0%| F|  |TAMS 0x0000000782700000, 0x0000000782700000| Untracked 
|  40|0x0000000782800000, 0x0000000782800000, 0x0000000782900000|  0%| F|  |TAMS 0x0000000782800000, 0x0000000782800000| Untracked 
|  41|0x0000000782900000, 0x0000000782900000, 0x0000000782a00000|  0%| F|  |TAMS 0x0000000782900000, 0x0000000782900000| Untracked 
|  42|0x0000000782a00000, 0x0000000782a00000, 0x0000000782b00000|  0%| F|  |TAMS 0x0000000782a00000, 0x0000000782a00000| Untracked 
|  43|0x0000000782b00000, 0x0000000782b00000, 0x0000000782c00000|  0%| F|  |TAMS 0x0000000782b00000, 0x0000000782b00000| Untracked 
|  44|0x0000000782c00000, 0x0000000782c00000, 0x0000000782d00000|  0%| F|  |TAMS 0x0000000782c00000, 0x0000000782c00000| Untracked 
|  45|0x0000000782d00000, 0x0000000782d00000, 0x0000000782e00000|  0%| F|  |TAMS 0x0000000782d00000, 0x0000000782d00000| Untracked 
|  46|0x0000000782e00000, 0x0000000782e00000, 0x0000000782f00000|  0%| F|  |TAMS 0x0000000782e00000, 0x0000000782e00000| Untracked 
|  47|0x0000000782f00000, 0x0000000782f00000, 0x0000000783000000|  0%| F|  |TAMS 0x0000000782f00000, 0x0000000782f00000| Untracked 
|  48|0x0000000783000000, 0x0000000783000000, 0x0000000783100000|  0%| F|  |TAMS 0x0000000783000000, 0x0000000783000000| Untracked 
|  49|0x0000000783100000, 0x0000000783100000, 0x0000000783200000|  0%| F|  |TAMS 0x0000000783100000, 0x0000000783100000| Untracked 
|  50|0x0000000783200000, 0x0000000783200000, 0x0000000783300000|  0%| F|  |TAMS 0x0000000783200000, 0x0000000783200000| Untracked 
|  51|0x0000000783300000, 0x0000000783300000, 0x0000000783400000|  0%| F|  |TAMS 0x0000000783300000, 0x0000000783300000| Untracked 
|  52|0x0000000783400000, 0x0000000783400000, 0x0000000783500000|  0%| F|  |TAMS 0x0000000783400000, 0x0000000783400000| Untracked 
|  53|0x0000000783500000, 0x0000000783500000, 0x0000000783600000|  0%| F|  |TAMS 0x0000000783500000, 0x0000000783500000| Untracked 
|  54|0x0000000783600000, 0x0000000783600000, 0x0000000783700000|  0%| F|  |TAMS 0x0000000783600000, 0x0000000783600000| Untracked 
|  55|0x0000000783700000, 0x0000000783700000, 0x0000000783800000|  0%| F|  |TAMS 0x0000000783700000, 0x0000000783700000| Untracked 
|  56|0x0000000783800000, 0x0000000783800000, 0x0000000783900000|  0%| F|  |TAMS 0x0000000783800000, 0x0000000783800000| Untracked 
|  57|0x0000000783900000, 0x0000000783900000, 0x0000000783a00000|  0%| F|  |TAMS 0x0000000783900000, 0x0000000783900000| Untracked 
|  58|0x0000000783a00000, 0x0000000783a00000, 0x0000000783b00000|  0%| F|  |TAMS 0x0000000783a00000, 0x0000000783a00000| Untracked 
|  59|0x0000000783b00000, 0x0000000783b00000, 0x0000000783c00000|  0%| F|  |TAMS 0x0000000783b00000, 0x0000000783b00000| Untracked 
|  60|0x0000000783c00000, 0x0000000783c00000, 0x0000000783d00000|  0%| F|  |TAMS 0x0000000783c00000, 0x0000000783c00000| Untracked 
|  61|0x0000000783d00000, 0x0000000783d00000, 0x0000000783e00000|  0%| F|  |TAMS 0x0000000783d00000, 0x0000000783d00000| Untracked 
|  62|0x0000000783e00000, 0x0000000783e00000, 0x0000000783f00000|  0%| F|  |TAMS 0x0000000783e00000, 0x0000000783e00000| Untracked 
|  63|0x0000000783f00000, 0x0000000783f00000, 0x0000000784000000|  0%| F|  |TAMS 0x0000000783f00000, 0x0000000783f00000| Untracked 
|  64|0x0000000784000000, 0x0000000784000000, 0x0000000784100000|  0%| F|  |TAMS 0x0000000784000000, 0x0000000784000000| Untracked 
|  65|0x0000000784100000, 0x0000000784100000, 0x0000000784200000|  0%| F|  |TAMS 0x0000000784100000, 0x0000000784100000| Untracked 
|  66|0x0000000784200000, 0x0000000784200000, 0x0000000784300000|  0%| F|  |TAMS 0x0000000784200000, 0x0000000784200000| Untracked 
|  67|0x0000000784300000, 0x0000000784300000, 0x0000000784400000|  0%| F|  |TAMS 0x0000000784300000, 0x0000000784300000| Untracked 
|  68|0x0000000784400000, 0x0000000784400000, 0x0000000784500000|  0%| F|  |TAMS 0x0000000784400000, 0x0000000784400000| Untracked 
|  69|0x0000000784500000, 0x0000000784500000, 0x0000000784600000|  0%| F|  |TAMS 0x0000000784500000, 0x0000000784500000| Untracked 
|  70|0x0000000784600000, 0x0000000784600000, 0x0000000784700000|  0%| F|  |TAMS 0x0000000784600000, 0x0000000784600000| Untracked 
|  71|0x0000000784700000, 0x0000000784700000, 0x0000000784800000|  0%| F|  |TAMS 0x0000000784700000, 0x0000000784700000| Untracked 
|  72|0x0000000784800000, 0x0000000784800000, 0x0000000784900000|  0%| F|  |TAMS 0x0000000784800000, 0x0000000784800000| Untracked 
|  73|0x0000000784900000, 0x0000000784900000, 0x0000000784a00000|  0%| F|  |TAMS 0x0000000784900000, 0x0000000784900000| Untracked 
|  74|0x0000000784a00000, 0x0000000784a00000, 0x0000000784b00000|  0%| F|  |TAMS 0x0000000784a00000, 0x0000000784a00000| Untracked 
|  75|0x0000000784b00000, 0x0000000784b00000, 0x0000000784c00000|  0%| F|  |TAMS 0x0000000784b00000, 0x0000000784b00000| Untracked 
|  76|0x0000000784c00000, 0x0000000784c00000, 0x0000000784d00000|  0%| F|  |TAMS 0x0000000784c00000, 0x0000000784c00000| Untracked 
|  77|0x0000000784d00000, 0x0000000784d00000, 0x0000000784e00000|  0%| F|  |TAMS 0x0000000784d00000, 0x0000000784d00000| Untracked 
|  78|0x0000000784e00000, 0x0000000784e00000, 0x0000000784f00000|  0%| F|  |TAMS 0x0000000784e00000, 0x0000000784e00000| Untracked 
|  79|0x0000000784f00000, 0x0000000784f00000, 0x0000000785000000|  0%| F|  |TAMS 0x0000000784f00000, 0x0000000784f00000| Untracked 
|  80|0x0000000785000000, 0x0000000785000000, 0x0000000785100000|  0%| F|  |TAMS 0x0000000785000000, 0x0000000785000000| Untracked 
|  81|0x0000000785100000, 0x0000000785100000, 0x0000000785200000|  0%| F|  |TAMS 0x0000000785100000, 0x0000000785100000| Untracked 
|  82|0x0000000785200000, 0x0000000785200000, 0x0000000785300000|  0%| F|  |TAMS 0x0000000785200000, 0x0000000785200000| Untracked 
|  83|0x0000000785300000, 0x0000000785300000, 0x0000000785400000|  0%| F|  |TAMS 0x0000000785300000, 0x0000000785300000| Untracked 
|  84|0x0000000785400000, 0x0000000785400000, 0x0000000785500000|  0%| F|  |TAMS 0x0000000785400000, 0x0000000785400000| Untracked 
|  85|0x0000000785500000, 0x0000000785500000, 0x0000000785600000|  0%| F|  |TAMS 0x0000000785500000, 0x0000000785500000| Untracked 
|  86|0x0000000785600000, 0x0000000785600000, 0x0000000785700000|  0%| F|  |TAMS 0x0000000785600000, 0x0000000785600000| Untracked 
|  87|0x0000000785700000, 0x0000000785700000, 0x0000000785800000|  0%| F|  |TAMS 0x0000000785700000, 0x0000000785700000| Untracked 
|  88|0x0000000785800000, 0x0000000785800000, 0x0000000785900000|  0%| F|  |TAMS 0x0000000785800000, 0x0000000785800000| Untracked 
|  89|0x0000000785900000, 0x0000000785900000, 0x0000000785a00000|  0%| F|  |TAMS 0x0000000785900000, 0x0000000785900000| Untracked 
|  90|0x0000000785a00000, 0x0000000785a00000, 0x0000000785b00000|  0%| F|  |TAMS 0x0000000785a00000, 0x0000000785a00000| Untracked 
|  91|0x0000000785b00000, 0x0000000785b00000, 0x0000000785c00000|  0%| F|  |TAMS 0x0000000785b00000, 0x0000000785b00000| Untracked 
|  92|0x0000000785c00000, 0x0000000785c00000, 0x0000000785d00000|  0%| F|  |TAMS 0x0000000785c00000, 0x0000000785c00000| Untracked 
|  93|0x0000000785d00000, 0x0000000785d00000, 0x0000000785e00000|  0%| F|  |TAMS 0x0000000785d00000, 0x0000000785d00000| Untracked 
|  94|0x0000000785e00000, 0x0000000785e00000, 0x0000000785f00000|  0%| F|  |TAMS 0x0000000785e00000, 0x0000000785e00000| Untracked 
|  95|0x0000000785f00000, 0x0000000785f00000, 0x0000000786000000|  0%| F|  |TAMS 0x0000000785f00000, 0x0000000785f00000| Untracked 
|  96|0x0000000786000000, 0x0000000786000000, 0x0000000786100000|  0%| F|  |TAMS 0x0000000786000000, 0x0000000786000000| Untracked 
|  97|0x0000000786100000, 0x0000000786100000, 0x0000000786200000|  0%| F|  |TAMS 0x0000000786100000, 0x0000000786100000| Untracked 
|  98|0x0000000786200000, 0x0000000786200000, 0x0000000786300000|  0%| F|  |TAMS 0x0000000786200000, 0x0000000786200000| Untracked 
|  99|0x0000000786300000, 0x0000000786300000, 0x0000000786400000|  0%| F|  |TAMS 0x0000000786300000, 0x0000000786300000| Untracked 
| 100|0x0000000786400000, 0x0000000786400000, 0x0000000786500000|  0%| F|  |TAMS 0x0000000786400000, 0x0000000786400000| Untracked 
| 101|0x0000000786500000, 0x0000000786500000, 0x0000000786600000|  0%| F|  |TAMS 0x0000000786500000, 0x0000000786500000| Untracked 
| 102|0x0000000786600000, 0x0000000786600000, 0x0000000786700000|  0%| F|  |TAMS 0x0000000786600000, 0x0000000786600000| Untracked 
| 103|0x0000000786700000, 0x0000000786700000, 0x0000000786800000|  0%| F|  |TAMS 0x0000000786700000, 0x0000000786700000| Untracked 
| 104|0x0000000786800000, 0x0000000786800000, 0x0000000786900000|  0%| F|  |TAMS 0x0000000786800000, 0x0000000786800000| Untracked 
| 105|0x0000000786900000, 0x0000000786900000, 0x0000000786a00000|  0%| F|  |TAMS 0x0000000786900000, 0x0000000786900000| Untracked 
| 106|0x0000000786a00000, 0x0000000786a00000, 0x0000000786b00000|  0%| F|  |TAMS 0x0000000786a00000, 0x0000000786a00000| Untracked 
| 107|0x0000000786b00000, 0x0000000786b00000, 0x0000000786c00000|  0%| F|  |TAMS 0x0000000786b00000, 0x0000000786b00000| Untracked 
| 108|0x0000000786c00000, 0x0000000786c00000, 0x0000000786d00000|  0%| F|  |TAMS 0x0000000786c00000, 0x0000000786c00000| Untracked 
| 109|0x0000000786d00000, 0x0000000786d00000, 0x0000000786e00000|  0%| F|  |TAMS 0x0000000786d00000, 0x0000000786d00000| Untracked 
| 110|0x0000000786e00000, 0x0000000786e00000, 0x0000000786f00000|  0%| F|  |TAMS 0x0000000786e00000, 0x0000000786e00000| Untracked 
| 111|0x0000000786f00000, 0x0000000786f00000, 0x0000000787000000|  0%| F|  |TAMS 0x0000000786f00000, 0x0000000786f00000| Untracked 
| 112|0x0000000787000000, 0x0000000787000000, 0x0000000787100000|  0%| F|  |TAMS 0x0000000787000000, 0x0000000787000000| Untracked 
| 113|0x0000000787100000, 0x0000000787100000, 0x0000000787200000|  0%| F|  |TAMS 0x0000000787100000, 0x0000000787100000| Untracked 
| 114|0x0000000787200000, 0x0000000787200000, 0x0000000787300000|  0%| F|  |TAMS 0x0000000787200000, 0x0000000787200000| Untracked 
| 115|0x0000000787300000, 0x0000000787300000, 0x0000000787400000|  0%| F|  |TAMS 0x0000000787300000, 0x0000000787300000| Untracked 
| 116|0x0000000787400000, 0x0000000787400000, 0x0000000787500000|  0%| F|  |TAMS 0x0000000787400000, 0x0000000787400000| Untracked 
| 117|0x0000000787500000, 0x0000000787500000, 0x0000000787600000|  0%| F|  |TAMS 0x0000000787500000, 0x0000000787500000| Untracked 
| 118|0x0000000787600000, 0x0000000787600000, 0x0000000787700000|  0%| F|  |TAMS 0x0000000787600000, 0x0000000787600000| Untracked 
| 119|0x0000000787700000, 0x0000000787700000, 0x0000000787800000|  0%| F|  |TAMS 0x0000000787700000, 0x0000000787700000| Untracked 
| 120|0x0000000787800000, 0x0000000787800000, 0x0000000787900000|  0%| F|  |TAMS 0x0000000787800000, 0x0000000787800000| Untracked 
| 121|0x0000000787900000, 0x0000000787900000, 0x0000000787a00000|  0%| F|  |TAMS 0x0000000787900000, 0x0000000787900000| Untracked 
| 122|0x0000000787a00000, 0x0000000787a00000, 0x0000000787b00000|  0%| F|  |TAMS 0x0000000787a00000, 0x0000000787a00000| Untracked 
| 123|0x0000000787b00000, 0x0000000787b00000, 0x0000000787c00000|  0%| F|  |TAMS 0x0000000787b00000, 0x0000000787b00000| Untracked 
| 124|0x0000000787c00000, 0x0000000787c00000, 0x0000000787d00000|  0%| F|  |TAMS 0x0000000787c00000, 0x0000000787c00000| Untracked 
| 125|0x0000000787d00000, 0x0000000787d48340, 0x0000000787e00000| 28%| E|  |TAMS 0x0000000787d00000, 0x0000000787d00000| Complete 
| 126|0x0000000787e00000, 0x0000000787f00000, 0x0000000787f00000|100%| E|CS|TAMS 0x0000000787e00000, 0x0000000787e00000| Complete 
| 127|0x0000000787f00000, 0x0000000788000000, 0x0000000788000000|100%| E|CS|TAMS 0x0000000787f00000, 0x0000000787f00000| Complete 

Card table byte_map: [0x0000000107d66000,0x0000000108166000] _byte_map_base: 0x0000000104166000

Marking Bits (Prev, Next): (CMBitMap*) 0x00007f8cfe819418, (CMBitMap*) 0x00007f8cfe819450
 Prev Bits: [0x0000000121aca000, 0x0000000123aca000)
 Next Bits: [0x0000000123aca000, 0x0000000125aca000)

Polling page: 0x000000010765d000

Metaspace:

Usage:
  Non-class:      5.16 MB capacity,     5.04 MB ( 98%) used,   117.90 KB (  2%) free+waste,     1.81 KB ( <1%) overhead. 
      Class:    498.00 KB capacity,   470.07 KB ( 94%) used,    27.05 KB (  5%) free+waste,   896 bytes ( <1%) overhead. 
       Both:      5.64 MB capacity,     5.50 MB ( 97%) used,   144.95 KB (  3%) free+waste,     2.69 KB ( <1%) overhead. 

Virtual space:
  Non-class space:        8.00 MB reserved,       5.25 MB ( 66%) committed 
      Class space:        1.00 GB reserved,     512.00 KB ( <1%) committed 
             Both:        1.01 GB reserved,       5.75 MB ( <1%) committed 

Chunk freelists:
   Non-Class:  10.00 KB
       Class:  14.00 KB
        Both:  24.00 KB

MaxMetaspaceSize: unlimited
CompressedClassSpaceSize: 1.00 GB
Initial GC threshold: 20.80 MB
Current GC threshold: 20.80 MB
CDS: off

CodeHeap 'non-profiled nmethods': size=120032Kb used=43Kb max_used=43Kb free=119988Kb
 bounds [0x000000011a592000, 0x000000011a802000, 0x0000000121aca000]
CodeHeap 'profiled nmethods': size=120032Kb used=208Kb max_used=208Kb free=119823Kb
 bounds [0x000000011305a000, 0x00000001132ca000, 0x000000011a592000]
CodeHeap 'non-nmethods': size=5696Kb used=1147Kb max_used=1154Kb free=4548Kb
 bounds [0x0000000112aca000, 0x0000000112d3a000, 0x000000011305a000]
 total_blobs=497 nmethods=172 adapters=247
 compilation: enabled
              stopped_count=0, restarted_count=0
 full_count=0

Compilation events (20 events):
Event: 1.234 Thread 0x00007f8cfd892800  161       1       java.lang.String::value (5 bytes)
Event: 1.234 Thread 0x00007f8cfd892800 nmethod 161 0x000000011a59c090 code [0x000000011a59c240, 0x000000011a59c2f0]
Event: 1.234 Thread 0x00007f8cfd892800  163       3       java.lang.String::checkIndex (46 bytes)
Event: 1.235 Thread 0x00007f8cfd892800 nmethod 163 0x000000011308b110 code [0x000000011308b3a0, 0x000000011308bd50]
Event: 1.236 Thread 0x00007f8cfd892800  164       3       java.lang.Class::getName (18 bytes)
Event: 1.236 Thread 0x00007f8cfd892800 nmethod 164 0x000000011308c110 code [0x000000011308c2c0, 0x000000011308c440]
Event: 1.236 Thread 0x00007f8cfd892800  165       1       java.net.URL::getFile (5 bytes)
Event: 1.236 Thread 0x00007f8cfd892800 nmethod 165 0x000000011a59c390 code [0x000000011a59c540, 0x000000011a59c5f0]
Event: 1.236 Thread 0x00007f8cfd892800  166       3       java.lang.ref.Reference::<init> (25 bytes)
Event: 1.237 Thread 0x00007f8cfd892800 nmethod 166 0x000000011308c510 code [0x000000011308c6e0, 0x000000011308c950]
Event: 1.237 Thread 0x00007f8cfd892800  168       3       java.lang.AbstractStringBuilder::<init> (39 bytes)
Event: 1.237 Thread 0x00007f8cfd892800 nmethod 168 0x000000011308ca10 code [0x000000011308cbc0, 0x000000011308ce50]
Event: 1.237 Thread 0x00007f8cfd892800  169       3       java.lang.StringBuilder::toString (35 bytes)
Event: 1.238 Thread 0x00007f8cfd892800 nmethod 169 0x000000011308cf10 code [0x000000011308d100, 0x000000011308d5b0]
Event: 1.238 Thread 0x00007f8cfd892800  167       3       java.lang.StringBuilder::<init> (7 bytes)
Event: 1.238 Thread 0x00007f8cfd892800 nmethod 167 0x000000011308d790 code [0x000000011308d940, 0x000000011308da80]
Event: 1.239 Thread 0x00007f8cfd892800  170       1       java.security.ProtectionDomain::getCodeSource (5 bytes)
Event: 1.239 Thread 0x00007f8cfd892800 nmethod 170 0x000000011a59c690 code [0x000000011a59c840, 0x000000011a59c8f0]
Event: 1.240 Thread 0x00007f8cfd892800  171       3       java.lang.CharacterDataLatin1::toUpperCase (53 bytes)
Event: 1.240 Thread 0x00007f8cfd892800 nmethod 171 0x000000011308db10 code [0x000000011308dce0, 0x000000011308df70]

GC Heap History (0 events):
No events

Deoptimization events (4 events):
Event: 0.370 Thread 0x00007f8cff00a000 Uncommon trap: trap_request=0xffffff4d fr.pc=0x000000011a596adc relative=0x000000000000021c
Event: 0.370 Thread 0x00007f8cff00a000 Uncommon trap: reason=unstable_if action=reinterpret pc=0x000000011a596adc method=java.lang.String.hashCode()I @ 14 c2
Event: 0.370 Thread 0x00007f8cff00a000 DEOPT PACKING pc=0x000000011a596adc sp=0x00007ff7b89dd5d0
Event: 0.370 Thread 0x00007f8cff00a000 DEOPT UNPACKING pc=0x0000000112b13ea5 sp=0x00007ff7b89dd598 mode 2

Classes redefined (0 events):
No events

Internal exceptions (0 events):
No events

Events (20 events):
Event: 1.235 loading class edu/wpi/first/hal/can/CANNotInitializedException
Event: 1.235 loading class edu/wpi/first/hal/can/CANNotInitializedException done
Event: 1.236 loading class edu/wpi/first/hal/util/UncleanStatusException
Event: 1.236 loading class edu/wpi/first/hal/util/UncleanStatusException done
Event: 1.237 loading class edu/wpi/first/hal/simulation/NotifyCallback
Event: 1.237 loading class edu/wpi/first/hal/simulation/NotifyCallback done
Event: 1.238 loading class edu/wpi/first/hal/simulation/BufferCallback
Event: 1.238 loading class edu/wpi/first/hal/simulation/BufferCallback done
Event: 1.238 loading class edu/wpi/first/hal/simulation/ConstBufferCallback
Event: 1.238 loading class edu/wpi/first/hal/simulation/ConstBufferCallback done
Event: 1.239 loading class edu/wpi/first/hal/simulation/SpiReadAutoReceiveBufferCallback
Event: 1.239 loading class edu/wpi/first/hal/simulation/SpiReadAutoReceiveBufferCallback done
Event: 1.239 loading class edu/wpi/first/hal/simulation/SimDeviceDataJNI$SimDeviceInfo
Event: 1.239 loading class edu/wpi/first/hal/simulation/SimDeviceDataJNI$SimDeviceInfo done
Event: 1.240 loading class edu/wpi/first/hal/simulation/SimDeviceDataJNI$SimValueInfo
Event: 1.240 loading class edu/wpi/first/hal/simulation/SimDeviceDataJNI$SimValueInfo done
Event: 1.241 loading class edu/wpi/first/hal/simulation/SimDeviceCallback
Event: 1.241 loading class edu/wpi/first/hal/simulation/SimDeviceCallback done
Event: 1.241 loading class edu/wpi/first/hal/simulation/SimValueCallback
Event: 1.241 loading class edu/wpi/first/hal/simulation/SimValueCallback done


Dynamic libraries:
0x000000010763f000 	/Users/yanglimin/wpilib/2022/jdk/lib/jli/libjli.dylib
0x00007ff82a703000 	/System/Library/Frameworks/Cocoa.framework/Versions/A/Cocoa
0x00007ff816357000 	/System/Library/Frameworks/AppKit.framework/Versions/C/AppKit
0x00007ff81986e000 	/System/Library/Frameworks/CoreData.framework/Versions/A/CoreData
0x00007ff81475a000 	/System/Library/Frameworks/Foundation.framework/Versions/C/Foundation
0x00007ff81e691000 	/usr/lib/libSystem.B.dylib
0x00007ff8171e7000 	/System/Library/PrivateFrameworks/UIFoundation.framework/Versions/A/UIFoundation
0x00007ff824604000 	/System/Library/PrivateFrameworks/RemoteViewServices.framework/Versions/A/RemoteViewServices
0x00007ff81c8e5000 	/System/Library/PrivateFrameworks/XCTTargetBootstrap.framework/Versions/A/XCTTargetBootstrap
0x00007ff82049a000 	/System/Library/PrivateFrameworks/InternationalSupport.framework/Versions/A/InternationalSupport
0x00007ff820524000 	/System/Library/PrivateFrameworks/UserActivity.framework/Versions/A/UserActivity
0x00007ff81f878000 	/usr/lib/libspindump.dylib
0x00007ff817476000 	/System/Library/Frameworks/UniformTypeIdentifiers.framework/Versions/A/UniformTypeIdentifiers
0x00007ff81b009000 	/usr/lib/libapp_launch_measurement.dylib
0x00007ff81a240000 	/System/Library/PrivateFrameworks/CoreAnalytics.framework/Versions/A/CoreAnalytics
0x00007ff81b00c000 	/System/Library/PrivateFrameworks/CoreAutoLayout.framework/Versions/A/CoreAutoLayout
0x00007ff81c23c000 	/System/Library/Frameworks/Metal.framework/Versions/A/Metal
0x00007ff81cf6b000 	/usr/lib/liblangid.dylib
0x00007ff81c8ea000 	/System/Library/PrivateFrameworks/CoreSVG.framework/Versions/A/CoreSVG
0x00007ff818862000 	/System/Library/PrivateFrameworks/SkyLight.framework/Versions/A/SkyLight
0x00007ff818c01000 	/System/Library/Frameworks/CoreGraphics.framework/Versions/A/CoreGraphics
0x00007ff824cc4000 	/System/Library/Frameworks/Accelerate.framework/Versions/A/Accelerate
0x00007ff81f2f7000 	/System/Library/PrivateFrameworks/IconServices.framework/Versions/A/IconServices
0x00007ff81c221000 	/System/Library/Frameworks/IOSurface.framework/Versions/A/IOSurface
0x00007ff81a26e000 	/usr/lib/libDiagnosticMessagesClient.dylib
0x00007ff81e5b1000 	/usr/lib/libz.1.dylib
0x00007ff8283a7000 	/System/Library/Frameworks/ApplicationServices.framework/Versions/A/ApplicationServices
0x00007ff81c8d1000 	/System/Library/PrivateFrameworks/DFRFoundation.framework/Versions/A/DFRFoundation
0x00007ff815c3f000 	/usr/lib/libicucore.A.dylib
0x00007ff821290000 	/System/Library/Frameworks/AudioToolbox.framework/Versions/A/AudioToolbox
0x00007ff8204a6000 	/System/Library/PrivateFrameworks/DataDetectorsCore.framework/Versions/A/DataDetectorsCore
0x00007ff91c9a1000 	/System/Library/PrivateFrameworks/TextInput.framework/Versions/A/TextInput
0x00007ff8187e5000 	/usr/lib/libMobileGestalt.dylib
0x00007ff81c5dd000 	/System/Library/Frameworks/Carbon.framework/Versions/A/Frameworks/HIToolbox.framework/Versions/A/HIToolbox
0x00007ff81aa0b000 	/System/Library/Frameworks/QuartzCore.framework/Versions/A/QuartzCore
0x00007ff8158e4000 	/System/Library/Frameworks/Security.framework/Versions/A/Security
0x00007ff82463c000 	/System/Library/Frameworks/Carbon.framework/Versions/A/Frameworks/SpeechRecognition.framework/Versions/A/SpeechRecognition
0x00007ff81ad69000 	/System/Library/PrivateFrameworks/CoreUI.framework/Versions/A/CoreUI
0x00007ff8151ae000 	/System/Library/Frameworks/CoreAudio.framework/Versions/A/CoreAudio
0x00007ff81a35d000 	/System/Library/Frameworks/DiskArbitration.framework/Versions/A/DiskArbitration
0x00007ff81fc66000 	/System/Library/PrivateFrameworks/MultitouchSupport.framework/Versions/A/MultitouchSupport
0x00007ff8187e4000 	/usr/lib/libenergytrace.dylib
0x00007ff816243000 	/System/Library/Frameworks/IOKit.framework/Versions/A/IOKit
0x00007ff824a2c000 	/System/Library/Frameworks/CoreServices.framework/Versions/A/CoreServices
0x00007ff81afa3000 	/System/Library/PrivateFrameworks/PerformanceAnalysis.framework/Versions/A/PerformanceAnalysis
0x00007ffa2c683000 	/System/Library/Frameworks/OpenGL.framework/Versions/A/OpenGL
0x00007ff81dbcd000 	/System/Library/PrivateFrameworks/MobileKeyBag.framework/Versions/A/MobileKeyBag
0x00007ff813724000 	/usr/lib/libobjc.A.dylib
0x00007ff8192cd000 	/System/Library/Frameworks/ColorSync.framework/Versions/A/ColorSync
0x00007ff8138de000 	/System/Library/Frameworks/CoreFoundation.framework/Versions/A/CoreFoundation
0x00007ff81cb61000 	/System/Library/Frameworks/CoreImage.framework/Versions/A/CoreImage
0x00007ff814fc2000 	/System/Library/Frameworks/CoreText.framework/Versions/A/CoreText
0x00007ff81c91a000 	/System/Library/Frameworks/ImageIO.framework/Versions/A/ImageIO
0x00007ff81e697000 	/System/Library/PrivateFrameworks/SoftLinking.framework/Versions/A/SoftLinking
0x00007ff81b054000 	/usr/lib/libxml2.2.dylib
0x00007ff8137ea000 	/usr/lib/libc++.1.dylib
0x00007ff81e91b000 	/usr/lib/libcompression.dylib
0x00007ff8203cd000 	/System/Library/PrivateFrameworks/TextureIO.framework/Versions/A/TextureIO
0x00007ff81f009000 	/usr/lib/libate.dylib
0x00007ff81e68c000 	/usr/lib/system/libcache.dylib
0x00007ff81e648000 	/usr/lib/system/libcommonCrypto.dylib
0x00007ff81e671000 	/usr/lib/system/libcompiler_rt.dylib
0x00007ff81e667000 	/usr/lib/system/libcopyfile.dylib
0x00007ff81361f000 	/usr/lib/system/libcorecrypto.dylib
0x00007ff8136dd000 	/usr/lib/system/libdispatch.dylib
0x00007ff81389d000 	/usr/lib/system/libdyld.dylib
0x00007ff81e683000 	/usr/lib/system/libkeymgr.dylib
0x00007ff81e626000 	/usr/lib/system/libmacho.dylib
0x00007ff81dca7000 	/usr/lib/system/libquarantine.dylib
0x00007ff81e681000 	/usr/lib/system/libremovefile.dylib
0x00007ff818832000 	/usr/lib/system/libsystem_asl.dylib
0x00007ff8135c8000 	/usr/lib/system/libsystem_blocks.dylib
0x00007ff813761000 	/usr/lib/system/libsystem_c.dylib
0x00007ff81e679000 	/usr/lib/system/libsystem_collections.dylib
0x00007ff81cf5b000 	/usr/lib/system/libsystem_configuration.dylib
0x00007ff81c204000 	/usr/lib/system/libsystem_containermanager.dylib
0x00007ff81e35e000 	/usr/lib/system/libsystem_coreservices.dylib
0x00007ff815ed3000 	/usr/lib/system/libsystem_darwin.dylib
0x00007ff81e684000 	/usr/lib/system/libsystem_dnssd.dylib
0x00007ff81375e000 	/usr/lib/system/libsystem_featureflags.dylib
0x00007ff8138b3000 	/usr/lib/system/libsystem_info.dylib
0x00007ff81e5c4000 	/usr/lib/system/libsystem_m.dylib
0x00007ff8136b1000 	/usr/lib/system/libsystem_malloc.dylib
0x00007ff8187cd000 	/usr/lib/system/libsystem_networkextension.dylib
0x00007ff8162f9000 	/usr/lib/system/libsystem_notify.dylib
0x00007ff824901000 	/usr/lib/system/libsystem_product_info_filter.dylib
0x00007ff81cf5f000 	/usr/lib/system/libsystem_sandbox.dylib
0x00007ff81e67e000 	/usr/lib/system/libsystem_secinit.dylib
0x00007ff813859000 	/usr/lib/system/libsystem_kernel.dylib
0x00007ff8138a9000 	/usr/lib/system/libsystem_platform.dylib
0x00007ff813891000 	/usr/lib/system/libsystem_pthread.dylib
0x00007ff81a080000 	/usr/lib/system/libsystem_symptoms.dylib
0x00007ff813606000 	/usr/lib/system/libsystem_trace.dylib
0x00007ff81e654000 	/usr/lib/system/libunwind.dylib
0x00007ff8135ca000 	/usr/lib/system/libxpc.dylib
0x00007ff813843000 	/usr/lib/libc++abi.dylib
0x00007ff81e65f000 	/usr/lib/liboah.dylib
0x00007ff81ede5000 	/usr/lib/liblzma.5.dylib
0x00007ff81446c000 	/System/Library/Frameworks/SystemConfiguration.framework/Versions/A/SystemConfiguration
0x00007ff81e693000 	/usr/lib/libfakelink.dylib
0x00007ff81833d000 	/System/Library/Frameworks/CFNetwork.framework/Versions/A/CFNetwork
0x00007ff81e7d4000 	/usr/lib/libarchive.2.dylib
0x00007ff81cf67000 	/System/Library/PrivateFrameworks/AppleSystemInfo.framework/Versions/A/AppleSystemInfo
0x00007ff81dcce000 	/usr/lib/libbsm.0.dylib
0x00007ff81794c000 	/usr/lib/libnetwork.dylib
0x00007ff81e62c000 	/usr/lib/system/libkxld.dylib
0x00007ff81d901000 	/System/Library/PrivateFrameworks/IOMobileFramebuffer.framework/Versions/A/IOMobileFramebuffer
0x00007ffb2c052000 	/usr/lib/libCoreEntitlements.dylib
0x00007ff81e340000 	/System/Library/PrivateFrameworks/AppleFSCompression.framework/Versions/A/AppleFSCompression
0x00007ff81dcb6000 	/usr/lib/libcoretls.dylib
0x00007ff81edff000 	/usr/lib/libcoretls_cfhelpers.dylib
0x00007ff81e916000 	/usr/lib/libpam.2.dylib
0x00007ff819c9f000 	/usr/lib/libsqlite3.dylib
0x00007ff81ee6e000 	/usr/lib/libxar.1.dylib
0x00007ff81e350000 	/usr/lib/libbz2.1.0.dylib
0x00007ff81e698000 	/usr/lib/libpcap.A.dylib
0x00007ff81a078000 	/usr/lib/libdns_services.dylib
0x00007ff81e8e6000 	/usr/lib/libapple_nghttp2.dylib
0x00007ff81e6d2000 	/usr/lib/libiconv.2.dylib
0x00007ff81e625000 	/usr/lib/libcharset.1.dylib
0x00007ff81afd7000 	/System/Library/Frameworks/CoreServices.framework/Versions/A/Frameworks/FSEvents.framework/Versions/A/FSEvents
0x00007ff815edd000 	/System/Library/Frameworks/CoreServices.framework/Versions/A/Frameworks/CarbonCore.framework/Versions/A/CarbonCore
0x00007ff81a2c1000 	/System/Library/Frameworks/CoreServices.framework/Versions/A/Frameworks/Metadata.framework/Versions/A/Metadata
0x00007ff81e363000 	/System/Library/Frameworks/CoreServices.framework/Versions/A/Frameworks/OSServices.framework/Versions/A/OSServices
0x00007ff81e85b000 	/System/Library/Frameworks/CoreServices.framework/Versions/A/Frameworks/SearchKit.framework/Versions/A/SearchKit
0x00007ff81a00a000 	/System/Library/Frameworks/CoreServices.framework/Versions/A/Frameworks/AE.framework/Versions/A/AE
0x00007ff813de1000 	/System/Library/Frameworks/CoreServices.framework/Versions/A/Frameworks/LaunchServices.framework/Versions/A/LaunchServices
0x00007ff81ed96000 	/System/Library/Frameworks/CoreServices.framework/Versions/A/Frameworks/DictionaryServices.framework/Versions/A/DictionaryServices
0x00007ff81afe4000 	/System/Library/Frameworks/CoreServices.framework/Versions/A/Frameworks/SharedFileList.framework/Versions/A/SharedFileList
0x00007ff81dcaa000 	/usr/lib/libCheckFix.dylib
0x00007ff818849000 	/System/Library/PrivateFrameworks/TCC.framework/Versions/A/TCC
0x00007ff81cf6d000 	/System/Library/PrivateFrameworks/CoreNLP.framework/Versions/A/CoreNLP
0x00007ff81a271000 	/System/Library/PrivateFrameworks/MetadataUtilities.framework/Versions/A/MetadataUtilities
0x00007ff81451d000 	/usr/lib/libmecabra.dylib
0x00007ff81dcde000 	/usr/lib/libmecab.dylib
0x00007ff8144e8000 	/usr/lib/libCRFSuite.dylib
0x00007ff81dd38000 	/usr/lib/libgermantok.dylib
0x00007ff81e8c1000 	/usr/lib/libThaiTokenizer.dylib
0x00007ff81a364000 	/System/Library/Frameworks/Accelerate.framework/Versions/A/Frameworks/vImage.framework/Versions/A/vImage
0x00007ff824a03000 	/System/Library/Frameworks/Accelerate.framework/Versions/A/Frameworks/vecLib.framework/Versions/A/vecLib
0x00007ff81eeaf000 	/System/Library/Frameworks/Accelerate.framework/Versions/A/Frameworks/vecLib.framework/Versions/A/libvMisc.dylib
0x00007ff81d72c000 	/System/Library/Frameworks/Accelerate.framework/Versions/A/Frameworks/vecLib.framework/Versions/A/libvDSP.dylib
0x00007ff81415c000 	/System/Library/Frameworks/Accelerate.framework/Versions/A/Frameworks/vecLib.framework/Versions/A/libBLAS.dylib
0x00007ff81e9f8000 	/System/Library/Frameworks/Accelerate.framework/Versions/A/Frameworks/vecLib.framework/Versions/A/libLAPACK.dylib
0x00007ff81dd3b000 	/System/Library/Frameworks/Accelerate.framework/Versions/A/Frameworks/vecLib.framework/Versions/A/libLinearAlgebra.dylib
0x00007ff81e8fe000 	/System/Library/Frameworks/Accelerate.framework/Versions/A/Frameworks/vecLib.framework/Versions/A/libSparseBLAS.dylib
0x00007ff81e9f2000 	/System/Library/Frameworks/Accelerate.framework/Versions/A/Frameworks/vecLib.framework/Versions/A/libQuadrature.dylib
0x00007ff81d058000 	/System/Library/Frameworks/Accelerate.framework/Versions/A/Frameworks/vecLib.framework/Versions/A/libBNNS.dylib
0x00007ff8143f6000 	/System/Library/Frameworks/Accelerate.framework/Versions/A/Frameworks/vecLib.framework/Versions/A/libSparse.dylib
0x00007ff81d051000 	/System/Library/PrivateFrameworks/LinguisticData.framework/Versions/A/LinguisticData
0x00007ff8143ac000 	/System/Library/PrivateFrameworks/Lexicon.framework/Versions/A/Lexicon
0x00007ff81eea8000 	/usr/lib/libChineseTokenizer.dylib
0x00007ff814b17000 	/System/Library/PrivateFrameworks/LanguageModeling.framework/Versions/A/LanguageModeling
0x00007ff81e8c3000 	/System/Library/PrivateFrameworks/AppleSauce.framework/Versions/A/AppleSauce
0x00007ff81d8ef000 	/System/Library/PrivateFrameworks/CoreEmoji.framework/Versions/A/CoreEmoji
0x00007ff81e7c3000 	/usr/lib/libcmph.dylib
0x00007ff81afbb000 	/System/Library/Frameworks/OpenDirectory.framework/Versions/A/Frameworks/CFOpenDirectory.framework/Versions/A/CFOpenDirectory
0x00007ff81afaf000 	/System/Library/Frameworks/OpenDirectory.framework/Versions/A/OpenDirectory
0x00007ff81ee01000 	/System/Library/PrivateFrameworks/APFS.framework/Versions/A/APFS
0x00007ff81dc05000 	/System/Library/Frameworks/SecurityFoundation.framework/Versions/A/SecurityFoundation
0x00007ff81ee7c000 	/usr/lib/libutil.dylib
0x00007ff816207000 	/System/Library/PrivateFrameworks/CoreServicesStore.framework/Versions/A/CoreServicesStore
0x00007ff81ee80000 	/usr/lib/libxslt.1.dylib
0x00007ff81dc92000 	/System/Library/PrivateFrameworks/BackgroundTaskManagement.framework/Versions/A/BackgroundTaskManagement
0x00007ff8202ed000 	/System/Library/Frameworks/ImageIO.framework/Versions/A/Resources/libRadiance.dylib
0x00007ff8202f6000 	/System/Library/Frameworks/ImageIO.framework/Versions/A/Resources/libJPEG.dylib
0x00007ff820245000 	/System/Library/Frameworks/ImageIO.framework/Versions/A/Resources/libPng.dylib
0x00007ff820266000 	/System/Library/Frameworks/ImageIO.framework/Versions/A/Resources/libTIFF.dylib
0x00007ff820356000 	/System/Library/Frameworks/ImageIO.framework/Versions/A/Resources/libGIF.dylib
0x00007ff81fb80000 	/System/Library/Frameworks/ImageIO.framework/Versions/A/Resources/libJP2.dylib
0x00007ff81f2be000 	/usr/lib/libexpat.1.dylib
0x00007ff81fb35000 	/System/Library/PrivateFrameworks/AppleJPEG.framework/Versions/A/AppleJPEG
0x00007ff81c4a1000 	/System/Library/PrivateFrameworks/FontServices.framework/libFontParser.dylib
0x00007ff819fb4000 	/System/Library/PrivateFrameworks/RunningBoardServices.framework/Versions/A/RunningBoardServices
0x00007ff82acbe000 	/System/Library/PrivateFrameworks/IOSurfaceAccelerator.framework/Versions/A/IOSurfaceAccelerator
0x00007ff81fc62000 	/System/Library/PrivateFrameworks/WatchdogClient.framework/Versions/A/WatchdogClient
0x00007ff814c05000 	/System/Library/Frameworks/CoreDisplay.framework/Versions/A/CoreDisplay
0x00007ff81c39f000 	/System/Library/Frameworks/CoreMedia.framework/Versions/A/CoreMedia
0x00007ff81c233000 	/System/Library/PrivateFrameworks/IOAccelerator.framework/Versions/A/IOAccelerator
0x00007ff81b138000 	/System/Library/Frameworks/CoreVideo.framework/Versions/A/CoreVideo
0x00007ff81e914000 	/System/Library/Frameworks/MetalPerformanceShaders.framework/Versions/A/MetalPerformanceShaders
0x00007ff81fc9f000 	/System/Library/Frameworks/VideoToolbox.framework/Versions/A/VideoToolbox
0x00007ff819efe000 	/System/Library/PrivateFrameworks/BaseBoard.framework/Versions/A/BaseBoard
0x00007ff819c85000 	/System/Library/PrivateFrameworks/ProtocolBuffer.framework/Versions/A/ProtocolBuffer
0x00007ff8202e6000 	/System/Library/PrivateFrameworks/GPUWrangler.framework/Versions/A/GPUWrangler
0x00007ff8202ca000 	/System/Library/PrivateFrameworks/IOPresentment.framework/Versions/A/IOPresentment
0x00007ff8202f0000 	/System/Library/PrivateFrameworks/DSExternalDisplay.framework/Versions/A/DSExternalDisplay
0x00007ffa2c677000 	/System/Library/Frameworks/OpenGL.framework/Versions/A/Libraries/libCoreFSCache.dylib
0x00007ffb1974e000 	/System/Library/PrivateFrameworks/GPUCompiler.framework/Versions/31001/Libraries/libGPUCompilerUtils.dylib
0x00007ff82035b000 	/System/Library/PrivateFrameworks/CMCaptureCore.framework/Versions/A/CMCaptureCore
0x00007ff81f866000 	/System/Library/PrivateFrameworks/AppServerSupport.framework/Versions/A/AppServerSupport
0x00007ff821b29000 	/System/Library/PrivateFrameworks/perfdata.framework/Versions/A/perfdata
0x00007ff814d31000 	/System/Library/PrivateFrameworks/AudioToolboxCore.framework/Versions/A/AudioToolboxCore
0x00007ff81c37d000 	/System/Library/PrivateFrameworks/caulk.framework/Versions/A/caulk
0x00007ff82143b000 	/usr/lib/libAudioStatistics.dylib
0x00007ff91912f000 	/System/Library/PrivateFrameworks/SystemPolicy.framework/Versions/A/SystemPolicy
0x00007ff821696000 	/usr/lib/libSMC.dylib
0x00007ff82a5b6000 	/System/Library/Frameworks/CoreMIDI.framework/Versions/A/CoreMIDI
0x00007ff820214000 	/usr/lib/libAudioToolboxUtility.dylib
0x00007ff91535b000 	/System/Library/PrivateFrameworks/OSAServicesClient.framework/Versions/A/OSAServicesClient
0x00007ff821b36000 	/usr/lib/libperfcheck.dylib
0x00007ff919bdc000 	/usr/lib/libmis.dylib
0x00007ffa2c6d2000 	/System/Library/Frameworks/OpenGL.framework/Versions/A/Libraries/libGLU.dylib
0x00007ffa2c696000 	/System/Library/Frameworks/OpenGL.framework/Versions/A/Libraries/libGFXShared.dylib
0x00007ffa2c89f000 	/System/Library/Frameworks/OpenGL.framework/Versions/A/Libraries/libGL.dylib
0x00007ffa2c69f000 	/System/Library/Frameworks/OpenGL.framework/Versions/A/Libraries/libGLImage.dylib
0x00007ffa2c693000 	/System/Library/Frameworks/OpenGL.framework/Versions/A/Libraries/libCVMSPluginSupport.dylib
0x00007ffa2c67e000 	/System/Library/Frameworks/OpenGL.framework/Versions/A/Libraries/libCoreVMClient.dylib
0x00007ff81cee9000 	/System/Library/Frameworks/MetalPerformanceShaders.framework/Versions/A/Frameworks/MPSCore.framework/Versions/A/MPSCore
0x00007ff81e2ab000 	/System/Library/Frameworks/MetalPerformanceShaders.framework/Versions/A/Frameworks/MPSImage.framework/Versions/A/MPSImage
0x00007ff81dd51000 	/System/Library/Frameworks/MetalPerformanceShaders.framework/Versions/A/Frameworks/MPSNeuralNetwork.framework/Versions/A/MPSNeuralNetwork
0x00007ff81e1c5000 	/System/Library/Frameworks/MetalPerformanceShaders.framework/Versions/A/Frameworks/MPSMatrix.framework/Versions/A/MPSMatrix
0x00007ff81df80000 	/System/Library/Frameworks/MetalPerformanceShaders.framework/Versions/A/Frameworks/MPSRayIntersector.framework/Versions/A/MPSRayIntersector
0x00007ff81e1fd000 	/System/Library/Frameworks/MetalPerformanceShaders.framework/Versions/A/Frameworks/MPSNDArray.framework/Versions/A/MPSNDArray
0x00007ffa32157000 	/System/Library/Frameworks/MetalPerformanceShaders.framework/Versions/A/Frameworks/MPSFunctions.framework/Versions/A/MPSFunctions
0x00007ff814038000 	/System/Library/PrivateFrameworks/MetalTools.framework/Versions/A/MetalTools
0x00007ff81cf65000 	/System/Library/PrivateFrameworks/AggregateDictionary.framework/Versions/A/AggregateDictionary
0x00007ff81f0a0000 	/usr/lib/libIOReport.dylib
0x00007ffa2dcae000 	/System/Library/Frameworks/OpenCL.framework/Versions/A/OpenCL
0x00007ff81f404000 	/System/Library/PrivateFrameworks/FaceCore.framework/Versions/A/FaceCore
0x00007ff81f3f5000 	/System/Library/PrivateFrameworks/GraphVisualizer.framework/Versions/A/GraphVisualizer
0x00007ffb19659000 	/System/Library/PrivateFrameworks/FontServices.framework/Versions/A/FontServices
0x00007ff81f81e000 	/System/Library/PrivateFrameworks/OTSVG.framework/Versions/A/OTSVG
0x00007ff81ad1e000 	/System/Library/Frameworks/ApplicationServices.framework/Versions/A/Frameworks/ATS.framework/Versions/A/Resources/libFontRegistry.dylib
0x00007ff81f86e000 	/System/Library/PrivateFrameworks/FontServices.framework/libhvf.dylib
0x00007ffb1965a000 	/System/Library/PrivateFrameworks/FontServices.framework/libXTFontStaticRegistryData.dylib
0x00007ff81f26e000 	/System/Library/PrivateFrameworks/AppleVA.framework/Versions/A/AppleVA
0x00007ff82145b000 	/System/Library/Frameworks/ApplicationServices.framework/Versions/A/Frameworks/ATS.framework/Versions/A/ATS
0x00007ff8193cb000 	/System/Library/Frameworks/ApplicationServices.framework/Versions/A/Frameworks/HIServices.framework/Versions/A/HIServices
0x00007ff820365000 	/System/Library/Frameworks/ApplicationServices.framework/Versions/A/Frameworks/PrintCore.framework/Versions/A/PrintCore
0x00007ff8217e9000 	/System/Library/Frameworks/ApplicationServices.framework/Versions/A/Frameworks/QD.framework/Versions/A/QD
0x00007ff8217e1000 	/System/Library/Frameworks/ApplicationServices.framework/Versions/A/Frameworks/ColorSyncLegacy.framework/Versions/A/ColorSyncLegacy
0x00007ff82144b000 	/System/Library/Frameworks/ApplicationServices.framework/Versions/A/Frameworks/SpeechSynthesis.framework/Versions/A/SpeechSynthesis
0x00007ff820326000 	/System/Library/Frameworks/ApplicationServices.framework/Versions/A/Frameworks/ATSUI.framework/Versions/A/ATSUI
0x00007ff821776000 	/usr/lib/libcups.2.dylib
0x00007ff821b45000 	/System/Library/Frameworks/Kerberos.framework/Versions/A/Kerberos
0x00007ff821b54000 	/System/Library/Frameworks/GSS.framework/Versions/A/GSS
0x00007ff8214c7000 	/usr/lib/libresolv.9.dylib
0x00007ff81f87d000 	/System/Library/PrivateFrameworks/Heimdal.framework/Versions/A/Heimdal
0x00007ff828739000 	/System/Library/Frameworks/Kerberos.framework/Versions/A/Libraries/libHeimdalProxy.dylib
0x00007ff81a088000 	/System/Library/Frameworks/Network.framework/Versions/A/Network
0x00007ff81f2d8000 	/usr/lib/libheimdal-asn1.dylib
0x00007ff821b9f000 	/System/Library/PrivateFrameworks/CommonAuth.framework/Versions/A/CommonAuth
0x00007ff8213cd000 	/System/Library/PrivateFrameworks/AudioSession.framework/Versions/A/AudioSession
0x00007ff81f368000 	/System/Library/PrivateFrameworks/MediaExperience.framework/Versions/A/MediaExperience
0x00007ff82125f000 	/System/Library/PrivateFrameworks/AudioSession.framework/libSessionUtility.dylib
0x00007ff8217f5000 	/System/Library/PrivateFrameworks/AudioResourceArbitration.framework/Versions/A/AudioResourceArbitration
0x00007ff825876000 	/System/Library/PrivateFrameworks/PowerLog.framework/Versions/A/PowerLog
0x00007ff81f2e1000 	/System/Library/PrivateFrameworks/IconFoundation.framework/Versions/A/IconFoundation
0x00007ff82462c000 	/System/Library/PrivateFrameworks/SpeechRecognitionCore.framework/Versions/A/SpeechRecognitionCore
0x0000000108404000 	/Users/yanglimin/wpilib/2022/jdk/lib/server/libjvm.dylib
0x000000010766e000 	/Users/yanglimin/wpilib/2022/jdk/lib/libverify.dylib
0x00000001076ab000 	/Users/yanglimin/wpilib/2022/jdk/lib/libjava.dylib
0x000000010767f000 	/Users/yanglimin/wpilib/2022/jdk/lib/libjimage.dylib
0x0000000107713000 	/Users/yanglimin/wpilib/2022/jdk/lib/libjdwp.dylib
0x0000000107697000 	/Users/yanglimin/wpilib/2022/jdk/lib/libzip.dylib
0x00000001076ed000 	/Users/yanglimin/wpilib/2022/jdk/lib/libdt_socket.dylib
0x00000001081ab000 	/Users/yanglimin/wpilib/2022/jdk/lib/libnio.dylib
0x00000001081be000 	/Users/yanglimin/wpilib/2022/jdk/lib/libnet.dylib
0x0000000108262000 	/Users/yanglimin/Desktop/编程/Simulator/Simulator/sim1/build/jni/release/libwpiHaljni.dylib
0x0000000112505000 	/Users/yanglimin/Desktop/编程/Simulator/Simulator/sim1/build/jni/release/libwpiHal.dylib
0x00000001297c8000 	/Users/yanglimin/Desktop/编程/Simulator/Simulator/sim1/build/jni/release/libwpiutil.dylib
0x00007ff918f47000 	/System/Library/Frameworks/AVFoundation.framework/Versions/A/AVFoundation
0x00007ffa30d6e000 	/System/Library/Frameworks/AVFAudio.framework/Versions/A/AVFAudio
0x00007ff82649a000 	/System/Library/PrivateFrameworks/AVFCore.framework/Versions/A/AVFCore
0x00007ff82d715000 	/System/Library/PrivateFrameworks/AVFCapture.framework/Versions/A/AVFCapture
0x00007ff822844000 	/System/Library/Frameworks/IOBluetooth.framework/Versions/A/IOBluetooth
0x00007ff8257cf000 	/System/Library/Frameworks/CoreBluetooth.framework/Versions/A/CoreBluetooth
0x00007ff8287be000 	/System/Library/Frameworks/AudioUnit.framework/Versions/A/AudioUnit
0x00007ff81d9e5000 	/System/Library/PrivateFrameworks/CoreUtils.framework/Versions/A/CoreUtils
0x00007ffb188bc000 	/System/Library/PrivateFrameworks/CoreUtilsExtras.framework/Versions/A/CoreUtilsExtras
0x00007ff917bba000 	/System/Library/PrivateFrameworks/AirPlaySync.framework/Versions/A/AirPlaySync
0x00007ff82058f000 	/System/Library/Frameworks/MediaToolbox.framework/Versions/A/MediaToolbox
0x00007ff825e37000 	/System/Library/PrivateFrameworks/CoreAVCHD.framework/Versions/A/CoreAVCHD
0x00007ff824d0c000 	/System/Library/Frameworks/MediaAccessibility.framework/Versions/A/MediaAccessibility
0x00007ff825e33000 	/System/Library/PrivateFrameworks/Mangrove.framework/Versions/A/Mangrove
0x00007ff81dbf4000 	/System/Library/PrivateFrameworks/AssertionServices.framework/Versions/A/AssertionServices
0x00007ff824d17000 	/System/Library/PrivateFrameworks/AlgosScoreFramework.framework/Versions/A/AlgosScoreFramework
0x00007ffb15bb0000 	/System/Library/PrivateFrameworks/CMPhoto.framework/Versions/A/CMPhoto
0x00007ff82698b000 	/System/Library/PrivateFrameworks/AppleVPA.framework/Versions/A/AppleVPA
0x00007ff825a78000 	/System/Library/PrivateFrameworks/CoreAUC.framework/Versions/A/CoreAUC
0x00007ffb15b99000 	/System/Library/PrivateFrameworks/CMImaging.framework/Versions/A/CMImaging
0x00007ff82d867000 	/System/Library/PrivateFrameworks/Quagga.framework/Versions/A/Quagga
0x00007ff9135c8000 	/System/Library/PrivateFrameworks/CMCapture.framework/Versions/A/CMCapture
0x00007ff8215b6000 	/System/Library/Frameworks/CoreMediaIO.framework/Versions/A/CoreMediaIO
0x00007ff8288e6000 	/System/Library/PrivateFrameworks/Espresso.framework/Versions/A/Espresso
0x00007ff8281af000 	/System/Library/PrivateFrameworks/AppSupport.framework/Versions/A/AppSupport
0x00007ffa1f2e6000 	/System/Library/PrivateFrameworks/ANECompiler.framework/Versions/A/ANECompiler
0x00007ff82a536000 	/System/Library/PrivateFrameworks/AppleNeuralEngine.framework/Versions/A/AppleNeuralEngine
0x00007ffb1c16f000 	/System/Library/PrivateFrameworks/MIL.framework/Versions/A/MIL
0x00007ffa3216a000 	/System/Library/Frameworks/MetalPerformanceShadersGraph.framework/Versions/A/MetalPerformanceShadersGraph
0x00007ff829485000 	/System/Library/PrivateFrameworks/ANEServices.framework/Versions/A/ANEServices
0x00007ff821c30000 	/System/Library/PrivateFrameworks/CorePhoneNumbers.framework/Versions/A/CorePhoneNumbers
0x00007ff816308000 	/usr/lib/libsandbox.1.dylib
0x00007ff81f1de000 	/usr/lib/libMatch.1.dylib
0x00007ff91d9a7000 	/usr/lib/libncurses.5.4.dylib
0x00007ff827e3e000 	/System/Library/PrivateFrameworks/BackBoardServices.framework/Versions/A/BackBoardServices
0x00007ff82668a000 	/System/Library/PrivateFrameworks/FrontBoardServices.framework/Versions/A/FrontBoardServices
0x00007ff82671b000 	/System/Library/PrivateFrameworks/BoardServices.framework/Versions/A/BoardServices
0x000000010820a000 	/Users/yanglimin/Desktop/编程/Simulator/Simulator/sim1/build/jni/release/libhalsim_ds_socket.dylib
0x000000012a05c000 	/Users/yanglimin/Desktop/编程/Simulator/Simulator/sim1/build/jni/release/libhalsim_gui.dylib
0x0000000129a70000 	/Users/yanglimin/Desktop/编程/Simulator/Simulator/sim1/build/jni/release/libwpimath.dylib
0x000000011260d000 	/Users/yanglimin/Desktop/编程/Simulator/Simulator/sim1/build/jni/release/libntcore.dylib
0x00007ff8229d3000 	/System/Library/Frameworks/MetalKit.framework/Versions/A/MetalKit
0x00007ff8161c9000 	/System/Library/PrivateFrameworks/CoreServicesInternal.framework/Versions/A/CoreServicesInternal
0x00007ff825e67000 	/System/Library/Frameworks/FileProvider.framework/Versions/A/FileProvider
0x00007ff819e6b000 	/System/Library/Frameworks/Accounts.framework/Versions/A/Accounts
0x00007ff825fe0000 	/System/Library/PrivateFrameworks/GenerationalStorage.framework/Versions/A/GenerationalStorage
0x00007ff826af0000 	/System/Library/PrivateFrameworks/CoreSymbolication.framework/Versions/A/CoreSymbolication
0x00007ff82586b000 	/System/Library/PrivateFrameworks/SymptomDiagnosticReporter.framework/Versions/A/SymptomDiagnosticReporter
0x00007ff81748a000 	/System/Library/PrivateFrameworks/DesktopServicesPriv.framework/Versions/A/DesktopServicesPriv
0x00007ff81b1b7000 	/System/Library/PrivateFrameworks/UserManagement.framework/Versions/A/UserManagement
0x00007ff826ab5000 	/System/Library/PrivateFrameworks/DebugSymbols.framework/Versions/A/DebugSymbols
0x00007ff8217d6000 	/System/Library/PrivateFrameworks/NetAuth.framework/Versions/A/NetAuth
0x00007ff8226e5000 	/System/Library/PrivateFrameworks/Sharing.framework/Versions/A/Sharing
0x00007ff81b18a000 	/System/Library/PrivateFrameworks/login.framework/Versions/A/Frameworks/loginsupport.framework/Versions/A/loginsupport
0x00007ff827c53000 	/System/Library/PrivateFrameworks/Apple80211.framework/Versions/A/Apple80211
0x00007ff81e390000 	/System/Library/PrivateFrameworks/AuthKit.framework/Versions/A/AuthKit
0x00007ff81d90c000 	/System/Library/Frameworks/CoreWLAN.framework/Versions/A/CoreWLAN
0x00007ff827cbb000 	/System/Library/PrivateFrameworks/CoreWiFi.framework/Versions/A/CoreWiFi
0x00007ff8214f4000 	/System/Library/PrivateFrameworks/MultiverseSupport.framework/Versions/A/MultiverseSupport
0x00007ff8280b2000 	/System/Library/PrivateFrameworks/RemoteServiceDiscovery.framework/Versions/A/RemoteServiceDiscovery
0x00007ff825988000 	/System/Library/PrivateFrameworks/DiskManagement.framework/Versions/A/DiskManagement
0x00007ff82589c000 	/System/Library/PrivateFrameworks/AppleIDAuthSupport.framework/Versions/A/AppleIDAuthSupport
0x00007ffb13fd4000 	/System/Library/PrivateFrameworks/AAAFoundation.framework/Versions/A/AAAFoundation
0x00007ff821c11000 	/System/Library/PrivateFrameworks/KeychainCircle.framework/Versions/A/KeychainCircle
0x00007ff8280c2000 	/System/Library/PrivateFrameworks/RemoteXPC.framework/Versions/A/RemoteXPC
0x00007ff825954000 	/System/Library/PrivateFrameworks/MediaKit.framework/Versions/A/MediaKit
0x00007ff8258a8000 	/System/Library/Frameworks/DiscRecording.framework/Versions/A/DiscRecording
0x00007ff81f1e6000 	/usr/lib/libCoreStorage.dylib
0x00007ff82812d000 	/usr/lib/libcsfde.dylib
0x00007ff822911000 	/System/Library/PrivateFrameworks/ProtectedCloudStorage.framework/Versions/A/ProtectedCloudStorage
0x00007ff828129000 	/System/Library/PrivateFrameworks/EFILogin.framework/Versions/A/EFILogin
0x00007ff826006000 	/System/Library/PrivateFrameworks/OctagonTrust.framework/Versions/A/OctagonTrust
0x00000001128a5000 	/System/Library/Extensions/IOHIDFamily.kext/Contents/PlugIns/IOHIDLib.plugin/Contents/MacOS/IOHIDLib


VM Arguments:
jvm_args: -agentlib:jdwp=transport=dt_socket,server=n,suspend=y,address=localhost:62842 -Djava.library.path=/Users/yanglimin/Desktop/编程/Simulator/Simulator/sim1/build/jni/release 
java_command: frc.robot.Main
java_class_path (initial): /Users/yanglimin/Desktop/编程/Simulator/Simulator/sim1/bin/main:/Users/yanglimin/.gradle/caches/modules-2/files-2.1/edu.wpi.first.wpilibj/wpilibj-java/2022.2.1/b0cfaf7c3f87fedd466c0c4284275f46e155b5b0/wpilibj-java-2022.2.1.jar:/Users/yanglimin/.gradle/caches/modules-2/files-2.1/edu.wpi.first.wpimath/wpimath-java/2022.2.1/66e5dc32cffcf72ff6291fada2c08b2164b35c50/wpimath-java-2022.2.1.jar:/Users/yanglimin/.gradle/caches/modules-2/files-2.1/edu.wpi.first.ntcore/ntcore-java/2022.2.1/5e18ded2e72fe4d4244ef04a3c9163f0d12e728b/ntcore-java-2022.2.1.jar:/Users/yanglimin/.gradle/caches/modules-2/files-2.1/edu.wpi.first.cscore/cscore-java/2022.2.1/952bef4a81822d7cf84e9767a1a507118eb167b3/cscore-java-2022.2.1.jar:/Users/yanglimin/.gradle/caches/modules-2/files-2.1/edu.wpi.first.cameraserver/cameraserver-java/2022.2.1/fe399ff88debe8b481637fb002fc58ca56aae2f4/cameraserver-java-2022.2.1.jar:/Users/yanglimin/.gradle/caches/modules-2/files-2.1/edu.wpi.first.hal/hal-java/2022.2.1/64605201acf4cc47eb510bb496abdfdcd8ee74ba/hal-java-2022.2.1.jar:/Users/yanglimin/.gradle/caches/modules-2/files-2.1/edu.wpi.first.wpiutil/wpiutil-java/2022.2.1/5e24e6af81831f0e9545f4eec2629b4c009d022f/wpiutil-java-2022.2.1.jar:/Users/yanglimin/wpilib/2022/maven/edu/wpi/first/thirdparty/frc2022/opencv/opencv-java/4.5.2-1/opencv-java-4.5.2-1.jar:/Users/yanglimin/wpilib/2022/maven/org/ejml/ejml-simple/0.41/ejml-simple-0.41.jar:/Users/yanglimin/wpilib/2022/maven/com/fasterxml/jackson/core/jackson-databind/2.12.4/jackson-databind-2.12.4.jar:/Users/yanglimin/wpilib/2022/maven/com/fasterxml/jackson/core/jackson-annotations/2.12.4/jackson-annotations-2.12.4.jar:/Users/yanglimin/wpilib/2022/maven/com/fasterxml/jackson/core/jackson-core/2.12.4/jackson-core-2.12.4.jar:/Users/yanglimin/.gradle/caches/modules-2/files-2.1/edu.wpi.first.wpilibNewCommands/wpilibNewCommands-java/2022.2.1/ae25cfc79ee4b64afa1830d8d9a76fc97789e504/wpilibNewCommands-java-2022.2.1.jar:/Users/yanglimin/wpilib/2022/mave
Launcher Type: SUN_STANDARD

[Global flags]
     intx CICompilerCount                          = 3                                         {product} {ergonomic}
     uint ConcGCThreads                            = 1                                         {product} {ergonomic}
     uint G1ConcRefinementThreads                  = 4                                         {product} {ergonomic}
   size_t G1HeapRegionSize                         = 1048576                                   {product} {ergonomic}
    uintx GCDrainStackTargetSize                   = 64                                        {product} {ergonomic}
   size_t InitialHeapSize                          = 134217728                                 {product} {ergonomic}
   size_t MarkStackSize                            = 4194304                                   {product} {ergonomic}
   size_t MaxHeapSize                              = 2147483648                                {product} {ergonomic}
   size_t MaxNewSize                               = 1287651328                                {product} {ergonomic}
   size_t MinHeapDeltaBytes                        = 1048576                                   {product} {ergonomic}
    uintx NonNMethodCodeHeapSize                   = 5830732                                {pd product} {ergonomic}
    uintx NonProfiledCodeHeapSize                  = 122913754                              {pd product} {ergonomic}
    uintx ProfiledCodeHeapSize                     = 122913754                              {pd product} {ergonomic}
    uintx ReservedCodeCacheSize                    = 251658240                              {pd product} {ergonomic}
     bool SegmentedCodeCache                       = true                                      {product} {ergonomic}
     bool UseCompressedClassPointers               = true                                 {lp64_product} {ergonomic}
     bool UseCompressedOops                        = true                                 {lp64_product} {ergonomic}
     bool UseG1GC                                  = true                                      {product} {ergonomic}

Logging:
Log output configuration:
 #0: stdout all=warning uptime,level,tags
 #1: stderr all=off uptime,level,tags

Environment Variables:
JAVA_HOME=/Users/yanglimin/wpilib/2022/jdk
PATH=/Library/Frameworks/Python.framework/Versions/3.10/bin:/Library/Frameworks/Python.framework/Versions/3.10/bin:/Library/Frameworks/Python.framework/Versions/3.10/bin:/Library/Frameworks/Python.framework/Versions/3.10/bin:/usr/local/bin:/usr/bin:/bin:/usr/sbin:/sbin:/Users/yanglimin/wpilib/2022/jdk/bin
LD_LIBRARY_PATH=/Users/yanglimin/Desktop/编程/Simulator/Simulator/sim1/build/jni/release
SHELL=/bin/bash
LANG=en_US.UTF-8
DYLD_LIBRARY_PATH=/Users/yanglimin/Desktop/编程/Simulator/Simulator/sim1/build/jni/release

Signal Handlers:
SIGSEGV: [libjvm.dylib+0x7c4d6c], sa_mask[0]=11111111011111110111111111111111, sa_flags=SA_ONSTACK|SA_RESTART|SA_SIGINFO
SIGBUS: [libjvm.dylib+0x7c4d6c], sa_mask[0]=11111111011111110111111111111111, sa_flags=SA_RESTART|SA_SIGINFO
SIGFPE: [libjvm.dylib+0x7c4d6c], sa_mask[0]=11111111011111110111111111111111, sa_flags=SA_RESTART|SA_SIGINFO
SIGPIPE: SIG_IGN, sa_mask[0]=00000000000000000000000000000000, sa_flags=SA_RESTART
SIGXFSZ: [libjvm.dylib+0x6298ca], sa_mask[0]=11111111011111110111111111111111, sa_flags=SA_RESTART|SA_SIGINFO
SIGILL: [libjvm.dylib+0x7c4d6c], sa_mask[0]=11111111011111110111111111111111, sa_flags=SA_RESTART|SA_SIGINFO
SIGUSR2: [libjvm.dylib+0x629eb1], sa_mask[0]=00000000000000000000000000000000, sa_flags=SA_RESTART|SA_SIGINFO
SIGHUP: [libjvm.dylib+0x628a93], sa_mask[0]=11111111011111110111111111111111, sa_flags=SA_RESTART|SA_SIGINFO
SIGINT: [libjvm.dylib+0x628a93], sa_mask[0]=11111111011111110111111111111111, sa_flags=SA_RESTART|SA_SIGINFO
SIGTERM: [libjvm.dylib+0x628a93], sa_mask[0]=11111111011111110111111111111111, sa_flags=SA_RESTART|SA_SIGINFO
SIGQUIT: [libjvm.dylib+0x628a93], sa_mask[0]=11111111011111110111111111111111, sa_flags=SA_RESTART|SA_SIGINFO


---------------  S Y S T E M  ---------------

OS:uname:Darwin 21.6.0 Darwin Kernel Version 21.6.0: Mon Aug 22 20:17:10 PDT 2022; root:xnu-8020.140.49~2/RELEASE_X86_64 x86_64
OS uptime: 17 days 4:31 hours
rlimit (soft/hard): STACK 8192k/65532k , CORE 0k/infinity , NPROC 1392/2088 , NOFILE 10240/infinity , AS infinity/infinity , CPU infinity/infinity , DATA infinity/infinity , FSIZE infinity/infinity , MEMLOCK infinity/infinity , RSS infinity/infinity
load average:38.67 24.90 19.56

CPU:total 4 (initial active 4) (2 cores per cpu, 2 threads per core) family 6 model 78 stepping 3 microcode 0xf0, cmov, cx8, fxsr, mmx, sse, sse2, sse3, ssse3, sse4.1, sse4.2, popcnt, avx, avx2, aes, clmul, erms, 3dnowpref, lzcnt, ht, tsc, tscinvbit, bmi1, bmi2, adx, fma

Memory: 4k page, physical 8388608k(19400k free), swap 5242880k(475904k free)

vm_info: OpenJDK 64-Bit Server VM (11.0.13+8) for bsd-amd64 JRE (11.0.13+8), built on Oct 20 2021 01:56:05 by "jenkins" with clang 4.2.1 Compatible Apple LLVM 10.0.1 (clang-1001.0.46.4)

END.
