#
# A fatal error has been detected by the Java Runtime Environment:
#
#  SIGSEGV (0xb) at pc=0x00007ff809ce8a28, pid=1782, tid=259
#
# JRE version: OpenJDK Runtime Environment Temurin-11.0.13+8 (11.0.13+8) (build 11.0.13+8)
# Java VM: OpenJDK 64-Bit Server VM Temurin-11.0.13+8 (11.0.13+8, mixed mode, tiered, compressed oops, g1 gc, bsd-amd64)
# Problematic frame:
# C  [CoreFoundation+0x20a28]  CFArrayGetCount+0x6
#
# No core dump will be written. Core dumps have been disabled. To enable core dumping, try "ulimit -c unlimited" before starting Java again
#
# If you would like to submit a bug report, please visit:
#   https://github.com/adoptium/adoptium-support/issues
# The crash happened outside the Java Virtual Machine in native code.
# See problematic frame for where to report the bug.
#

---------------  S U M M A R Y ------------

Command Line: -agentlib:jdwp=transport=dt_socket,server=n,suspend=y,address=localhost:49793 -Djava.library.path=/Users/yanglimin/Desktop/编程/Simulator/Simulator/sim2/build/jni/release frc.robot.Main

Host: MacBook9,1 x86_64 1100 MHz, 4 cores, 8G, Darwin 21.6.0
Time: Tue Oct 18 16:06:31 2022 EDT elapsed time: 0.865433 seconds (0d 0h 0m 0s)

---------------  T H R E A D  ---------------

Current thread (0x00007ff03e80e000):  JavaThread "main" [_thread_in_native, id=259, stack(0x00007ff7b8ed7000,0x00007ff7b96d7000)]

Stack: [0x00007ff7b8ed7000,0x00007ff7b96d7000],  sp=0x00007ff7b96d20b8,  free space=8172k
Native frames: (J=compiled Java code, A=aot compiled Java code, j=interpreted, Vv=VM code, C=native code)
C  [CoreFoundation+0x20a28]  CFArrayGetCount+0x6
C  [IOKit+0x4273d]  __IOHIDManagerDeviceApplier+0x2fb
C  [CoreFoundation+0x4a7a6]  __CFSetApplyFunction_block_invoke+0x12
C  [CoreFoundation+0x4a613]  CFBasicHashApply+0x73
C  [CoreFoundation+0x4a563]  CFSetApplyFunction+0x83
C  [IOKit+0x41116]  __ApplyToDevices+0x69
C  [IOKit+0x4298d]  __IOHIDManagerInitialEnumCallback+0x27
C  [CoreFoundation+0x8017b]  __CFRUNLOOP_IS_CALLING_OUT_TO_A_SOURCE0_PERFORM_FUNCTION__+0x11
C  [CoreFoundation+0x800e3]  __CFRunLoopDoSource0+0xb4
C  [CoreFoundation+0x7fe5d]  __CFRunLoopDoSources0+0xf2
C  [CoreFoundation+0x7e878]  __CFRunLoopRun+0x37c
C  [CoreFoundation+0x7de3c]  CFRunLoopRunSpecific+0x232
C  [libhalsim_gui.dylib+0x34e028]  _glfwInitJoysticksNS+0x308
C  [libhalsim_gui.dylib+0x34dad1]  _glfwPlatformInit+0x701
C  [libhalsim_gui.dylib+0x89048]  glfwInit+0x48
C  [libhalsim_gui.dylib+0x71203]  _ZN3wpi3gui10InitializeEPKcii+0x73
C  [libhalsim_gui.dylib+0x1f89a]  HALSIM_InitExtension+0x14a
C  [libwpiHal.dylib+0x45684]  HAL_LoadOneExtension+0x3f4
C  [libwpiHal.dylib+0x458da]  HAL_LoadExtensions+0xfa
C  [libwpiHal.dylib+0x28213]  HAL_Initialize+0x83
C  [libwpiHaljni.dylib+0xe5cd]  Java_edu_wpi_first_hal_HAL_initialize+0xd
j  edu.wpi.first.hal.HAL.initialize(II)Z+0
j  edu.wpi.first.wpilibj.RobotBase.startRobot(Ljava/util/function/Supplier;)V+4
j  frc.robot.Main.main([Ljava/lang/String;)V+5
v  ~StubRoutines::call_stub
V  [libjvm.dylib+0x3b5a80]  _ZN9JavaCalls11call_helperEP9JavaValueRK12methodHandleP17JavaCallArgumentsP6Thread+0x1fe
V  [libjvm.dylib+0x3fb101]  _ZL17jni_invoke_staticP7JNIEnv_P9JavaValueP8_jobject11JNICallTypeP10_jmethodIDP18JNI_ArgumentPusherP6Thread+0x10a
V  [libjvm.dylib+0x3fe9e6]  jni_CallStaticVoidMethod+0x1d2
C  [libjli.dylib+0x4b1d]  JavaMain+0xab0
C  [libjli.dylib+0x7065]  __JVMInit_block_invoke+0x4b
C  [Foundation+0x41b21]  __NSBLOCKOPERATION_IS_CALLING_OUT_TO_A_BLOCK__+0x7
C  [Foundation+0x41a19]  -[NSBlockOperation main]+0x62
C  [Foundation+0x419af]  __NSOPERATION_IS_INVOKING_MAIN__+0x11
C  [Foundation+0x40c1b]  -[NSOperation start]+0x311
C  [Foundation+0x81527]  __NSThreadPerformPerform+0xb3
C  [CoreFoundation+0x8017b]  __CFRUNLOOP_IS_CALLING_OUT_TO_A_SOURCE0_PERFORM_FUNCTION__+0x11
C  [CoreFoundation+0x800e3]  __CFRunLoopDoSource0+0xb4
C  [CoreFoundation+0x7fe5d]  __CFRunLoopDoSources0+0xf2
C  [CoreFoundation+0x7e878]  __CFRunLoopRun+0x37c
C  [CoreFoundation+0x7de3c]  CFRunLoopRunSpecific+0x232
C  [libjli.dylib+0x664e]  CreateExecutionEnvironment+0x18e
C  [libjli.dylib+0x285e]  JLI_Launch+0x52a
C  [java+0x1807]  main+0x177
C  0x000000010e4da52e

Java frames: (J=compiled Java code, j=interpreted, Vv=VM code)
j  edu.wpi.first.hal.HAL.initialize(II)Z+0
j  edu.wpi.first.wpilibj.RobotBase.startRobot(Ljava/util/function/Supplier;)V+4
j  frc.robot.Main.main([Ljava/lang/String;)V+5
v  ~StubRoutines::call_stub

siginfo: si_signo: 11 (SIGSEGV), si_code: 1 (SEGV_MAPERR), si_addr: 0x0000000000000000

Register to memory mapping:

RAX=0x0 is NULL
RBX=0x00007ff03e132fc0 points into unknown readable memory: 0x031dfff84b26a1c1 | c1 a1 26 4b f8 ff 1d 03
RCX=0x00007ff84b3d8f40: OBJC_CLASS_$_OS_os_log+0 in /usr/lib/system/libsystem_trace.dylib at 0x00007ff8099f0000
RDX=0x0 is NULL
RSP=0x00007ff7b96d20b8 is pointing into the stack for thread: 0x00007ff03e80e000
RBP=0x00007ff7b96d2260 is pointing into the stack for thread: 0x00007ff03e80e000
RSI=0x00007ff82409a096 points into unknown readable memory: 72 65
RDI=0x0 is NULL
R8 =0x00000001000007dd is an unknown value
R9 =0x000000000000ffff is an unknown value
R10=0x00007ff84b3d8f40: OBJC_CLASS_$_OS_os_log+0 in /usr/lib/system/libsystem_trace.dylib at 0x00007ff8099f0000
R11=0x00007ff809ac9ade: -[OS_object release]+0 in /usr/lib/system/libdispatch.dylib at 0x00007ff809ac7000
R12=0x00007ff7b96d23d0 is pointing into the stack for thread: 0x00007ff03e80e000
R13=0x0000000000000003 is an unknown value
R14=0x0000000000000055 is an unknown value
R15=0x0 is NULL


Registers:
RAX=0x0000000000000000, RBX=0x00007ff03e132fc0, RCX=0x00007ff84b3d8f40, RDX=0x0000000000000000
RSP=0x00007ff7b96d20b8, RBP=0x00007ff7b96d2260, RSI=0x00007ff82409a096, RDI=0x0000000000000000
R8 =0x00000001000007dd, R9 =0x000000000000ffff, R10=0x00007ff84b3d8f40, R11=0x00007ff809ac9ade
R12=0x00007ff7b96d23d0, R13=0x0000000000000003, R14=0x0000000000000055, R15=0x0000000000000000
RIP=0x00007ff809ce8a28, EFLAGS=0x0000000000010246, ERR=0x0000000000000004
  TRAPNO=0x000000000000000e

Top of Stack: (sp=0x00007ff7b96d20b8)
0x00007ff7b96d20b8:   000000010e08e3b5 0000000000000008
0x00007ff7b96d20c8:   0000000000000003 00007ff03e132fc0
0x00007ff7b96d20d8:   00006000016f5620 00006000016f5590
0x00007ff7b96d20e8:   00006000016f5800 000020bc0d462c10
0x00007ff7b96d20f8:   0000115200005500 3030303030303330
0x00007ff7b96d2108:   3030303030326362 3030303035353030
0x00007ff7b96d2118:   3030303031313235 00007ff891fc0000
0x00007ff7b96d2128:   00007ff7b96d2160 414720494d494758
0x00007ff7b96d2138:   202020444150454d 00007ff7b96d0020
0x00007ff7b96d2148:   000000010e4d7d3a e88dcf8842d500d2
0x00007ff7b96d2158:   00007ff7b96d25c0 00007ff7b96d2560
0x00007ff7b96d2168:   00007ff809984b5b 0000000000000005
0x00007ff7b96d2178:   00007ff809984b5b 00007ff7b96d21d0
0x00007ff7b96d2188:   000000010e4e9e7b 00007ff7b96d21b0
0x00007ff7b96d2198:   00007ff809b1649c 0000000000000000
0x00007ff7b96d21a8:   00007ff84b3cffe8 0000000000000002
0x00007ff7b96d21b8:   00006000016f4000 000000010695f000
0x00007ff7b96d21c8:   00006000016f5830 000000304b3cffe8
0x00007ff7b96d21d8:   0000000000000002 0000000000000002
0x00007ff7b96d21e8:   000000010695f000 000000010695f400
0x00007ff7b96d21f8:   0000000000000001 00007ff7b96d2260
0x00007ff7b96d2208:   00007ff809a9c76a 000000010695f000
0x00007ff7b96d2218:   f693400840001001 000000200d47ffff
0x00007ff7b96d2228:   0000000000000030 e88dcf8842d500d2
0x00007ff7b96d2238:   00006000024f8f00 00007ff7b96d23d0
0x00007ff7b96d2248:   0000000000000003 00007ff03e132fc0
0x00007ff7b96d2258:   0000000000000000 00007ff7b96d22e0
0x00007ff7b96d2268:   00007ff80c66f73d 00007ff84c7e5d70
0x00007ff7b96d2278:   00007ff84c98e900 00007ff7b96d22c0
0x00007ff7b96d2288:   00007ff809ab8b75 00007ff84b3b1c00
0x00007ff7b96d2298:   00007ff84c7e5d70 0000000000000003
0x00007ff7b96d22a8:   00006000016f5830 00007ff84c98e960 

Instructions: (pc=0x00007ff809ce8a28)
0x00007ff809ce8928:   ff 89 df 83 e7 03 48 83 ff 01 0f 85 a9 00 00 00
0x00007ff809ce8938:   48 ff c0 48 39 c1 75 ce 89 95 c8 ef ff ff 48 83
0x00007ff809ce8948:   e3 fc 8b 83 04 08 00 00 89 d1 85 c0 74 28 48 8d
0x00007ff809ce8958:   b5 d8 ef ff ff 4c 89 ff 89 c2 b9 01 00 00 00 41
0x00007ff809ce8968:   ff d6 84 c0 0f 85 8b 00 00 00 8b 8d c8 ef ff ff
0x00007ff809ce8978:   8b 95 cc ef ff ff 39 d1 75 05 45 84 e4 75 76 41
0x00007ff809ce8988:   0f b6 d4 48 8d b5 b0 ef ff ff 48 89 df 4c 89 f9
0x00007ff809ce8998:   4d 89 f0 e8 ca 54 17 00 eb 5b 48 8b 05 87 bb af
0x00007ff809ce89a8:   42 48 8b 08 48 8b 05 75 bb af 42 48 8b 00 48 3b
0x00007ff809ce89b8:   45 d8 75 61 48 8d 3d 19 1a 45 00 be 39 00 00 00
0x00007ff809ce89c8:   ba 01 00 00 00 48 81 c4 30 10 00 00 5b 41 5c 41
0x00007ff809ce89d8:   5e 41 5f 5d e9 3b 24 1a 00 83 ff 02 75 17 ff c0
0x00007ff809ce89e8:   48 8d bd b0 ef ff ff 89 47 18 4c 89 fe 4c 89 f2
0x00007ff809ce89f8:   e8 6d 12 00 00 48 8b 05 24 bb af 42 48 8b 00 48
0x00007ff809ce8a08:   3b 45 d8 75 10 48 81 c4 30 10 00 00 5b 41 5c 41
0x00007ff809ce8a18:   5e 41 5f 5d c3 e8 c8 1f 1a 00 40 f6 c7 01 75 2c
0x00007ff809ce8a28:   48 8b 07 48 85 c0 74 1f 48 8b 0d 01 5a 72 41 48
0x00007ff809ce8a38:   39 c8 74 13 a8 01 74 14 48 8b 15 91 c4 af 42 48
0x00007ff809ce8a48:   23 02 48 39 c8 75 05 48 8b 47 10 c3 48 8b 35 5d
0x00007ff809ce8a58:   e6 71 41 ff 25 17 c5 af 42 90 90 55 48 89 e5 53
0x00007ff809ce8a68:   50 48 89 fb 48 8d 05 a5 b9 72 41 48 8b 00 48 85
0x00007ff809ce8a78:   c0 75 12 48 8b 05 7e 06 72 41 8b 44 18 14 48 83
0x00007ff809ce8a88:   c4 08 5b 5d c3 48 8b 75 08 48 8d 0d 90 b9 72 41
0x00007ff809ce8a98:   48 8b 11 48 89 df ff d0 eb d9 90 90 90 90 90 90
0x00007ff809ce8aa8:   90 90 90 90 41 89 c8 b9 01 00 00 00 e9 09 00 00
0x00007ff809ce8ab8:   00 90 90 90 90 90 90 90 90 90 55 48 89 e5 41 57
0x00007ff809ce8ac8:   41 56 41 55 41 54 53 48 83 ec 48 31 c0 48 83 bf
0x00007ff809ce8ad8:   08 08 00 00 00 0f 85 f2 02 00 00 48 81 fa ff 0f
0x00007ff809ce8ae8:   00 00 0f 8f e5 02 00 00 45 85 c0 0f 84 dc 02 00
0x00007ff809ce8af8:   00 49 89 fc 85 d2 0f 84 29 01 00 00 49 89 f1 49
0x00007ff809ce8b08:   ff c1 45 31 f6 4c 89 ce 4c 89 e3 0f b6 46 ff 4c
0x00007ff809ce8b18:   8b 2c c3 44 89 e8 83 e0 03 48 83 f8 01 75 19 49 


Stack slot to memory mapping:
stack at sp + 0 slots: 0x000000010e08e3b5: matchCallback+0x345 in /Users/yanglimin/Desktop/编程/Simulator/Simulator/sim2/build/jni/release/libhalsim_gui.dylib at 0x000000010dd40000
stack at sp + 1 slots: 0x0000000000000008 is an unknown value
stack at sp + 2 slots: 0x0000000000000003 is an unknown value
stack at sp + 3 slots: 0x00007ff03e132fc0 points into unknown readable memory: 0x031dfff84b26a1c1 | c1 a1 26 4b f8 ff 1d 03
stack at sp + 4 slots: 0x00006000016f5620 points into unknown readable memory: 0x011dfff84b23cd39 | 39 cd 23 4b f8 ff 1d 01
stack at sp + 5 slots: 0x00006000016f5590 points into unknown readable memory: 0x011dfff84b23cd39 | 39 cd 23 4b f8 ff 1d 01
stack at sp + 6 slots: 0x00006000016f5800 points into unknown readable memory: 0x011dfff84b23cd39 | 39 cd 23 4b f8 ff 1d 01
stack at sp + 7 slots: 0x000020bc0d462c10 is an unknown value


---------------  P R O C E S S  ---------------

Threads class SMR info:
_java_thread_list=0x00006000018ea1c0, length=12, elements={
0x00007ff03e80e000, 0x00007ff03d833000, 0x00007ff03d835800, 0x00007ff03d83a000,
0x00007ff03f074000, 0x00007ff03f076000, 0x00007ff03d840000, 0x00007ff03e841800,
0x00007ff03d0a1800, 0x00007ff03f078000, 0x00007ff03d0a0800, 0x00007ff03d0ad000
}

Java Threads: ( => current thread )
=>0x00007ff03e80e000 JavaThread "main" [_thread_in_native, id=259, stack(0x00007ff7b8ed7000,0x00007ff7b96d7000)]
  0x00007ff03d833000 JavaThread "Reference Handler" daemon [_thread_blocked, id=17667, stack(0x0000700003131000,0x0000700003231000)]
  0x00007ff03d835800 JavaThread "Finalizer" daemon [_thread_blocked, id=17155, stack(0x0000700003234000,0x0000700003334000)]
  0x00007ff03d83a000 JavaThread "Signal Dispatcher" daemon [_thread_blocked, id=14851, stack(0x000070000343d000,0x000070000353d000)]
  0x00007ff03f074000 JavaThread "Service Thread" daemon [_thread_blocked, id=14339, stack(0x0000700003540000,0x0000700003640000)]
  0x00007ff03f076000 JavaThread "C2 CompilerThread0" daemon [_thread_blocked, id=22019, stack(0x0000700003643000,0x0000700003743000)]
  0x00007ff03d840000 JavaThread "C1 CompilerThread0" daemon [_thread_blocked, id=42499, stack(0x0000700003746000,0x0000700003846000)]
  0x00007ff03e841800 JavaThread "Sweeper thread" daemon [_thread_blocked, id=22531, stack(0x0000700003849000,0x0000700003949000)]
  0x00007ff03d0a1800 JavaThread "JDWP Transport Listener: dt_socket" daemon [_thread_blocked, id=41475, stack(0x000070000394c000,0x0000700003a4c000)]
  0x00007ff03f078000 JavaThread "JDWP Event Helper Thread" daemon [_thread_blocked, id=40963, stack(0x0000700003a4f000,0x0000700003b4f000)]
  0x00007ff03d0a0800 JavaThread "JDWP Command Reader" daemon [_thread_in_native, id=40707, stack(0x0000700003b52000,0x0000700003c52000)]
  0x00007ff03d0ad000 JavaThread "Common-Cleaner" daemon [_thread_blocked, id=39939, stack(0x0000700003d58000,0x0000700003e58000)]

Other Threads:
  0x00007ff03d832000 VMThread "VM Thread" [stack: 0x000070000302e000,0x000070000312e000] [id=18179]
  0x00007ff03d0a6800 WatcherThread [stack: 0x0000700003c55000,0x0000700003d55000] [id=40451]
  0x00007ff03e814000 GCTaskThread "GC Thread#0" [stack: 0x0000700002b1f000,0x0000700002c1f000] [id=21251]
  0x00007ff03d035800 ConcurrentGCThread "G1 Main Marker" [stack: 0x0000700002c22000,0x0000700002d22000] [id=20739]
  0x00007ff03d036000 ConcurrentGCThread "G1 Conc#0" [stack: 0x0000700002d25000,0x0000700002e25000] [id=19715]
  0x00007ff03f060800 ConcurrentGCThread "G1 Refine#0" [stack: 0x0000700002e28000,0x0000700002f28000] [id=11523]
  0x00007ff03f061000 ConcurrentGCThread "G1 Young RemSet Sampling" [stack: 0x0000700002f2b000,0x000070000302b000] [id=11779]

Threads with active compile tasks:

VM state:not at safepoint (normal execution)

VM Mutex/Monitor currently owned by a thread: None

Heap address: 0x0000000780000000, size: 2048 MB, Compressed Oops mode: Zero based, Oop shift amount: 3
Narrow klass base: 0x0000000800000000, Narrow klass shift: 0
Compressed class space size: 1073741824 Address: 0x0000000800000000

Heap:
 garbage-first heap   total 131072K, used 2048K [0x0000000780000000, 0x0000000800000000)
  region size 1024K, 3 young (3072K), 0 survivors (0K)
 Metaspace       used 5625K, capacity 5716K, committed 5888K, reserved 1056768K
  class space    used 470K, capacity 498K, committed 512K, reserved 1048576K
Heap Regions: E=young(eden), S=young(survivor), O=old, HS=humongous(starts), HC=humongous(continues), CS=collection set, F=free, A=archive, TAMS=top-at-mark-start (previous, next)
|   0|0x0000000780000000, 0x0000000780000000, 0x0000000780100000|  0%| F|  |TAMS 0x0000000780000000, 0x0000000780000000| Untracked 
|   1|0x0000000780100000, 0x0000000780100000, 0x0000000780200000|  0%| F|  |TAMS 0x0000000780100000, 0x0000000780100000| Untracked 
|   2|0x0000000780200000, 0x0000000780200000, 0x0000000780300000|  0%| F|  |TAMS 0x0000000780200000, 0x0000000780200000| Untracked 
|   3|0x0000000780300000, 0x0000000780300000, 0x0000000780400000|  0%| F|  |TAMS 0x0000000780300000, 0x0000000780300000| Untracked 
|   4|0x0000000780400000, 0x0000000780400000, 0x0000000780500000|  0%| F|  |TAMS 0x0000000780400000, 0x0000000780400000| Untracked 
|   5|0x0000000780500000, 0x0000000780500000, 0x0000000780600000|  0%| F|  |TAMS 0x0000000780500000, 0x0000000780500000| Untracked 
|   6|0x0000000780600000, 0x0000000780600000, 0x0000000780700000|  0%| F|  |TAMS 0x0000000780600000, 0x0000000780600000| Untracked 
|   7|0x0000000780700000, 0x0000000780700000, 0x0000000780800000|  0%| F|  |TAMS 0x0000000780700000, 0x0000000780700000| Untracked 
|   8|0x0000000780800000, 0x0000000780800000, 0x0000000780900000|  0%| F|  |TAMS 0x0000000780800000, 0x0000000780800000| Untracked 
|   9|0x0000000780900000, 0x0000000780900000, 0x0000000780a00000|  0%| F|  |TAMS 0x0000000780900000, 0x0000000780900000| Untracked 
|  10|0x0000000780a00000, 0x0000000780a00000, 0x0000000780b00000|  0%| F|  |TAMS 0x0000000780a00000, 0x0000000780a00000| Untracked 
|  11|0x0000000780b00000, 0x0000000780b00000, 0x0000000780c00000|  0%| F|  |TAMS 0x0000000780b00000, 0x0000000780b00000| Untracked 
|  12|0x0000000780c00000, 0x0000000780c00000, 0x0000000780d00000|  0%| F|  |TAMS 0x0000000780c00000, 0x0000000780c00000| Untracked 
|  13|0x0000000780d00000, 0x0000000780d00000, 0x0000000780e00000|  0%| F|  |TAMS 0x0000000780d00000, 0x0000000780d00000| Untracked 
|  14|0x0000000780e00000, 0x0000000780e00000, 0x0000000780f00000|  0%| F|  |TAMS 0x0000000780e00000, 0x0000000780e00000| Untracked 
|  15|0x0000000780f00000, 0x0000000780f00000, 0x0000000781000000|  0%| F|  |TAMS 0x0000000780f00000, 0x0000000780f00000| Untracked 
|  16|0x0000000781000000, 0x0000000781000000, 0x0000000781100000|  0%| F|  |TAMS 0x0000000781000000, 0x0000000781000000| Untracked 
|  17|0x0000000781100000, 0x0000000781100000, 0x0000000781200000|  0%| F|  |TAMS 0x0000000781100000, 0x0000000781100000| Untracked 
|  18|0x0000000781200000, 0x0000000781200000, 0x0000000781300000|  0%| F|  |TAMS 0x0000000781200000, 0x0000000781200000| Untracked 
|  19|0x0000000781300000, 0x0000000781300000, 0x0000000781400000|  0%| F|  |TAMS 0x0000000781300000, 0x0000000781300000| Untracked 
|  20|0x0000000781400000, 0x0000000781400000, 0x0000000781500000|  0%| F|  |TAMS 0x0000000781400000, 0x0000000781400000| Untracked 
|  21|0x0000000781500000, 0x0000000781500000, 0x0000000781600000|  0%| F|  |TAMS 0x0000000781500000, 0x0000000781500000| Untracked 
|  22|0x0000000781600000, 0x0000000781600000, 0x0000000781700000|  0%| F|  |TAMS 0x0000000781600000, 0x0000000781600000| Untracked 
|  23|0x0000000781700000, 0x0000000781700000, 0x0000000781800000|  0%| F|  |TAMS 0x0000000781700000, 0x0000000781700000| Untracked 
|  24|0x0000000781800000, 0x0000000781800000, 0x0000000781900000|  0%| F|  |TAMS 0x0000000781800000, 0x0000000781800000| Untracked 
|  25|0x0000000781900000, 0x0000000781900000, 0x0000000781a00000|  0%| F|  |TAMS 0x0000000781900000, 0x0000000781900000| Untracked 
|  26|0x0000000781a00000, 0x0000000781a00000, 0x0000000781b00000|  0%| F|  |TAMS 0x0000000781a00000, 0x0000000781a00000| Untracked 
|  27|0x0000000781b00000, 0x0000000781b00000, 0x0000000781c00000|  0%| F|  |TAMS 0x0000000781b00000, 0x0000000781b00000| Untracked 
|  28|0x0000000781c00000, 0x0000000781c00000, 0x0000000781d00000|  0%| F|  |TAMS 0x0000000781c00000, 0x0000000781c00000| Untracked 
|  29|0x0000000781d00000, 0x0000000781d00000, 0x0000000781e00000|  0%| F|  |TAMS 0x0000000781d00000, 0x0000000781d00000| Untracked 
|  30|0x0000000781e00000, 0x0000000781e00000, 0x0000000781f00000|  0%| F|  |TAMS 0x0000000781e00000, 0x0000000781e00000| Untracked 
|  31|0x0000000781f00000, 0x0000000781f00000, 0x0000000782000000|  0%| F|  |TAMS 0x0000000781f00000, 0x0000000781f00000| Untracked 
|  32|0x0000000782000000, 0x0000000782000000, 0x0000000782100000|  0%| F|  |TAMS 0x0000000782000000, 0x0000000782000000| Untracked 
|  33|0x0000000782100000, 0x0000000782100000, 0x0000000782200000|  0%| F|  |TAMS 0x0000000782100000, 0x0000000782100000| Untracked 
|  34|0x0000000782200000, 0x0000000782200000, 0x0000000782300000|  0%| F|  |TAMS 0x0000000782200000, 0x0000000782200000| Untracked 
|  35|0x0000000782300000, 0x0000000782300000, 0x0000000782400000|  0%| F|  |TAMS 0x0000000782300000, 0x0000000782300000| Untracked 
|  36|0x0000000782400000, 0x0000000782400000, 0x0000000782500000|  0%| F|  |TAMS 0x0000000782400000, 0x0000000782400000| Untracked 
|  37|0x0000000782500000, 0x0000000782500000, 0x0000000782600000|  0%| F|  |TAMS 0x0000000782500000, 0x0000000782500000| Untracked 
|  38|0x0000000782600000, 0x0000000782600000, 0x0000000782700000|  0%| F|  |TAMS 0x0000000782600000, 0x0000000782600000| Untracked 
|  39|0x0000000782700000, 0x0000000782700000, 0x0000000782800000|  0%| F|  |TAMS 0x0000000782700000, 0x0000000782700000| Untracked 
|  40|0x0000000782800000, 0x0000000782800000, 0x0000000782900000|  0%| F|  |TAMS 0x0000000782800000, 0x0000000782800000| Untracked 
|  41|0x0000000782900000, 0x0000000782900000, 0x0000000782a00000|  0%| F|  |TAMS 0x0000000782900000, 0x0000000782900000| Untracked 
|  42|0x0000000782a00000, 0x0000000782a00000, 0x0000000782b00000|  0%| F|  |TAMS 0x0000000782a00000, 0x0000000782a00000| Untracked 
|  43|0x0000000782b00000, 0x0000000782b00000, 0x0000000782c00000|  0%| F|  |TAMS 0x0000000782b00000, 0x0000000782b00000| Untracked 
|  44|0x0000000782c00000, 0x0000000782c00000, 0x0000000782d00000|  0%| F|  |TAMS 0x0000000782c00000, 0x0000000782c00000| Untracked 
|  45|0x0000000782d00000, 0x0000000782d00000, 0x0000000782e00000|  0%| F|  |TAMS 0x0000000782d00000, 0x0000000782d00000| Untracked 
|  46|0x0000000782e00000, 0x0000000782e00000, 0x0000000782f00000|  0%| F|  |TAMS 0x0000000782e00000, 0x0000000782e00000| Untracked 
|  47|0x0000000782f00000, 0x0000000782f00000, 0x0000000783000000|  0%| F|  |TAMS 0x0000000782f00000, 0x0000000782f00000| Untracked 
|  48|0x0000000783000000, 0x0000000783000000, 0x0000000783100000|  0%| F|  |TAMS 0x0000000783000000, 0x0000000783000000| Untracked 
|  49|0x0000000783100000, 0x0000000783100000, 0x0000000783200000|  0%| F|  |TAMS 0x0000000783100000, 0x0000000783100000| Untracked 
|  50|0x0000000783200000, 0x0000000783200000, 0x0000000783300000|  0%| F|  |TAMS 0x0000000783200000, 0x0000000783200000| Untracked 
|  51|0x0000000783300000, 0x0000000783300000, 0x0000000783400000|  0%| F|  |TAMS 0x0000000783300000, 0x0000000783300000| Untracked 
|  52|0x0000000783400000, 0x0000000783400000, 0x0000000783500000|  0%| F|  |TAMS 0x0000000783400000, 0x0000000783400000| Untracked 
|  53|0x0000000783500000, 0x0000000783500000, 0x0000000783600000|  0%| F|  |TAMS 0x0000000783500000, 0x0000000783500000| Untracked 
|  54|0x0000000783600000, 0x0000000783600000, 0x0000000783700000|  0%| F|  |TAMS 0x0000000783600000, 0x0000000783600000| Untracked 
|  55|0x0000000783700000, 0x0000000783700000, 0x0000000783800000|  0%| F|  |TAMS 0x0000000783700000, 0x0000000783700000| Untracked 
|  56|0x0000000783800000, 0x0000000783800000, 0x0000000783900000|  0%| F|  |TAMS 0x0000000783800000, 0x0000000783800000| Untracked 
|  57|0x0000000783900000, 0x0000000783900000, 0x0000000783a00000|  0%| F|  |TAMS 0x0000000783900000, 0x0000000783900000| Untracked 
|  58|0x0000000783a00000, 0x0000000783a00000, 0x0000000783b00000|  0%| F|  |TAMS 0x0000000783a00000, 0x0000000783a00000| Untracked 
|  59|0x0000000783b00000, 0x0000000783b00000, 0x0000000783c00000|  0%| F|  |TAMS 0x0000000783b00000, 0x0000000783b00000| Untracked 
|  60|0x0000000783c00000, 0x0000000783c00000, 0x0000000783d00000|  0%| F|  |TAMS 0x0000000783c00000, 0x0000000783c00000| Untracked 
|  61|0x0000000783d00000, 0x0000000783d00000, 0x0000000783e00000|  0%| F|  |TAMS 0x0000000783d00000, 0x0000000783d00000| Untracked 
|  62|0x0000000783e00000, 0x0000000783e00000, 0x0000000783f00000|  0%| F|  |TAMS 0x0000000783e00000, 0x0000000783e00000| Untracked 
|  63|0x0000000783f00000, 0x0000000783f00000, 0x0000000784000000|  0%| F|  |TAMS 0x0000000783f00000, 0x0000000783f00000| Untracked 
|  64|0x0000000784000000, 0x0000000784000000, 0x0000000784100000|  0%| F|  |TAMS 0x0000000784000000, 0x0000000784000000| Untracked 
|  65|0x0000000784100000, 0x0000000784100000, 0x0000000784200000|  0%| F|  |TAMS 0x0000000784100000, 0x0000000784100000| Untracked 
|  66|0x0000000784200000, 0x0000000784200000, 0x0000000784300000|  0%| F|  |TAMS 0x0000000784200000, 0x0000000784200000| Untracked 
|  67|0x0000000784300000, 0x0000000784300000, 0x0000000784400000|  0%| F|  |TAMS 0x0000000784300000, 0x0000000784300000| Untracked 
|  68|0x0000000784400000, 0x0000000784400000, 0x0000000784500000|  0%| F|  |TAMS 0x0000000784400000, 0x0000000784400000| Untracked 
|  69|0x0000000784500000, 0x0000000784500000, 0x0000000784600000|  0%| F|  |TAMS 0x0000000784500000, 0x0000000784500000| Untracked 
|  70|0x0000000784600000, 0x0000000784600000, 0x0000000784700000|  0%| F|  |TAMS 0x0000000784600000, 0x0000000784600000| Untracked 
|  71|0x0000000784700000, 0x0000000784700000, 0x0000000784800000|  0%| F|  |TAMS 0x0000000784700000, 0x0000000784700000| Untracked 
|  72|0x0000000784800000, 0x0000000784800000, 0x0000000784900000|  0%| F|  |TAMS 0x0000000784800000, 0x0000000784800000| Untracked 
|  73|0x0000000784900000, 0x0000000784900000, 0x0000000784a00000|  0%| F|  |TAMS 0x0000000784900000, 0x0000000784900000| Untracked 
|  74|0x0000000784a00000, 0x0000000784a00000, 0x0000000784b00000|  0%| F|  |TAMS 0x0000000784a00000, 0x0000000784a00000| Untracked 
|  75|0x0000000784b00000, 0x0000000784b00000, 0x0000000784c00000|  0%| F|  |TAMS 0x0000000784b00000, 0x0000000784b00000| Untracked 
|  76|0x0000000784c00000, 0x0000000784c00000, 0x0000000784d00000|  0%| F|  |TAMS 0x0000000784c00000, 0x0000000784c00000| Untracked 
|  77|0x0000000784d00000, 0x0000000784d00000, 0x0000000784e00000|  0%| F|  |TAMS 0x0000000784d00000, 0x0000000784d00000| Untracked 
|  78|0x0000000784e00000, 0x0000000784e00000, 0x0000000784f00000|  0%| F|  |TAMS 0x0000000784e00000, 0x0000000784e00000| Untracked 
|  79|0x0000000784f00000, 0x0000000784f00000, 0x0000000785000000|  0%| F|  |TAMS 0x0000000784f00000, 0x0000000784f00000| Untracked 
|  80|0x0000000785000000, 0x0000000785000000, 0x0000000785100000|  0%| F|  |TAMS 0x0000000785000000, 0x0000000785000000| Untracked 
|  81|0x0000000785100000, 0x0000000785100000, 0x0000000785200000|  0%| F|  |TAMS 0x0000000785100000, 0x0000000785100000| Untracked 
|  82|0x0000000785200000, 0x0000000785200000, 0x0000000785300000|  0%| F|  |TAMS 0x0000000785200000, 0x0000000785200000| Untracked 
|  83|0x0000000785300000, 0x0000000785300000, 0x0000000785400000|  0%| F|  |TAMS 0x0000000785300000, 0x0000000785300000| Untracked 
|  84|0x0000000785400000, 0x0000000785400000, 0x0000000785500000|  0%| F|  |TAMS 0x0000000785400000, 0x0000000785400000| Untracked 
|  85|0x0000000785500000, 0x0000000785500000, 0x0000000785600000|  0%| F|  |TAMS 0x0000000785500000, 0x0000000785500000| Untracked 
|  86|0x0000000785600000, 0x0000000785600000, 0x0000000785700000|  0%| F|  |TAMS 0x0000000785600000, 0x0000000785600000| Untracked 
|  87|0x0000000785700000, 0x0000000785700000, 0x0000000785800000|  0%| F|  |TAMS 0x0000000785700000, 0x0000000785700000| Untracked 
|  88|0x0000000785800000, 0x0000000785800000, 0x0000000785900000|  0%| F|  |TAMS 0x0000000785800000, 0x0000000785800000| Untracked 
|  89|0x0000000785900000, 0x0000000785900000, 0x0000000785a00000|  0%| F|  |TAMS 0x0000000785900000, 0x0000000785900000| Untracked 
|  90|0x0000000785a00000, 0x0000000785a00000, 0x0000000785b00000|  0%| F|  |TAMS 0x0000000785a00000, 0x0000000785a00000| Untracked 
|  91|0x0000000785b00000, 0x0000000785b00000, 0x0000000785c00000|  0%| F|  |TAMS 0x0000000785b00000, 0x0000000785b00000| Untracked 
|  92|0x0000000785c00000, 0x0000000785c00000, 0x0000000785d00000|  0%| F|  |TAMS 0x0000000785c00000, 0x0000000785c00000| Untracked 
|  93|0x0000000785d00000, 0x0000000785d00000, 0x0000000785e00000|  0%| F|  |TAMS 0x0000000785d00000, 0x0000000785d00000| Untracked 
|  94|0x0000000785e00000, 0x0000000785e00000, 0x0000000785f00000|  0%| F|  |TAMS 0x0000000785e00000, 0x0000000785e00000| Untracked 
|  95|0x0000000785f00000, 0x0000000785f00000, 0x0000000786000000|  0%| F|  |TAMS 0x0000000785f00000, 0x0000000785f00000| Untracked 
|  96|0x0000000786000000, 0x0000000786000000, 0x0000000786100000|  0%| F|  |TAMS 0x0000000786000000, 0x0000000786000000| Untracked 
|  97|0x0000000786100000, 0x0000000786100000, 0x0000000786200000|  0%| F|  |TAMS 0x0000000786100000, 0x0000000786100000| Untracked 
|  98|0x0000000786200000, 0x0000000786200000, 0x0000000786300000|  0%| F|  |TAMS 0x0000000786200000, 0x0000000786200000| Untracked 
|  99|0x0000000786300000, 0x0000000786300000, 0x0000000786400000|  0%| F|  |TAMS 0x0000000786300000, 0x0000000786300000| Untracked 
| 100|0x0000000786400000, 0x0000000786400000, 0x0000000786500000|  0%| F|  |TAMS 0x0000000786400000, 0x0000000786400000| Untracked 
| 101|0x0000000786500000, 0x0000000786500000, 0x0000000786600000|  0%| F|  |TAMS 0x0000000786500000, 0x0000000786500000| Untracked 
| 102|0x0000000786600000, 0x0000000786600000, 0x0000000786700000|  0%| F|  |TAMS 0x0000000786600000, 0x0000000786600000| Untracked 
| 103|0x0000000786700000, 0x0000000786700000, 0x0000000786800000|  0%| F|  |TAMS 0x0000000786700000, 0x0000000786700000| Untracked 
| 104|0x0000000786800000, 0x0000000786800000, 0x0000000786900000|  0%| F|  |TAMS 0x0000000786800000, 0x0000000786800000| Untracked 
| 105|0x0000000786900000, 0x0000000786900000, 0x0000000786a00000|  0%| F|  |TAMS 0x0000000786900000, 0x0000000786900000| Untracked 
| 106|0x0000000786a00000, 0x0000000786a00000, 0x0000000786b00000|  0%| F|  |TAMS 0x0000000786a00000, 0x0000000786a00000| Untracked 
| 107|0x0000000786b00000, 0x0000000786b00000, 0x0000000786c00000|  0%| F|  |TAMS 0x0000000786b00000, 0x0000000786b00000| Untracked 
| 108|0x0000000786c00000, 0x0000000786c00000, 0x0000000786d00000|  0%| F|  |TAMS 0x0000000786c00000, 0x0000000786c00000| Untracked 
| 109|0x0000000786d00000, 0x0000000786d00000, 0x0000000786e00000|  0%| F|  |TAMS 0x0000000786d00000, 0x0000000786d00000| Untracked 
| 110|0x0000000786e00000, 0x0000000786e00000, 0x0000000786f00000|  0%| F|  |TAMS 0x0000000786e00000, 0x0000000786e00000| Untracked 
| 111|0x0000000786f00000, 0x0000000786f00000, 0x0000000787000000|  0%| F|  |TAMS 0x0000000786f00000, 0x0000000786f00000| Untracked 
| 112|0x0000000787000000, 0x0000000787000000, 0x0000000787100000|  0%| F|  |TAMS 0x0000000787000000, 0x0000000787000000| Untracked 
| 113|0x0000000787100000, 0x0000000787100000, 0x0000000787200000|  0%| F|  |TAMS 0x0000000787100000, 0x0000000787100000| Untracked 
| 114|0x0000000787200000, 0x0000000787200000, 0x0000000787300000|  0%| F|  |TAMS 0x0000000787200000, 0x0000000787200000| Untracked 
| 115|0x0000000787300000, 0x0000000787300000, 0x0000000787400000|  0%| F|  |TAMS 0x0000000787300000, 0x0000000787300000| Untracked 
| 116|0x0000000787400000, 0x0000000787400000, 0x0000000787500000|  0%| F|  |TAMS 0x0000000787400000, 0x0000000787400000| Untracked 
| 117|0x0000000787500000, 0x0000000787500000, 0x0000000787600000|  0%| F|  |TAMS 0x0000000787500000, 0x0000000787500000| Untracked 
| 118|0x0000000787600000, 0x0000000787600000, 0x0000000787700000|  0%| F|  |TAMS 0x0000000787600000, 0x0000000787600000| Untracked 
| 119|0x0000000787700000, 0x0000000787700000, 0x0000000787800000|  0%| F|  |TAMS 0x0000000787700000, 0x0000000787700000| Untracked 
| 120|0x0000000787800000, 0x0000000787800000, 0x0000000787900000|  0%| F|  |TAMS 0x0000000787800000, 0x0000000787800000| Untracked 
| 121|0x0000000787900000, 0x0000000787900000, 0x0000000787a00000|  0%| F|  |TAMS 0x0000000787900000, 0x0000000787900000| Untracked 
| 122|0x0000000787a00000, 0x0000000787a00000, 0x0000000787b00000|  0%| F|  |TAMS 0x0000000787a00000, 0x0000000787a00000| Untracked 
| 123|0x0000000787b00000, 0x0000000787b00000, 0x0000000787c00000|  0%| F|  |TAMS 0x0000000787b00000, 0x0000000787b00000| Untracked 
| 124|0x0000000787c00000, 0x0000000787c00000, 0x0000000787d00000|  0%| F|  |TAMS 0x0000000787c00000, 0x0000000787c00000| Untracked 
| 125|0x0000000787d00000, 0x0000000787d483d8, 0x0000000787e00000| 28%| E|  |TAMS 0x0000000787d00000, 0x0000000787d00000| Complete 
| 126|0x0000000787e00000, 0x0000000787f00000, 0x0000000787f00000|100%| E|CS|TAMS 0x0000000787e00000, 0x0000000787e00000| Complete 
| 127|0x0000000787f00000, 0x0000000788000000, 0x0000000788000000|100%| E|CS|TAMS 0x0000000787f00000, 0x0000000787f00000| Complete 

Card table byte_map: [0x0000000107071000,0x0000000107471000] _byte_map_base: 0x0000000103471000

Marking Bits (Prev, Next): (CMBitMap*) 0x00007ff03d02cc18, (CMBitMap*) 0x00007ff03d02cc50
 Prev Bits: [0x0000000108900000, 0x000000010a900000)
 Next Bits: [0x000000010a900000, 0x000000010c900000)

Polling page: 0x0000000106968000

Metaspace:

Usage:
  Non-class:      5.10 MB capacity,     5.03 MB ( 99%) used,    60.77 KB (  1%) free+waste,     1.75 KB ( <1%) overhead. 
      Class:    498.00 KB capacity,   470.07 KB ( 94%) used,    27.05 KB (  5%) free+waste,   896 bytes ( <1%) overhead. 
       Both:      5.58 MB capacity,     5.49 MB ( 98%) used,    87.82 KB (  2%) free+waste,     2.62 KB ( <1%) overhead. 

Virtual space:
  Non-class space:        8.00 MB reserved,       5.25 MB ( 66%) committed 
      Class space:        1.00 GB reserved,     512.00 KB ( <1%) committed 
             Both:        1.01 GB reserved,       5.75 MB ( <1%) committed 

Chunk freelists:
   Non-Class:  30.00 KB
       Class:  14.00 KB
        Both:  44.00 KB

MaxMetaspaceSize: unlimited
CompressedClassSpaceSize: 1.00 GB
Initial GC threshold: 20.80 MB
Current GC threshold: 20.80 MB
CDS: off

CodeHeap 'non-profiled nmethods': size=120032Kb used=43Kb max_used=43Kb free=119988Kb
 bounds [0x000000011e765000, 0x000000011e9d5000, 0x0000000125c9d000]
CodeHeap 'profiled nmethods': size=120032Kb used=206Kb max_used=206Kb free=119825Kb
 bounds [0x000000011722d000, 0x000000011749d000, 0x000000011e765000]
CodeHeap 'non-nmethods': size=5696Kb used=1147Kb max_used=1147Kb free=4548Kb
 bounds [0x0000000116c9d000, 0x0000000116f0d000, 0x000000011722d000]
 total_blobs=496 nmethods=171 adapters=247
 compilation: enabled
              stopped_count=0, restarted_count=0
 full_count=0

Compilation events (20 events):
Event: 0.520 Thread 0x00007ff03d840000  161       3       java.util.Objects::requireNonNull (15 bytes)
Event: 0.521 Thread 0x00007ff03d840000 nmethod 161 0x000000011725dc90 code [0x000000011725de60, 0x000000011725e060]
Event: 0.521 Thread 0x00007ff03d840000  162       3       jdk.internal.misc.Unsafe::putObjectRelease (9 bytes)
Event: 0.521 Thread 0x00007ff03d840000 nmethod 162 0x000000011725e190 code [0x000000011725e340, 0x000000011725e490]
Event: 0.521 Thread 0x00007ff03d840000  164       3       java.util.concurrent.ConcurrentHashMap::setTabAt (20 bytes)
Event: 0.521 Thread 0x00007ff03d840000 nmethod 164 0x000000011725e510 code [0x000000011725e6c0, 0x000000011725e970]
Event: 0.521 Thread 0x00007ff03d840000  165       3       java.lang.String::lastIndexOf (12 bytes)
Event: 0.522 Thread 0x00007ff03d840000 nmethod 165 0x000000011725ea90 code [0x000000011725ec80, 0x000000011725f070]
Event: 0.522 Thread 0x00007ff03d840000  166       1       java.lang.String::value (5 bytes)
Event: 0.523 Thread 0x00007ff03d840000 nmethod 166 0x000000011e76f490 code [0x000000011e76f640, 0x000000011e76f6f0]
Event: 0.531 Thread 0x00007ff03d840000  170       3       java.lang.AbstractStringBuilder::newCapacity (55 bytes)
Event: 0.532 Thread 0x00007ff03d840000 nmethod 170 0x000000011725f210 code [0x000000011725f3e0, 0x000000011725f640]
Event: 0.532 Thread 0x00007ff03d840000  167       3       java.lang.Class::getName (18 bytes)
Event: 0.532 Thread 0x00007ff03d840000 nmethod 167 0x000000011725f710 code [0x000000011725f8c0, 0x000000011725fa40]
Event: 0.532 Thread 0x00007ff03d840000  168       3       java.lang.String::checkIndex (46 bytes)
Event: 0.533 Thread 0x00007ff03d840000 nmethod 168 0x000000011725fb10 code [0x000000011725fda0, 0x0000000117260750]
Event: 0.533 Thread 0x00007ff03d840000  169       1       java.net.URL::getFile (5 bytes)
Event: 0.533 Thread 0x00007ff03d840000 nmethod 169 0x000000011e76f790 code [0x000000011e76f940, 0x000000011e76f9f0]
Event: 0.533 Thread 0x00007ff03d840000  171       1       java.security.ProtectionDomain::getCodeSource (5 bytes)
Event: 0.534 Thread 0x00007ff03d840000 nmethod 171 0x000000011e76fa90 code [0x000000011e76fc40, 0x000000011e76fcf0]

GC Heap History (0 events):
No events

Deoptimization events (4 events):
Event: 0.361 Thread 0x00007ff03e80e000 Uncommon trap: trap_request=0xffffff4d fr.pc=0x000000011e7690b8 relative=0x00000000000001f8
Event: 0.361 Thread 0x00007ff03e80e000 Uncommon trap: reason=unstable_if action=reinterpret pc=0x000000011e7690b8 method=java.lang.String.hashCode()I @ 14 c2
Event: 0.361 Thread 0x00007ff03e80e000 DEOPT PACKING pc=0x000000011e7690b8 sp=0x00007ff7b96d25f0
Event: 0.361 Thread 0x00007ff03e80e000 DEOPT UNPACKING pc=0x0000000116ce6ea5 sp=0x00007ff7b96d25b8 mode 2

Classes redefined (0 events):
No events

Internal exceptions (0 events):
No events

Events (20 events):
Event: 0.524 loading class edu/wpi/first/hal/can/CANNotInitializedException
Event: 0.524 loading class edu/wpi/first/hal/can/CANNotInitializedException done
Event: 0.525 loading class edu/wpi/first/hal/util/UncleanStatusException
Event: 0.525 loading class edu/wpi/first/hal/util/UncleanStatusException done
Event: 0.525 loading class edu/wpi/first/hal/simulation/NotifyCallback
Event: 0.525 loading class edu/wpi/first/hal/simulation/NotifyCallback done
Event: 0.526 loading class edu/wpi/first/hal/simulation/BufferCallback
Event: 0.526 loading class edu/wpi/first/hal/simulation/BufferCallback done
Event: 0.527 loading class edu/wpi/first/hal/simulation/ConstBufferCallback
Event: 0.527 loading class edu/wpi/first/hal/simulation/ConstBufferCallback done
Event: 0.527 loading class edu/wpi/first/hal/simulation/SpiReadAutoReceiveBufferCallback
Event: 0.527 loading class edu/wpi/first/hal/simulation/SpiReadAutoReceiveBufferCallback done
Event: 0.527 loading class edu/wpi/first/hal/simulation/SimDeviceDataJNI$SimDeviceInfo
Event: 0.527 loading class edu/wpi/first/hal/simulation/SimDeviceDataJNI$SimDeviceInfo done
Event: 0.528 loading class edu/wpi/first/hal/simulation/SimDeviceDataJNI$SimValueInfo
Event: 0.528 loading class edu/wpi/first/hal/simulation/SimDeviceDataJNI$SimValueInfo done
Event: 0.529 loading class edu/wpi/first/hal/simulation/SimDeviceCallback
Event: 0.529 loading class edu/wpi/first/hal/simulation/SimDeviceCallback done
Event: 0.529 loading class edu/wpi/first/hal/simulation/SimValueCallback
Event: 0.529 loading class edu/wpi/first/hal/simulation/SimValueCallback done


Dynamic libraries:
0x000000010694a000 	/Users/yanglimin/wpilib/2022/jdk/lib/jli/libjli.dylib
0x00007ff820aed000 	/System/Library/Frameworks/Cocoa.framework/Versions/A/Cocoa
0x00007ff80c741000 	/System/Library/Frameworks/AppKit.framework/Versions/C/AppKit
0x00007ff80fc58000 	/System/Library/Frameworks/CoreData.framework/Versions/A/CoreData
0x00007ff80ab44000 	/System/Library/Frameworks/Foundation.framework/Versions/C/Foundation
0x00007ff814a7b000 	/usr/lib/libSystem.B.dylib
0x00007ff80d5d1000 	/System/Library/PrivateFrameworks/UIFoundation.framework/Versions/A/UIFoundation
0x00007ff81a9ee000 	/System/Library/PrivateFrameworks/RemoteViewServices.framework/Versions/A/RemoteViewServices
0x00007ff812ccf000 	/System/Library/PrivateFrameworks/XCTTargetBootstrap.framework/Versions/A/XCTTargetBootstrap
0x00007ff816884000 	/System/Library/PrivateFrameworks/InternationalSupport.framework/Versions/A/InternationalSupport
0x00007ff81690e000 	/System/Library/PrivateFrameworks/UserActivity.framework/Versions/A/UserActivity
0x00007ff815c62000 	/usr/lib/libspindump.dylib
0x00007ff80d860000 	/System/Library/Frameworks/UniformTypeIdentifiers.framework/Versions/A/UniformTypeIdentifiers
0x00007ff8113f3000 	/usr/lib/libapp_launch_measurement.dylib
0x00007ff81062a000 	/System/Library/PrivateFrameworks/CoreAnalytics.framework/Versions/A/CoreAnalytics
0x00007ff8113f6000 	/System/Library/PrivateFrameworks/CoreAutoLayout.framework/Versions/A/CoreAutoLayout
0x00007ff812626000 	/System/Library/Frameworks/Metal.framework/Versions/A/Metal
0x00007ff813355000 	/usr/lib/liblangid.dylib
0x00007ff812cd4000 	/System/Library/PrivateFrameworks/CoreSVG.framework/Versions/A/CoreSVG
0x00007ff80ec4c000 	/System/Library/PrivateFrameworks/SkyLight.framework/Versions/A/SkyLight
0x00007ff80efeb000 	/System/Library/Frameworks/CoreGraphics.framework/Versions/A/CoreGraphics
0x00007ff81b0ae000 	/System/Library/Frameworks/Accelerate.framework/Versions/A/Accelerate
0x00007ff8156e1000 	/System/Library/PrivateFrameworks/IconServices.framework/Versions/A/IconServices
0x00007ff81260b000 	/System/Library/Frameworks/IOSurface.framework/Versions/A/IOSurface
0x00007ff810658000 	/usr/lib/libDiagnosticMessagesClient.dylib
0x00007ff81499b000 	/usr/lib/libz.1.dylib
0x00007ff81e791000 	/System/Library/Frameworks/ApplicationServices.framework/Versions/A/ApplicationServices
0x00007ff812cbb000 	/System/Library/PrivateFrameworks/DFRFoundation.framework/Versions/A/DFRFoundation
0x00007ff80c029000 	/usr/lib/libicucore.A.dylib
0x00007ff81767a000 	/System/Library/Frameworks/AudioToolbox.framework/Versions/A/AudioToolbox
0x00007ff816890000 	/System/Library/PrivateFrameworks/DataDetectorsCore.framework/Versions/A/DataDetectorsCore
0x00007ff912d8b000 	/System/Library/PrivateFrameworks/TextInput.framework/Versions/A/TextInput
0x00007ff80ebcf000 	/usr/lib/libMobileGestalt.dylib
0x00007ff8129c7000 	/System/Library/Frameworks/Carbon.framework/Versions/A/Frameworks/HIToolbox.framework/Versions/A/HIToolbox
0x00007ff810df5000 	/System/Library/Frameworks/QuartzCore.framework/Versions/A/QuartzCore
0x00007ff80bcce000 	/System/Library/Frameworks/Security.framework/Versions/A/Security
0x00007ff81aa26000 	/System/Library/Frameworks/Carbon.framework/Versions/A/Frameworks/SpeechRecognition.framework/Versions/A/SpeechRecognition
0x00007ff811153000 	/System/Library/PrivateFrameworks/CoreUI.framework/Versions/A/CoreUI
0x00007ff80b598000 	/System/Library/Frameworks/CoreAudio.framework/Versions/A/CoreAudio
0x00007ff810747000 	/System/Library/Frameworks/DiskArbitration.framework/Versions/A/DiskArbitration
0x00007ff816050000 	/System/Library/PrivateFrameworks/MultitouchSupport.framework/Versions/A/MultitouchSupport
0x00007ff80ebce000 	/usr/lib/libenergytrace.dylib
0x00007ff80c62d000 	/System/Library/Frameworks/IOKit.framework/Versions/A/IOKit
0x00007ff81ae16000 	/System/Library/Frameworks/CoreServices.framework/Versions/A/CoreServices
0x00007ff81138d000 	/System/Library/PrivateFrameworks/PerformanceAnalysis.framework/Versions/A/PerformanceAnalysis
0x00007ffa22a6d000 	/System/Library/Frameworks/OpenGL.framework/Versions/A/OpenGL
0x00007ff813fb7000 	/System/Library/PrivateFrameworks/MobileKeyBag.framework/Versions/A/MobileKeyBag
0x00007ff809b0e000 	/usr/lib/libobjc.A.dylib
0x00007ff80f6b7000 	/System/Library/Frameworks/ColorSync.framework/Versions/A/ColorSync
0x00007ff809cc8000 	/System/Library/Frameworks/CoreFoundation.framework/Versions/A/CoreFoundation
0x00007ff812f4b000 	/System/Library/Frameworks/CoreImage.framework/Versions/A/CoreImage
0x00007ff80b3ac000 	/System/Library/Frameworks/CoreText.framework/Versions/A/CoreText
0x00007ff812d04000 	/System/Library/Frameworks/ImageIO.framework/Versions/A/ImageIO
0x00007ff814a81000 	/System/Library/PrivateFrameworks/SoftLinking.framework/Versions/A/SoftLinking
0x00007ff81143e000 	/usr/lib/libxml2.2.dylib
0x00007ff809bd4000 	/usr/lib/libc++.1.dylib
0x00007ff814d05000 	/usr/lib/libcompression.dylib
0x00007ff8167b7000 	/System/Library/PrivateFrameworks/TextureIO.framework/Versions/A/TextureIO
0x00007ff8153f3000 	/usr/lib/libate.dylib
0x00007ff814a76000 	/usr/lib/system/libcache.dylib
0x00007ff814a32000 	/usr/lib/system/libcommonCrypto.dylib
0x00007ff814a5b000 	/usr/lib/system/libcompiler_rt.dylib
0x00007ff814a51000 	/usr/lib/system/libcopyfile.dylib
0x00007ff809a09000 	/usr/lib/system/libcorecrypto.dylib
0x00007ff809ac7000 	/usr/lib/system/libdispatch.dylib
0x00007ff809c87000 	/usr/lib/system/libdyld.dylib
0x00007ff814a6d000 	/usr/lib/system/libkeymgr.dylib
0x00007ff814a10000 	/usr/lib/system/libmacho.dylib
0x00007ff814091000 	/usr/lib/system/libquarantine.dylib
0x00007ff814a6b000 	/usr/lib/system/libremovefile.dylib
0x00007ff80ec1c000 	/usr/lib/system/libsystem_asl.dylib
0x00007ff8099b2000 	/usr/lib/system/libsystem_blocks.dylib
0x00007ff809b4b000 	/usr/lib/system/libsystem_c.dylib
0x00007ff814a63000 	/usr/lib/system/libsystem_collections.dylib
0x00007ff813345000 	/usr/lib/system/libsystem_configuration.dylib
0x00007ff8125ee000 	/usr/lib/system/libsystem_containermanager.dylib
0x00007ff814748000 	/usr/lib/system/libsystem_coreservices.dylib
0x00007ff80c2bd000 	/usr/lib/system/libsystem_darwin.dylib
0x00007ff814a6e000 	/usr/lib/system/libsystem_dnssd.dylib
0x00007ff809b48000 	/usr/lib/system/libsystem_featureflags.dylib
0x00007ff809c9d000 	/usr/lib/system/libsystem_info.dylib
0x00007ff8149ae000 	/usr/lib/system/libsystem_m.dylib
0x00007ff809a9b000 	/usr/lib/system/libsystem_malloc.dylib
0x00007ff80ebb7000 	/usr/lib/system/libsystem_networkextension.dylib
0x00007ff80c6e3000 	/usr/lib/system/libsystem_notify.dylib
0x00007ff81aceb000 	/usr/lib/system/libsystem_product_info_filter.dylib
0x00007ff813349000 	/usr/lib/system/libsystem_sandbox.dylib
0x00007ff814a68000 	/usr/lib/system/libsystem_secinit.dylib
0x00007ff809c43000 	/usr/lib/system/libsystem_kernel.dylib
0x00007ff809c93000 	/usr/lib/system/libsystem_platform.dylib
0x00007ff809c7b000 	/usr/lib/system/libsystem_pthread.dylib
0x00007ff81046a000 	/usr/lib/system/libsystem_symptoms.dylib
0x00007ff8099f0000 	/usr/lib/system/libsystem_trace.dylib
0x00007ff814a3e000 	/usr/lib/system/libunwind.dylib
0x00007ff8099b4000 	/usr/lib/system/libxpc.dylib
0x00007ff809c2d000 	/usr/lib/libc++abi.dylib
0x00007ff814a49000 	/usr/lib/liboah.dylib
0x00007ff8151cf000 	/usr/lib/liblzma.5.dylib
0x00007ff80a856000 	/System/Library/Frameworks/SystemConfiguration.framework/Versions/A/SystemConfiguration
0x00007ff814a7d000 	/usr/lib/libfakelink.dylib
0x00007ff80e727000 	/System/Library/Frameworks/CFNetwork.framework/Versions/A/CFNetwork
0x00007ff814bbe000 	/usr/lib/libarchive.2.dylib
0x00007ff813351000 	/System/Library/PrivateFrameworks/AppleSystemInfo.framework/Versions/A/AppleSystemInfo
0x00007ff8140b8000 	/usr/lib/libbsm.0.dylib
0x00007ff80dd36000 	/usr/lib/libnetwork.dylib
0x00007ff814a16000 	/usr/lib/system/libkxld.dylib
0x00007ff813ceb000 	/System/Library/PrivateFrameworks/IOMobileFramebuffer.framework/Versions/A/IOMobileFramebuffer
0x00007ffb2243c000 	/usr/lib/libCoreEntitlements.dylib
0x00007ff81472a000 	/System/Library/PrivateFrameworks/AppleFSCompression.framework/Versions/A/AppleFSCompression
0x00007ff8140a0000 	/usr/lib/libcoretls.dylib
0x00007ff8151e9000 	/usr/lib/libcoretls_cfhelpers.dylib
0x00007ff814d00000 	/usr/lib/libpam.2.dylib
0x00007ff810089000 	/usr/lib/libsqlite3.dylib
0x00007ff815258000 	/usr/lib/libxar.1.dylib
0x00007ff81473a000 	/usr/lib/libbz2.1.0.dylib
0x00007ff814a82000 	/usr/lib/libpcap.A.dylib
0x00007ff810462000 	/usr/lib/libdns_services.dylib
0x00007ff814cd0000 	/usr/lib/libapple_nghttp2.dylib
0x00007ff814abc000 	/usr/lib/libiconv.2.dylib
0x00007ff814a0f000 	/usr/lib/libcharset.1.dylib
0x00007ff8113c1000 	/System/Library/Frameworks/CoreServices.framework/Versions/A/Frameworks/FSEvents.framework/Versions/A/FSEvents
0x00007ff80c2c7000 	/System/Library/Frameworks/CoreServices.framework/Versions/A/Frameworks/CarbonCore.framework/Versions/A/CarbonCore
0x00007ff8106ab000 	/System/Library/Frameworks/CoreServices.framework/Versions/A/Frameworks/Metadata.framework/Versions/A/Metadata
0x00007ff81474d000 	/System/Library/Frameworks/CoreServices.framework/Versions/A/Frameworks/OSServices.framework/Versions/A/OSServices
0x00007ff814c45000 	/System/Library/Frameworks/CoreServices.framework/Versions/A/Frameworks/SearchKit.framework/Versions/A/SearchKit
0x00007ff8103f4000 	/System/Library/Frameworks/CoreServices.framework/Versions/A/Frameworks/AE.framework/Versions/A/AE
0x00007ff80a1cb000 	/System/Library/Frameworks/CoreServices.framework/Versions/A/Frameworks/LaunchServices.framework/Versions/A/LaunchServices
0x00007ff815180000 	/System/Library/Frameworks/CoreServices.framework/Versions/A/Frameworks/DictionaryServices.framework/Versions/A/DictionaryServices
0x00007ff8113ce000 	/System/Library/Frameworks/CoreServices.framework/Versions/A/Frameworks/SharedFileList.framework/Versions/A/SharedFileList
0x00007ff814094000 	/usr/lib/libCheckFix.dylib
0x00007ff80ec33000 	/System/Library/PrivateFrameworks/TCC.framework/Versions/A/TCC
0x00007ff813357000 	/System/Library/PrivateFrameworks/CoreNLP.framework/Versions/A/CoreNLP
0x00007ff81065b000 	/System/Library/PrivateFrameworks/MetadataUtilities.framework/Versions/A/MetadataUtilities
0x00007ff80a907000 	/usr/lib/libmecabra.dylib
0x00007ff8140c8000 	/usr/lib/libmecab.dylib
0x00007ff80a8d2000 	/usr/lib/libCRFSuite.dylib
0x00007ff814122000 	/usr/lib/libgermantok.dylib
0x00007ff814cab000 	/usr/lib/libThaiTokenizer.dylib
0x00007ff81074e000 	/System/Library/Frameworks/Accelerate.framework/Versions/A/Frameworks/vImage.framework/Versions/A/vImage
0x00007ff81aded000 	/System/Library/Frameworks/Accelerate.framework/Versions/A/Frameworks/vecLib.framework/Versions/A/vecLib
0x00007ff815299000 	/System/Library/Frameworks/Accelerate.framework/Versions/A/Frameworks/vecLib.framework/Versions/A/libvMisc.dylib
0x00007ff813b16000 	/System/Library/Frameworks/Accelerate.framework/Versions/A/Frameworks/vecLib.framework/Versions/A/libvDSP.dylib
0x00007ff80a546000 	/System/Library/Frameworks/Accelerate.framework/Versions/A/Frameworks/vecLib.framework/Versions/A/libBLAS.dylib
0x00007ff814de2000 	/System/Library/Frameworks/Accelerate.framework/Versions/A/Frameworks/vecLib.framework/Versions/A/libLAPACK.dylib
0x00007ff814125000 	/System/Library/Frameworks/Accelerate.framework/Versions/A/Frameworks/vecLib.framework/Versions/A/libLinearAlgebra.dylib
0x00007ff814ce8000 	/System/Library/Frameworks/Accelerate.framework/Versions/A/Frameworks/vecLib.framework/Versions/A/libSparseBLAS.dylib
0x00007ff814ddc000 	/System/Library/Frameworks/Accelerate.framework/Versions/A/Frameworks/vecLib.framework/Versions/A/libQuadrature.dylib
0x00007ff813442000 	/System/Library/Frameworks/Accelerate.framework/Versions/A/Frameworks/vecLib.framework/Versions/A/libBNNS.dylib
0x00007ff80a7e0000 	/System/Library/Frameworks/Accelerate.framework/Versions/A/Frameworks/vecLib.framework/Versions/A/libSparse.dylib
0x00007ff81343b000 	/System/Library/PrivateFrameworks/LinguisticData.framework/Versions/A/LinguisticData
0x00007ff80a796000 	/System/Library/PrivateFrameworks/Lexicon.framework/Versions/A/Lexicon
0x00007ff815292000 	/usr/lib/libChineseTokenizer.dylib
0x00007ff80af01000 	/System/Library/PrivateFrameworks/LanguageModeling.framework/Versions/A/LanguageModeling
0x00007ff814cad000 	/System/Library/PrivateFrameworks/AppleSauce.framework/Versions/A/AppleSauce
0x00007ff813cd9000 	/System/Library/PrivateFrameworks/CoreEmoji.framework/Versions/A/CoreEmoji
0x00007ff814bad000 	/usr/lib/libcmph.dylib
0x00007ff8113a5000 	/System/Library/Frameworks/OpenDirectory.framework/Versions/A/Frameworks/CFOpenDirectory.framework/Versions/A/CFOpenDirectory
0x00007ff811399000 	/System/Library/Frameworks/OpenDirectory.framework/Versions/A/OpenDirectory
0x00007ff8151eb000 	/System/Library/PrivateFrameworks/APFS.framework/Versions/A/APFS
0x00007ff813fef000 	/System/Library/Frameworks/SecurityFoundation.framework/Versions/A/SecurityFoundation
0x00007ff815266000 	/usr/lib/libutil.dylib
0x00007ff80c5f1000 	/System/Library/PrivateFrameworks/CoreServicesStore.framework/Versions/A/CoreServicesStore
0x00007ff81526a000 	/usr/lib/libxslt.1.dylib
0x00007ff81407c000 	/System/Library/PrivateFrameworks/BackgroundTaskManagement.framework/Versions/A/BackgroundTaskManagement
0x00007ff8166d7000 	/System/Library/Frameworks/ImageIO.framework/Versions/A/Resources/libRadiance.dylib
0x00007ff8166e0000 	/System/Library/Frameworks/ImageIO.framework/Versions/A/Resources/libJPEG.dylib
0x00007ff81662f000 	/System/Library/Frameworks/ImageIO.framework/Versions/A/Resources/libPng.dylib
0x00007ff816650000 	/System/Library/Frameworks/ImageIO.framework/Versions/A/Resources/libTIFF.dylib
0x00007ff816740000 	/System/Library/Frameworks/ImageIO.framework/Versions/A/Resources/libGIF.dylib
0x00007ff815f6a000 	/System/Library/Frameworks/ImageIO.framework/Versions/A/Resources/libJP2.dylib
0x00007ff8156a8000 	/usr/lib/libexpat.1.dylib
0x00007ff815f1f000 	/System/Library/PrivateFrameworks/AppleJPEG.framework/Versions/A/AppleJPEG
0x00007ff81288b000 	/System/Library/PrivateFrameworks/FontServices.framework/libFontParser.dylib
0x00007ff81039e000 	/System/Library/PrivateFrameworks/RunningBoardServices.framework/Versions/A/RunningBoardServices
0x00007ff8210a8000 	/System/Library/PrivateFrameworks/IOSurfaceAccelerator.framework/Versions/A/IOSurfaceAccelerator
0x00007ff81604c000 	/System/Library/PrivateFrameworks/WatchdogClient.framework/Versions/A/WatchdogClient
0x00007ff80afef000 	/System/Library/Frameworks/CoreDisplay.framework/Versions/A/CoreDisplay
0x00007ff812789000 	/System/Library/Frameworks/CoreMedia.framework/Versions/A/CoreMedia
0x00007ff81261d000 	/System/Library/PrivateFrameworks/IOAccelerator.framework/Versions/A/IOAccelerator
0x00007ff811522000 	/System/Library/Frameworks/CoreVideo.framework/Versions/A/CoreVideo
0x00007ff814cfe000 	/System/Library/Frameworks/MetalPerformanceShaders.framework/Versions/A/MetalPerformanceShaders
0x00007ff816089000 	/System/Library/Frameworks/VideoToolbox.framework/Versions/A/VideoToolbox
0x00007ff8102e8000 	/System/Library/PrivateFrameworks/BaseBoard.framework/Versions/A/BaseBoard
0x00007ff81006f000 	/System/Library/PrivateFrameworks/ProtocolBuffer.framework/Versions/A/ProtocolBuffer
0x00007ff8166d0000 	/System/Library/PrivateFrameworks/GPUWrangler.framework/Versions/A/GPUWrangler
0x00007ff8166b4000 	/System/Library/PrivateFrameworks/IOPresentment.framework/Versions/A/IOPresentment
0x00007ff8166da000 	/System/Library/PrivateFrameworks/DSExternalDisplay.framework/Versions/A/DSExternalDisplay
0x00007ffa22a61000 	/System/Library/Frameworks/OpenGL.framework/Versions/A/Libraries/libCoreFSCache.dylib
0x00007ffb0fb38000 	/System/Library/PrivateFrameworks/GPUCompiler.framework/Versions/31001/Libraries/libGPUCompilerUtils.dylib
0x00007ff816745000 	/System/Library/PrivateFrameworks/CMCaptureCore.framework/Versions/A/CMCaptureCore
0x00007ff815c50000 	/System/Library/PrivateFrameworks/AppServerSupport.framework/Versions/A/AppServerSupport
0x00007ff817f13000 	/System/Library/PrivateFrameworks/perfdata.framework/Versions/A/perfdata
0x00007ff80b11b000 	/System/Library/PrivateFrameworks/AudioToolboxCore.framework/Versions/A/AudioToolboxCore
0x00007ff812767000 	/System/Library/PrivateFrameworks/caulk.framework/Versions/A/caulk
0x00007ff817825000 	/usr/lib/libAudioStatistics.dylib
0x00007ff90f519000 	/System/Library/PrivateFrameworks/SystemPolicy.framework/Versions/A/SystemPolicy
0x00007ff817a80000 	/usr/lib/libSMC.dylib
0x00007ff8209a0000 	/System/Library/Frameworks/CoreMIDI.framework/Versions/A/CoreMIDI
0x00007ff8165fe000 	/usr/lib/libAudioToolboxUtility.dylib
0x00007ff90b745000 	/System/Library/PrivateFrameworks/OSAServicesClient.framework/Versions/A/OSAServicesClient
0x00007ff817f20000 	/usr/lib/libperfcheck.dylib
0x00007ff90ffc6000 	/usr/lib/libmis.dylib
0x00007ffa22abc000 	/System/Library/Frameworks/OpenGL.framework/Versions/A/Libraries/libGLU.dylib
0x00007ffa22a80000 	/System/Library/Frameworks/OpenGL.framework/Versions/A/Libraries/libGFXShared.dylib
0x00007ffa22c89000 	/System/Library/Frameworks/OpenGL.framework/Versions/A/Libraries/libGL.dylib
0x00007ffa22a89000 	/System/Library/Frameworks/OpenGL.framework/Versions/A/Libraries/libGLImage.dylib
0x00007ffa22a7d000 	/System/Library/Frameworks/OpenGL.framework/Versions/A/Libraries/libCVMSPluginSupport.dylib
0x00007ffa22a68000 	/System/Library/Frameworks/OpenGL.framework/Versions/A/Libraries/libCoreVMClient.dylib
0x00007ff8132d3000 	/System/Library/Frameworks/MetalPerformanceShaders.framework/Versions/A/Frameworks/MPSCore.framework/Versions/A/MPSCore
0x00007ff814695000 	/System/Library/Frameworks/MetalPerformanceShaders.framework/Versions/A/Frameworks/MPSImage.framework/Versions/A/MPSImage
0x00007ff81413b000 	/System/Library/Frameworks/MetalPerformanceShaders.framework/Versions/A/Frameworks/MPSNeuralNetwork.framework/Versions/A/MPSNeuralNetwork
0x00007ff8145af000 	/System/Library/Frameworks/MetalPerformanceShaders.framework/Versions/A/Frameworks/MPSMatrix.framework/Versions/A/MPSMatrix
0x00007ff81436a000 	/System/Library/Frameworks/MetalPerformanceShaders.framework/Versions/A/Frameworks/MPSRayIntersector.framework/Versions/A/MPSRayIntersector
0x00007ff8145e7000 	/System/Library/Frameworks/MetalPerformanceShaders.framework/Versions/A/Frameworks/MPSNDArray.framework/Versions/A/MPSNDArray
0x00007ffa28541000 	/System/Library/Frameworks/MetalPerformanceShaders.framework/Versions/A/Frameworks/MPSFunctions.framework/Versions/A/MPSFunctions
0x00007ff80a422000 	/System/Library/PrivateFrameworks/MetalTools.framework/Versions/A/MetalTools
0x00007ff81334f000 	/System/Library/PrivateFrameworks/AggregateDictionary.framework/Versions/A/AggregateDictionary
0x00007ff81548a000 	/usr/lib/libIOReport.dylib
0x00007ffa24098000 	/System/Library/Frameworks/OpenCL.framework/Versions/A/OpenCL
0x00007ff8157ee000 	/System/Library/PrivateFrameworks/FaceCore.framework/Versions/A/FaceCore
0x00007ff8157df000 	/System/Library/PrivateFrameworks/GraphVisualizer.framework/Versions/A/GraphVisualizer
0x00007ffb0fa43000 	/System/Library/PrivateFrameworks/FontServices.framework/Versions/A/FontServices
0x00007ff815c08000 	/System/Library/PrivateFrameworks/OTSVG.framework/Versions/A/OTSVG
0x00007ff811108000 	/System/Library/Frameworks/ApplicationServices.framework/Versions/A/Frameworks/ATS.framework/Versions/A/Resources/libFontRegistry.dylib
0x00007ff815c58000 	/System/Library/PrivateFrameworks/FontServices.framework/libhvf.dylib
0x00007ffb0fa44000 	/System/Library/PrivateFrameworks/FontServices.framework/libXTFontStaticRegistryData.dylib
0x00007ff815658000 	/System/Library/PrivateFrameworks/AppleVA.framework/Versions/A/AppleVA
0x00007ff817845000 	/System/Library/Frameworks/ApplicationServices.framework/Versions/A/Frameworks/ATS.framework/Versions/A/ATS
0x00007ff80f7b5000 	/System/Library/Frameworks/ApplicationServices.framework/Versions/A/Frameworks/HIServices.framework/Versions/A/HIServices
0x00007ff81674f000 	/System/Library/Frameworks/ApplicationServices.framework/Versions/A/Frameworks/PrintCore.framework/Versions/A/PrintCore
0x00007ff817bd3000 	/System/Library/Frameworks/ApplicationServices.framework/Versions/A/Frameworks/QD.framework/Versions/A/QD
0x00007ff817bcb000 	/System/Library/Frameworks/ApplicationServices.framework/Versions/A/Frameworks/ColorSyncLegacy.framework/Versions/A/ColorSyncLegacy
0x00007ff817835000 	/System/Library/Frameworks/ApplicationServices.framework/Versions/A/Frameworks/SpeechSynthesis.framework/Versions/A/SpeechSynthesis
0x00007ff816710000 	/System/Library/Frameworks/ApplicationServices.framework/Versions/A/Frameworks/ATSUI.framework/Versions/A/ATSUI
0x00007ff817b60000 	/usr/lib/libcups.2.dylib
0x00007ff817f2f000 	/System/Library/Frameworks/Kerberos.framework/Versions/A/Kerberos
0x00007ff817f3e000 	/System/Library/Frameworks/GSS.framework/Versions/A/GSS
0x00007ff8178b1000 	/usr/lib/libresolv.9.dylib
0x00007ff815c67000 	/System/Library/PrivateFrameworks/Heimdal.framework/Versions/A/Heimdal
0x00007ff81eb23000 	/System/Library/Frameworks/Kerberos.framework/Versions/A/Libraries/libHeimdalProxy.dylib
0x00007ff810472000 	/System/Library/Frameworks/Network.framework/Versions/A/Network
0x00007ff8156c2000 	/usr/lib/libheimdal-asn1.dylib
0x00007ff817f89000 	/System/Library/PrivateFrameworks/CommonAuth.framework/Versions/A/CommonAuth
0x00007ff8177b7000 	/System/Library/PrivateFrameworks/AudioSession.framework/Versions/A/AudioSession
0x00007ff815752000 	/System/Library/PrivateFrameworks/MediaExperience.framework/Versions/A/MediaExperience
0x00007ff817649000 	/System/Library/PrivateFrameworks/AudioSession.framework/libSessionUtility.dylib
0x00007ff817bdf000 	/System/Library/PrivateFrameworks/AudioResourceArbitration.framework/Versions/A/AudioResourceArbitration
0x00007ff81bc60000 	/System/Library/PrivateFrameworks/PowerLog.framework/Versions/A/PowerLog
0x00007ff8156cb000 	/System/Library/PrivateFrameworks/IconFoundation.framework/Versions/A/IconFoundation
0x00007ff81aa16000 	/System/Library/PrivateFrameworks/SpeechRecognitionCore.framework/Versions/A/SpeechRecognitionCore
0x000000010770f000 	/Users/yanglimin/wpilib/2022/jdk/lib/server/libjvm.dylib
0x0000000106979000 	/Users/yanglimin/wpilib/2022/jdk/lib/libverify.dylib
0x00000001069b6000 	/Users/yanglimin/wpilib/2022/jdk/lib/libjava.dylib
0x000000010698a000 	/Users/yanglimin/wpilib/2022/jdk/lib/libjimage.dylib
0x0000000106a1e000 	/Users/yanglimin/wpilib/2022/jdk/lib/libjdwp.dylib
0x00000001069a2000 	/Users/yanglimin/wpilib/2022/jdk/lib/libzip.dylib
0x00000001069f8000 	/Users/yanglimin/wpilib/2022/jdk/lib/libdt_socket.dylib
0x00000001074b6000 	/Users/yanglimin/wpilib/2022/jdk/lib/libnio.dylib
0x00000001074c9000 	/Users/yanglimin/wpilib/2022/jdk/lib/libnet.dylib
0x000000010756d000 	/Users/yanglimin/Desktop/编程/Simulator/Simulator/sim2/build/jni/release/libwpiHaljni.dylib
0x000000010d100000 	/Users/yanglimin/Desktop/编程/Simulator/Simulator/sim2/build/jni/release/libwpiHal.dylib
0x000000010d4ac000 	/Users/yanglimin/Desktop/编程/Simulator/Simulator/sim2/build/jni/release/libwpiutil.dylib
0x00007ff90f331000 	/System/Library/Frameworks/AVFoundation.framework/Versions/A/AVFoundation
0x00007ffa27158000 	/System/Library/Frameworks/AVFAudio.framework/Versions/A/AVFAudio
0x00007ff81c884000 	/System/Library/PrivateFrameworks/AVFCore.framework/Versions/A/AVFCore
0x00007ff823aff000 	/System/Library/PrivateFrameworks/AVFCapture.framework/Versions/A/AVFCapture
0x00007ff818c2e000 	/System/Library/Frameworks/IOBluetooth.framework/Versions/A/IOBluetooth
0x00007ff81bbb9000 	/System/Library/Frameworks/CoreBluetooth.framework/Versions/A/CoreBluetooth
0x00007ff81eba8000 	/System/Library/Frameworks/AudioUnit.framework/Versions/A/AudioUnit
0x00007ff813dcf000 	/System/Library/PrivateFrameworks/CoreUtils.framework/Versions/A/CoreUtils
0x00007ffb0eca6000 	/System/Library/PrivateFrameworks/CoreUtilsExtras.framework/Versions/A/CoreUtilsExtras
0x00007ff90dfa4000 	/System/Library/PrivateFrameworks/AirPlaySync.framework/Versions/A/AirPlaySync
0x00007ff816979000 	/System/Library/Frameworks/MediaToolbox.framework/Versions/A/MediaToolbox
0x00007ff81c221000 	/System/Library/PrivateFrameworks/CoreAVCHD.framework/Versions/A/CoreAVCHD
0x00007ff81b0f6000 	/System/Library/Frameworks/MediaAccessibility.framework/Versions/A/MediaAccessibility
0x00007ff81c21d000 	/System/Library/PrivateFrameworks/Mangrove.framework/Versions/A/Mangrove
0x00007ff813fde000 	/System/Library/PrivateFrameworks/AssertionServices.framework/Versions/A/AssertionServices
0x00007ff81b101000 	/System/Library/PrivateFrameworks/AlgosScoreFramework.framework/Versions/A/AlgosScoreFramework
0x00007ffb0bf9a000 	/System/Library/PrivateFrameworks/CMPhoto.framework/Versions/A/CMPhoto
0x00007ff81cd75000 	/System/Library/PrivateFrameworks/AppleVPA.framework/Versions/A/AppleVPA
0x00007ff81be62000 	/System/Library/PrivateFrameworks/CoreAUC.framework/Versions/A/CoreAUC
0x00007ffb0bf83000 	/System/Library/PrivateFrameworks/CMImaging.framework/Versions/A/CMImaging
0x00007ff823c51000 	/System/Library/PrivateFrameworks/Quagga.framework/Versions/A/Quagga
0x00007ff9099b2000 	/System/Library/PrivateFrameworks/CMCapture.framework/Versions/A/CMCapture
0x00007ff8179a0000 	/System/Library/Frameworks/CoreMediaIO.framework/Versions/A/CoreMediaIO
0x00007ff81ecd0000 	/System/Library/PrivateFrameworks/Espresso.framework/Versions/A/Espresso
0x00007ff81e599000 	/System/Library/PrivateFrameworks/AppSupport.framework/Versions/A/AppSupport
0x00007ffa156d0000 	/System/Library/PrivateFrameworks/ANECompiler.framework/Versions/A/ANECompiler
0x00007ff820920000 	/System/Library/PrivateFrameworks/AppleNeuralEngine.framework/Versions/A/AppleNeuralEngine
0x00007ffb12559000 	/System/Library/PrivateFrameworks/MIL.framework/Versions/A/MIL
0x00007ffa28554000 	/System/Library/Frameworks/MetalPerformanceShadersGraph.framework/Versions/A/MetalPerformanceShadersGraph
0x00007ff81f86f000 	/System/Library/PrivateFrameworks/ANEServices.framework/Versions/A/ANEServices
0x00007ff81801a000 	/System/Library/PrivateFrameworks/CorePhoneNumbers.framework/Versions/A/CorePhoneNumbers
0x00007ff80c6f2000 	/usr/lib/libsandbox.1.dylib
0x00007ff8155c8000 	/usr/lib/libMatch.1.dylib
0x00007ff913d91000 	/usr/lib/libncurses.5.4.dylib
0x00007ff81e228000 	/System/Library/PrivateFrameworks/BackBoardServices.framework/Versions/A/BackBoardServices
0x00007ff81ca74000 	/System/Library/PrivateFrameworks/FrontBoardServices.framework/Versions/A/FrontBoardServices
0x00007ff81cb05000 	/System/Library/PrivateFrameworks/BoardServices.framework/Versions/A/BoardServices
0x000000010dd40000 	/Users/yanglimin/Desktop/编程/Simulator/Simulator/sim2/build/jni/release/libhalsim_gui.dylib
0x000000012999b000 	/Users/yanglimin/Desktop/编程/Simulator/Simulator/sim2/build/jni/release/libwpimath.dylib
0x000000010d208000 	/Users/yanglimin/Desktop/编程/Simulator/Simulator/sim2/build/jni/release/libntcore.dylib
0x00007ff818dbd000 	/System/Library/Frameworks/MetalKit.framework/Versions/A/MetalKit
0x00007ff80c5b3000 	/System/Library/PrivateFrameworks/CoreServicesInternal.framework/Versions/A/CoreServicesInternal
0x00007ff81c251000 	/System/Library/Frameworks/FileProvider.framework/Versions/A/FileProvider
0x00007ff810255000 	/System/Library/Frameworks/Accounts.framework/Versions/A/Accounts
0x00007ff81c3ca000 	/System/Library/PrivateFrameworks/GenerationalStorage.framework/Versions/A/GenerationalStorage
0x00007ff81ceda000 	/System/Library/PrivateFrameworks/CoreSymbolication.framework/Versions/A/CoreSymbolication
0x00007ff81bc55000 	/System/Library/PrivateFrameworks/SymptomDiagnosticReporter.framework/Versions/A/SymptomDiagnosticReporter
0x00007ff80d874000 	/System/Library/PrivateFrameworks/DesktopServicesPriv.framework/Versions/A/DesktopServicesPriv
0x00007ff8115a1000 	/System/Library/PrivateFrameworks/UserManagement.framework/Versions/A/UserManagement
0x00007ff81ce9f000 	/System/Library/PrivateFrameworks/DebugSymbols.framework/Versions/A/DebugSymbols
0x00007ff817bc0000 	/System/Library/PrivateFrameworks/NetAuth.framework/Versions/A/NetAuth
0x00007ff818acf000 	/System/Library/PrivateFrameworks/Sharing.framework/Versions/A/Sharing
0x00007ff811574000 	/System/Library/PrivateFrameworks/login.framework/Versions/A/Frameworks/loginsupport.framework/Versions/A/loginsupport
0x00007ff81e03d000 	/System/Library/PrivateFrameworks/Apple80211.framework/Versions/A/Apple80211
0x00007ff81477a000 	/System/Library/PrivateFrameworks/AuthKit.framework/Versions/A/AuthKit
0x00007ff813cf6000 	/System/Library/Frameworks/CoreWLAN.framework/Versions/A/CoreWLAN
0x00007ff81e0a5000 	/System/Library/PrivateFrameworks/CoreWiFi.framework/Versions/A/CoreWiFi
0x00007ff8178de000 	/System/Library/PrivateFrameworks/MultiverseSupport.framework/Versions/A/MultiverseSupport
0x00007ff81e49c000 	/System/Library/PrivateFrameworks/RemoteServiceDiscovery.framework/Versions/A/RemoteServiceDiscovery
0x00007ff81bd72000 	/System/Library/PrivateFrameworks/DiskManagement.framework/Versions/A/DiskManagement
0x00007ff81bc86000 	/System/Library/PrivateFrameworks/AppleIDAuthSupport.framework/Versions/A/AppleIDAuthSupport
0x00007ffb0a3be000 	/System/Library/PrivateFrameworks/AAAFoundation.framework/Versions/A/AAAFoundation
0x00007ff817ffb000 	/System/Library/PrivateFrameworks/KeychainCircle.framework/Versions/A/KeychainCircle
0x00007ff81e4ac000 	/System/Library/PrivateFrameworks/RemoteXPC.framework/Versions/A/RemoteXPC
0x00007ff81bd3e000 	/System/Library/PrivateFrameworks/MediaKit.framework/Versions/A/MediaKit
0x00007ff81bc92000 	/System/Library/Frameworks/DiscRecording.framework/Versions/A/DiscRecording
0x00007ff8155d0000 	/usr/lib/libCoreStorage.dylib
0x00007ff81e517000 	/usr/lib/libcsfde.dylib
0x00007ff818cfb000 	/System/Library/PrivateFrameworks/ProtectedCloudStorage.framework/Versions/A/ProtectedCloudStorage
0x00007ff81e513000 	/System/Library/PrivateFrameworks/EFILogin.framework/Versions/A/EFILogin
0x00007ff81c3f0000 	/System/Library/PrivateFrameworks/OctagonTrust.framework/Versions/A/OctagonTrust
0x000000010d445000 	/System/Library/Extensions/IOHIDFamily.kext/Contents/PlugIns/IOHIDLib.plugin/Contents/MacOS/IOHIDLib


VM Arguments:
jvm_args: -agentlib:jdwp=transport=dt_socket,server=n,suspend=y,address=localhost:49793 -Djava.library.path=/Users/yanglimin/Desktop/编程/Simulator/Simulator/sim2/build/jni/release 
java_command: frc.robot.Main
java_class_path (initial): /Users/yanglimin/Desktop/编程/Simulator/Simulator/sim2/bin/main:/Users/yanglimin/.gradle/caches/modules-2/files-2.1/edu.wpi.first.wpilibj/wpilibj-java/2022.2.1/b0cfaf7c3f87fedd466c0c4284275f46e155b5b0/wpilibj-java-2022.2.1.jar:/Users/yanglimin/.gradle/caches/modules-2/files-2.1/edu.wpi.first.wpimath/wpimath-java/2022.2.1/66e5dc32cffcf72ff6291fada2c08b2164b35c50/wpimath-java-2022.2.1.jar:/Users/yanglimin/.gradle/caches/modules-2/files-2.1/edu.wpi.first.ntcore/ntcore-java/2022.2.1/5e18ded2e72fe4d4244ef04a3c9163f0d12e728b/ntcore-java-2022.2.1.jar:/Users/yanglimin/.gradle/caches/modules-2/files-2.1/edu.wpi.first.cscore/cscore-java/2022.2.1/952bef4a81822d7cf84e9767a1a507118eb167b3/cscore-java-2022.2.1.jar:/Users/yanglimin/.gradle/caches/modules-2/files-2.1/edu.wpi.first.cameraserver/cameraserver-java/2022.2.1/fe399ff88debe8b481637fb002fc58ca56aae2f4/cameraserver-java-2022.2.1.jar:/Users/yanglimin/.gradle/caches/modules-2/files-2.1/edu.wpi.first.hal/hal-java/2022.2.1/64605201acf4cc47eb510bb496abdfdcd8ee74ba/hal-java-2022.2.1.jar:/Users/yanglimin/.gradle/caches/modules-2/files-2.1/edu.wpi.first.wpiutil/wpiutil-java/2022.2.1/5e24e6af81831f0e9545f4eec2629b4c009d022f/wpiutil-java-2022.2.1.jar:/Users/yanglimin/wpilib/2022/maven/edu/wpi/first/thirdparty/frc2022/opencv/opencv-java/4.5.2-1/opencv-java-4.5.2-1.jar:/Users/yanglimin/wpilib/2022/maven/org/ejml/ejml-simple/0.41/ejml-simple-0.41.jar:/Users/yanglimin/wpilib/2022/maven/com/fasterxml/jackson/core/jackson-databind/2.12.4/jackson-databind-2.12.4.jar:/Users/yanglimin/wpilib/2022/maven/com/fasterxml/jackson/core/jackson-annotations/2.12.4/jackson-annotations-2.12.4.jar:/Users/yanglimin/wpilib/2022/maven/com/fasterxml/jackson/core/jackson-core/2.12.4/jackson-core-2.12.4.jar:/Users/yanglimin/.gradle/caches/modules-2/files-2.1/edu.wpi.first.wpilibNewCommands/wpilibNewCommands-java/2022.2.1/ae25cfc79ee4b64afa1830d8d9a76fc97789e504/wpilibNewCommands-java-2022.2.1.jar:/Users/yanglimin/wpilib/2022/mave
Launcher Type: SUN_STANDARD

[Global flags]
     intx CICompilerCount                          = 3                                         {product} {ergonomic}
     uint ConcGCThreads                            = 1                                         {product} {ergonomic}
     uint G1ConcRefinementThreads                  = 4                                         {product} {ergonomic}
   size_t G1HeapRegionSize                         = 1048576                                   {product} {ergonomic}
    uintx GCDrainStackTargetSize                   = 64                                        {product} {ergonomic}
   size_t InitialHeapSize                          = 134217728                                 {product} {ergonomic}
   size_t MarkStackSize                            = 4194304                                   {product} {ergonomic}
   size_t MaxHeapSize                              = 2147483648                                {product} {ergonomic}
   size_t MaxNewSize                               = 1287651328                                {product} {ergonomic}
   size_t MinHeapDeltaBytes                        = 1048576                                   {product} {ergonomic}
    uintx NonNMethodCodeHeapSize                   = 5830732                                {pd product} {ergonomic}
    uintx NonProfiledCodeHeapSize                  = 122913754                              {pd product} {ergonomic}
    uintx ProfiledCodeHeapSize                     = 122913754                              {pd product} {ergonomic}
    uintx ReservedCodeCacheSize                    = 251658240                              {pd product} {ergonomic}
     bool SegmentedCodeCache                       = true                                      {product} {ergonomic}
     bool UseCompressedClassPointers               = true                                 {lp64_product} {ergonomic}
     bool UseCompressedOops                        = true                                 {lp64_product} {ergonomic}
     bool UseG1GC                                  = true                                      {product} {ergonomic}

Logging:
Log output configuration:
 #0: stdout all=warning uptime,level,tags
 #1: stderr all=off uptime,level,tags

Environment Variables:
JAVA_HOME=/Users/yanglimin/wpilib/2022/jdk
PATH=/Library/Frameworks/Python.framework/Versions/3.10/bin:/Library/Frameworks/Python.framework/Versions/3.10/bin:/Library/Frameworks/Python.framework/Versions/3.10/bin:/Library/Frameworks/Python.framework/Versions/3.10/bin:/usr/local/bin:/usr/bin:/bin:/usr/sbin:/sbin:/Users/yanglimin/wpilib/2022/jdk/bin
LD_LIBRARY_PATH=/Users/yanglimin/Desktop/编程/Simulator/Simulator/sim2/build/jni/release
SHELL=/bin/bash
LANG=en_US.UTF-8
DYLD_LIBRARY_PATH=/Users/yanglimin/Desktop/编程/Simulator/Simulator/sim2/build/jni/release

Signal Handlers:
SIGSEGV: [libjvm.dylib+0x7c4d6c], sa_mask[0]=11111111011111110111111111111111, sa_flags=SA_ONSTACK|SA_RESTART|SA_SIGINFO
SIGBUS: [libjvm.dylib+0x7c4d6c], sa_mask[0]=11111111011111110111111111111111, sa_flags=SA_RESTART|SA_SIGINFO
SIGFPE: [libjvm.dylib+0x7c4d6c], sa_mask[0]=11111111011111110111111111111111, sa_flags=SA_RESTART|SA_SIGINFO
SIGPIPE: [libjvm.dylib+0x6298ca], sa_mask[0]=11111111011111110111111111111111, sa_flags=SA_RESTART|SA_SIGINFO
SIGXFSZ: [libjvm.dylib+0x6298ca], sa_mask[0]=11111111011111110111111111111111, sa_flags=SA_RESTART|SA_SIGINFO
SIGILL: [libjvm.dylib+0x7c4d6c], sa_mask[0]=11111111011111110111111111111111, sa_flags=SA_RESTART|SA_SIGINFO
SIGUSR2: [libjvm.dylib+0x629eb1], sa_mask[0]=00000000000000000000000000000000, sa_flags=SA_RESTART|SA_SIGINFO
SIGHUP: [libjvm.dylib+0x628a93], sa_mask[0]=11111111011111110111111111111111, sa_flags=SA_RESTART|SA_SIGINFO
SIGINT: [libjvm.dylib+0x628a93], sa_mask[0]=11111111011111110111111111111111, sa_flags=SA_RESTART|SA_SIGINFO
SIGTERM: [libjvm.dylib+0x628a93], sa_mask[0]=11111111011111110111111111111111, sa_flags=SA_RESTART|SA_SIGINFO
SIGQUIT: [libjvm.dylib+0x628a93], sa_mask[0]=11111111011111110111111111111111, sa_flags=SA_RESTART|SA_SIGINFO


---------------  S Y S T E M  ---------------

OS:uname:Darwin 21.6.0 Darwin Kernel Version 21.6.0: Mon Aug 22 20:17:10 PDT 2022; root:xnu-8020.140.49~2/RELEASE_X86_64 x86_64
OS uptime: 0 days 0:23 hours
rlimit (soft/hard): STACK 8192k/65532k , CORE 0k/infinity , NPROC 1392/2088 , NOFILE 10240/infinity , AS infinity/infinity , CPU infinity/infinity , DATA infinity/infinity , FSIZE infinity/infinity , MEMLOCK infinity/infinity , RSS infinity/infinity
load average:2.91 9.59 28.89

CPU:total 4 (initial active 4) (2 cores per cpu, 2 threads per core) family 6 model 78 stepping 3 microcode 0xf0, cmov, cx8, fxsr, mmx, sse, sse2, sse3, ssse3, sse4.1, sse4.2, popcnt, avx, avx2, aes, clmul, erms, 3dnowpref, lzcnt, ht, tsc, tscinvbit, bmi1, bmi2, adx, fma

Memory: 4k page, physical 8388608k(660120k free), swap 0k(0k free)

vm_info: OpenJDK 64-Bit Server VM (11.0.13+8) for bsd-amd64 JRE (11.0.13+8), built on Oct 20 2021 01:56:05 by "jenkins" with clang 4.2.1 Compatible Apple LLVM 10.0.1 (clang-1001.0.46.4)

END.
