#
# A fatal error has been detected by the Java Runtime Environment:
#
#  SIGSEGV (0xb) at pc=0x00007ff80a356a28, pid=1104, tid=259
#
# JRE version: OpenJDK Runtime Environment Temurin-11.0.13+8 (11.0.13+8) (build 11.0.13+8)
# Java VM: OpenJDK 64-Bit Server VM Temurin-11.0.13+8 (11.0.13+8, mixed mode, tiered, compressed oops, g1 gc, bsd-amd64)
# Problematic frame:
# C  [CoreFoundation+0x20a28]  CFArrayGetCount+0x6
#
# No core dump will be written. Core dumps have been disabled. To enable core dumping, try "ulimit -c unlimited" before starting Java again
#
# If you would like to submit a bug report, please visit:
#   https://github.com/adoptium/adoptium-support/issues
# The crash happened outside the Java Virtual Machine in native code.
# See problematic frame for where to report the bug.
#

---------------  S U M M A R Y ------------

Command Line: -agentlib:jdwp=transport=dt_socket,server=n,suspend=y,address=localhost:49409 -Djava.library.path=/Users/yanglimin/Desktop/编程/Simulator/Simulator/sim2/build/jni/release frc.robot.Main

Host: MacBook9,1 x86_64 1100 MHz, 4 cores, 8G, Darwin 21.6.0
Time: Tue Oct 18 16:19:20 2022 EDT elapsed time: 0.785248 seconds (0d 0h 0m 0s)

---------------  T H R E A D  ---------------

Current thread (0x00007f8b15027800):  JavaThread "main" [_thread_in_native, id=259, stack(0x00007ff7b2bf2000,0x00007ff7b33f2000)]

Stack: [0x00007ff7b2bf2000,0x00007ff7b33f2000],  sp=0x00007ff7b33ed0a8,  free space=8172k
Native frames: (J=compiled Java code, A=aot compiled Java code, j=interpreted, Vv=VM code, C=native code)
C  [CoreFoundation+0x20a28]  CFArrayGetCount+0x6
C  [IOKit+0x4273d]  __IOHIDManagerDeviceApplier+0x2fb
C  [CoreFoundation+0x4a7a6]  __CFSetApplyFunction_block_invoke+0x12
C  [CoreFoundation+0x4a613]  CFBasicHashApply+0x73
C  [CoreFoundation+0x4a563]  CFSetApplyFunction+0x83
C  [IOKit+0x41116]  __ApplyToDevices+0x69
C  [IOKit+0x4298d]  __IOHIDManagerInitialEnumCallback+0x27
C  [CoreFoundation+0x8017b]  __CFRUNLOOP_IS_CALLING_OUT_TO_A_SOURCE0_PERFORM_FUNCTION__+0x11
C  [CoreFoundation+0x800e3]  __CFRunLoopDoSource0+0xb4
C  [CoreFoundation+0x7fe5d]  __CFRunLoopDoSources0+0xf2
C  [CoreFoundation+0x7e878]  __CFRunLoopRun+0x37c
C  [CoreFoundation+0x7de3c]  CFRunLoopRunSpecific+0x232
C  [libhalsim_gui.dylib+0x349ff8]  _glfwInitJoysticksNS+0x308
C  [libhalsim_gui.dylib+0x349aa1]  _glfwPlatformInit+0x701
C  [libhalsim_gui.dylib+0x85018]  glfwInit+0x48
C  [libhalsim_gui.dylib+0x6d743]  wpi::gui::Initialize(char const*, int, int)+0x73
C  [libhalsim_gui.dylib+0x1bdb6]  HALSIM_InitExtension+0x196
C  [libwpiHal.dylib+0x45684]  HAL_LoadOneExtension+0x3f4
C  [libwpiHal.dylib+0x458da]  HAL_LoadExtensions+0xfa
C  [libwpiHal.dylib+0x28183]  HAL_Initialize+0x83
C  [libwpiHaljni.dylib+0xe5cd]  Java_edu_wpi_first_hal_HAL_initialize+0xd
j  edu.wpi.first.hal.HAL.initialize(II)Z+0
j  edu.wpi.first.wpilibj.RobotBase.startRobot(Ljava/util/function/Supplier;)V+4
j  frc.robot.Main.main([Ljava/lang/String;)V+5
v  ~StubRoutines::call_stub
V  [libjvm.dylib+0x3b5a80]  JavaCalls::call_helper(JavaValue*, methodHandle const&, JavaCallArguments*, Thread*)+0x1fe
V  [libjvm.dylib+0x3fb101]  jni_invoke_static(JNIEnv_*, JavaValue*, _jobject*, JNICallType, _jmethodID*, JNI_ArgumentPusher*, Thread*)+0x10a
V  [libjvm.dylib+0x3fe9e6]  jni_CallStaticVoidMethod+0x1d2
C  [libjli.dylib+0x4b1d]  JavaMain+0xab0
C  [libjli.dylib+0x7065]  __JVMInit_block_invoke+0x4b
C  [Foundation+0x41b21]  __NSBLOCKOPERATION_IS_CALLING_OUT_TO_A_BLOCK__+0x7
C  [Foundation+0x41a19]  -[NSBlockOperation main]+0x62
C  [Foundation+0x419af]  __NSOPERATION_IS_INVOKING_MAIN__+0x11
C  [Foundation+0x40c1b]  -[NSOperation start]+0x311
C  [Foundation+0x81527]  __NSThreadPerformPerform+0xb3
C  [CoreFoundation+0x8017b]  __CFRUNLOOP_IS_CALLING_OUT_TO_A_SOURCE0_PERFORM_FUNCTION__+0x11
C  [CoreFoundation+0x800e3]  __CFRunLoopDoSource0+0xb4
C  [CoreFoundation+0x7fe5d]  __CFRunLoopDoSources0+0xf2
C  [CoreFoundation+0x7e878]  __CFRunLoopRun+0x37c
C  [CoreFoundation+0x7de3c]  CFRunLoopRunSpecific+0x232
C  [libjli.dylib+0x664e]  CreateExecutionEnvironment+0x18e
C  [libjli.dylib+0x285e]  JLI_Launch+0x52a
C  [java+0x1807]  main+0x177
C  0x000000011136852e

Java frames: (J=compiled Java code, j=interpreted, Vv=VM code)
j  edu.wpi.first.hal.HAL.initialize(II)Z+0
j  edu.wpi.first.wpilibj.RobotBase.startRobot(Ljava/util/function/Supplier;)V+4
j  frc.robot.Main.main([Ljava/lang/String;)V+5
v  ~StubRoutines::call_stub

siginfo: si_signo: 11 (SIGSEGV), si_code: 1 (SEGV_MAPERR), si_addr: 0x0000000000000000

Register to memory mapping:

RAX=0x0 is NULL
RBX=0x00007f8b14716c00 points into unknown readable memory: 0x031dfff84b8d81c1 | c1 81 8d 4b f8 ff 1d 03
RCX=0x00007ff84ba46f40: OBJC_CLASS_$_OS_os_log+0 in /usr/lib/system/libsystem_trace.dylib at 0x00007ff80a05e000
RDX=0x0 is NULL
RSP=0x00007ff7b33ed0a8 is pointing into the stack for thread: 0x00007f8b15027800
RBP=0x00007ff7b33ed250 is pointing into the stack for thread: 0x00007f8b15027800
RSI=0x00007ff824708096 points into unknown readable memory: 72 65
RDI=0x0 is NULL
R8 =0x0000000100000627 is an unknown value
R9 =0x000000000000ffff is an unknown value
R10=0x00007ff84ba46f40: OBJC_CLASS_$_OS_os_log+0 in /usr/lib/system/libsystem_trace.dylib at 0x00007ff80a05e000
R11=0x00007ff80a137ade: -[OS_object release]+0 in /usr/lib/system/libdispatch.dylib at 0x00007ff80a135000
R12=0x00007ff7b33ed3c0 is pointing into the stack for thread: 0x00007f8b15027800
R13=0x0000000000000003 is an unknown value
R14=0x0000000000000055 is an unknown value
R15=0x0 is NULL


Registers:
RAX=0x0000000000000000, RBX=0x00007f8b14716c00, RCX=0x00007ff84ba46f40, RDX=0x0000000000000000
RSP=0x00007ff7b33ed0a8, RBP=0x00007ff7b33ed250, RSI=0x00007ff824708096, RDI=0x0000000000000000
R8 =0x0000000100000627, R9 =0x000000000000ffff, R10=0x00007ff84ba46f40, R11=0x00007ff80a137ade
R12=0x00007ff7b33ed3c0, R13=0x0000000000000003, R14=0x0000000000000055, R15=0x0000000000000000
RIP=0x00007ff80a356a28, EFLAGS=0x0000000000010246, ERR=0x0000000000000004
  TRAPNO=0x000000000000000e

Top of Stack: (sp=0x00007ff7b33ed0a8)
0x00007ff7b33ed0a8:   000000012f95b385 0000000000000008
0x00007ff7b33ed0b8:   0000000000000003 00007f8b14716c00
0x00007ff7b33ed0c8:   00006000019f6220 00006000019f6280
0x00007ff7b33ed0d8:   00006000019f6160 000020bc10f4fc10
0x00007ff7b33ed0e8:   0000115200005500 3030303030303330
0x00007ff7b33ed0f8:   3030303030326362 3030303035353030
0x00007ff7b33ed108:   3030303031313235 00007ff89262e000
0x00007ff7b33ed118:   00007ff7b33ed150 414720494d494758
0x00007ff7b33ed128:   202020444150454d 00007ff7b33e0020
0x00007ff7b33ed138:   0000000111365d3a ee045c3a9a900026
0x00007ff7b33ed148:   00007ff7b33ed5b0 00007ff7b33ed550
0x00007ff7b33ed158:   00007ff809ff2b5b 0000000000000005
0x00007ff7b33ed168:   00007ff809ff2b5b 00007ff7b33ed1c0
0x00007ff7b33ed178:   0000000111377e7b 00007ff7b33ed1a0
0x00007ff7b33ed188:   00007ff80a18449c 0000000000000000
0x00007ff7b33ed198:   00007ff84ba3dfe8 0000000000000002
0x00007ff7b33ed1a8:   00006000019f4000 000000010cc44000
0x00007ff7b33ed1b8:   00006000019f6190 000000304ba3dfe8
0x00007ff7b33ed1c8:   0000000000000002 0000000000000002
0x00007ff7b33ed1d8:   000000010cc44000 000000010cc44400
0x00007ff7b33ed1e8:   0000000000000000 00007ff7b33ed250
0x00007ff7b33ed1f8:   00007ff80a10a76a 000000010cc44000
0x00007ff7b33ed208:   f680800840001000 000000200000ffff
0x00007ff7b33ed218:   0000000000000030 ee045c3a9a900026
0x00007ff7b33ed228:   0000600002bde700 00007ff7b33ed3c0
0x00007ff7b33ed238:   0000000000000003 00007f8b14716c00
0x00007ff7b33ed248:   0000000000000000 00007ff7b33ed2d0
0x00007ff7b33ed258:   00007ff80ccdd73d 00007ff84ce53d70
0x00007ff7b33ed268:   00007ff84cffc900 00007ff7b33ed2b0
0x00007ff7b33ed278:   00007ff80a126b75 00007ff84ba1fa80
0x00007ff7b33ed288:   00007ff84ce53d70 0000000000000003
0x00007ff7b33ed298:   00006000019f6190 00007ff84cffc960 

Instructions: (pc=0x00007ff80a356a28)
0x00007ff80a356928:   ff 89 df 83 e7 03 48 83 ff 01 0f 85 a9 00 00 00
0x00007ff80a356938:   48 ff c0 48 39 c1 75 ce 89 95 c8 ef ff ff 48 83
0x00007ff80a356948:   e3 fc 8b 83 04 08 00 00 89 d1 85 c0 74 28 48 8d
0x00007ff80a356958:   b5 d8 ef ff ff 4c 89 ff 89 c2 b9 01 00 00 00 41
0x00007ff80a356968:   ff d6 84 c0 0f 85 8b 00 00 00 8b 8d c8 ef ff ff
0x00007ff80a356978:   8b 95 cc ef ff ff 39 d1 75 05 45 84 e4 75 76 41
0x00007ff80a356988:   0f b6 d4 48 8d b5 b0 ef ff ff 48 89 df 4c 89 f9
0x00007ff80a356998:   4d 89 f0 e8 ca 54 17 00 eb 5b 48 8b 05 87 bb af
0x00007ff80a3569a8:   42 48 8b 08 48 8b 05 75 bb af 42 48 8b 00 48 3b
0x00007ff80a3569b8:   45 d8 75 61 48 8d 3d 19 1a 45 00 be 39 00 00 00
0x00007ff80a3569c8:   ba 01 00 00 00 48 81 c4 30 10 00 00 5b 41 5c 41
0x00007ff80a3569d8:   5e 41 5f 5d e9 3b 24 1a 00 83 ff 02 75 17 ff c0
0x00007ff80a3569e8:   48 8d bd b0 ef ff ff 89 47 18 4c 89 fe 4c 89 f2
0x00007ff80a3569f8:   e8 6d 12 00 00 48 8b 05 24 bb af 42 48 8b 00 48
0x00007ff80a356a08:   3b 45 d8 75 10 48 81 c4 30 10 00 00 5b 41 5c 41
0x00007ff80a356a18:   5e 41 5f 5d c3 e8 c8 1f 1a 00 40 f6 c7 01 75 2c
0x00007ff80a356a28:   48 8b 07 48 85 c0 74 1f 48 8b 0d 01 5a 72 41 48
0x00007ff80a356a38:   39 c8 74 13 a8 01 74 14 48 8b 15 91 c4 af 42 48
0x00007ff80a356a48:   23 02 48 39 c8 75 05 48 8b 47 10 c3 48 8b 35 5d
0x00007ff80a356a58:   e6 71 41 ff 25 17 c5 af 42 90 90 55 48 89 e5 53
0x00007ff80a356a68:   50 48 89 fb 48 8d 05 a5 b9 72 41 48 8b 00 48 85
0x00007ff80a356a78:   c0 75 12 48 8b 05 7e 06 72 41 8b 44 18 14 48 83
0x00007ff80a356a88:   c4 08 5b 5d c3 48 8b 75 08 48 8d 0d 90 b9 72 41
0x00007ff80a356a98:   48 8b 11 48 89 df ff d0 eb d9 90 90 90 90 90 90
0x00007ff80a356aa8:   90 90 90 90 41 89 c8 b9 01 00 00 00 e9 09 00 00
0x00007ff80a356ab8:   00 90 90 90 90 90 90 90 90 90 55 48 89 e5 41 57
0x00007ff80a356ac8:   41 56 41 55 41 54 53 48 83 ec 48 31 c0 48 83 bf
0x00007ff80a356ad8:   08 08 00 00 00 0f 85 f2 02 00 00 48 81 fa ff 0f
0x00007ff80a356ae8:   00 00 0f 8f e5 02 00 00 45 85 c0 0f 84 dc 02 00
0x00007ff80a356af8:   00 49 89 fc 85 d2 0f 84 29 01 00 00 49 89 f1 49
0x00007ff80a356b08:   ff c1 45 31 f6 4c 89 ce 4c 89 e3 0f b6 46 ff 4c
0x00007ff80a356b18:   8b 2c c3 44 89 e8 83 e0 03 48 83 f8 01 75 19 49 


Stack slot to memory mapping:
stack at sp + 0 slots: 0x000000012f95b385: matchCallback+0x345 in /Users/yanglimin/Desktop/编程/Simulator/Simulator/sim2/build/jni/release/libhalsim_gui.dylib at 0x000000012f611000
stack at sp + 1 slots: 0x0000000000000008 is an unknown value
stack at sp + 2 slots: 0x0000000000000003 is an unknown value
stack at sp + 3 slots: 0x00007f8b14716c00 points into unknown readable memory: 0x031dfff84b8d81c1 | c1 81 8d 4b f8 ff 1d 03
stack at sp + 4 slots: 0x00006000019f6220 points into unknown readable memory: 0x011dfff84b8aad39 | 39 ad 8a 4b f8 ff 1d 01
stack at sp + 5 slots: 0x00006000019f6280 points into unknown readable memory: 0x011dfff84b8aad39 | 39 ad 8a 4b f8 ff 1d 01
stack at sp + 6 slots: 0x00006000019f6160 points into unknown readable memory: 0x011dfff84b8aad39 | 39 ad 8a 4b f8 ff 1d 01
stack at sp + 7 slots: 0x000020bc10f4fc10 is an unknown value


---------------  P R O C E S S  ---------------

Threads class SMR info:
_java_thread_list=0x00006000017ce540, length=12, elements={
0x00007f8b15027800, 0x00007f8b150c3800, 0x00007f8b150c8800, 0x00007f8b16015000,
0x00007f8b16018000, 0x00007f8b16015800, 0x00007f8b1601c800, 0x00007f8b1601d800,
0x00007f8b150c5800, 0x00007f8b1601e800, 0x00007f8b14838000, 0x00007f8b14897000
}

Java Threads: ( => current thread )
=>0x00007f8b15027800 JavaThread "main" [_thread_in_native, id=259, stack(0x00007ff7b2bf2000,0x00007ff7b33f2000)]
  0x00007f8b150c3800 JavaThread "Reference Handler" daemon [_thread_blocked, id=14595, stack(0x0000700003ec1000,0x0000700003fc1000)]
  0x00007f8b150c8800 JavaThread "Finalizer" daemon [_thread_blocked, id=19203, stack(0x0000700003fc4000,0x00007000040c4000)]
  0x00007f8b16015000 JavaThread "Signal Dispatcher" daemon [_thread_blocked, id=17923, stack(0x00007000041cd000,0x00007000042cd000)]
  0x00007f8b16018000 JavaThread "Service Thread" daemon [_thread_blocked, id=17667, stack(0x00007000042d0000,0x00007000043d0000)]
  0x00007f8b16015800 JavaThread "C2 CompilerThread0" daemon [_thread_blocked, id=43267, stack(0x00007000043d3000,0x00007000044d3000)]
  0x00007f8b1601c800 JavaThread "C1 CompilerThread0" daemon [_thread_blocked, id=22787, stack(0x00007000044d6000,0x00007000045d6000)]
  0x00007f8b1601d800 JavaThread "Sweeper thread" daemon [_thread_blocked, id=23555, stack(0x00007000045d9000,0x00007000046d9000)]
  0x00007f8b150c5800 JavaThread "JDWP Transport Listener: dt_socket" daemon [_thread_blocked, id=24067, stack(0x00007000046dc000,0x00007000047dc000)]
  0x00007f8b1601e800 JavaThread "JDWP Event Helper Thread" daemon [_thread_blocked, id=42755, stack(0x00007000047df000,0x00007000048df000)]
  0x00007f8b14838000 JavaThread "JDWP Command Reader" daemon [_thread_in_native, id=25091, stack(0x00007000048e2000,0x00007000049e2000)]
  0x00007f8b14897000 JavaThread "Common-Cleaner" daemon [_thread_blocked, id=25859, stack(0x0000700004ae8000,0x0000700004be8000)]

Other Threads:
  0x00007f8b1483a800 VMThread "VM Thread" [stack: 0x0000700003dbe000,0x0000700003ebe000] [id=19715]
  0x00007f8b14839000 WatcherThread [stack: 0x00007000049e5000,0x0000700004ae5000] [id=41987]
  0x00007f8b1501c800 GCTaskThread "GC Thread#0" [stack: 0x00007000038af000,0x00007000039af000] [id=11267]
  0x00007f8b1504c800 ConcurrentGCThread "G1 Main Marker" [stack: 0x00007000039b2000,0x0000700003ab2000] [id=11779]
  0x00007f8b1504d000 ConcurrentGCThread "G1 Conc#0" [stack: 0x0000700003ab5000,0x0000700003bb5000] [id=12547]
  0x00007f8b1509e000 ConcurrentGCThread "G1 Refine#0" [stack: 0x0000700003bb8000,0x0000700003cb8000] [id=20739]
  0x00007f8b1509e800 ConcurrentGCThread "G1 Young RemSet Sampling" [stack: 0x0000700003cbb000,0x0000700003dbb000] [id=13059]

Threads with active compile tasks:

VM state:not at safepoint (normal execution)

VM Mutex/Monitor currently owned by a thread: None

Heap address: 0x0000000780000000, size: 2048 MB, Compressed Oops mode: Zero based, Oop shift amount: 3
Narrow klass base: 0x0000000800000000, Narrow klass shift: 0
Compressed class space size: 1073741824 Address: 0x0000000800000000

Heap:
 garbage-first heap   total 131072K, used 2048K [0x0000000780000000, 0x0000000800000000)
  region size 1024K, 3 young (3072K), 0 survivors (0K)
 Metaspace       used 5628K, capacity 5716K, committed 5888K, reserved 1056768K
  class space    used 470K, capacity 498K, committed 512K, reserved 1048576K
Heap Regions: E=young(eden), S=young(survivor), O=old, HS=humongous(starts), HC=humongous(continues), CS=collection set, F=free, A=archive, TAMS=top-at-mark-start (previous, next)
|   0|0x0000000780000000, 0x0000000780000000, 0x0000000780100000|  0%| F|  |TAMS 0x0000000780000000, 0x0000000780000000| Untracked 
|   1|0x0000000780100000, 0x0000000780100000, 0x0000000780200000|  0%| F|  |TAMS 0x0000000780100000, 0x0000000780100000| Untracked 
|   2|0x0000000780200000, 0x0000000780200000, 0x0000000780300000|  0%| F|  |TAMS 0x0000000780200000, 0x0000000780200000| Untracked 
|   3|0x0000000780300000, 0x0000000780300000, 0x0000000780400000|  0%| F|  |TAMS 0x0000000780300000, 0x0000000780300000| Untracked 
|   4|0x0000000780400000, 0x0000000780400000, 0x0000000780500000|  0%| F|  |TAMS 0x0000000780400000, 0x0000000780400000| Untracked 
|   5|0x0000000780500000, 0x0000000780500000, 0x0000000780600000|  0%| F|  |TAMS 0x0000000780500000, 0x0000000780500000| Untracked 
|   6|0x0000000780600000, 0x0000000780600000, 0x0000000780700000|  0%| F|  |TAMS 0x0000000780600000, 0x0000000780600000| Untracked 
|   7|0x0000000780700000, 0x0000000780700000, 0x0000000780800000|  0%| F|  |TAMS 0x0000000780700000, 0x0000000780700000| Untracked 
|   8|0x0000000780800000, 0x0000000780800000, 0x0000000780900000|  0%| F|  |TAMS 0x0000000780800000, 0x0000000780800000| Untracked 
|   9|0x0000000780900000, 0x0000000780900000, 0x0000000780a00000|  0%| F|  |TAMS 0x0000000780900000, 0x0000000780900000| Untracked 
|  10|0x0000000780a00000, 0x0000000780a00000, 0x0000000780b00000|  0%| F|  |TAMS 0x0000000780a00000, 0x0000000780a00000| Untracked 
|  11|0x0000000780b00000, 0x0000000780b00000, 0x0000000780c00000|  0%| F|  |TAMS 0x0000000780b00000, 0x0000000780b00000| Untracked 
|  12|0x0000000780c00000, 0x0000000780c00000, 0x0000000780d00000|  0%| F|  |TAMS 0x0000000780c00000, 0x0000000780c00000| Untracked 
|  13|0x0000000780d00000, 0x0000000780d00000, 0x0000000780e00000|  0%| F|  |TAMS 0x0000000780d00000, 0x0000000780d00000| Untracked 
|  14|0x0000000780e00000, 0x0000000780e00000, 0x0000000780f00000|  0%| F|  |TAMS 0x0000000780e00000, 0x0000000780e00000| Untracked 
|  15|0x0000000780f00000, 0x0000000780f00000, 0x0000000781000000|  0%| F|  |TAMS 0x0000000780f00000, 0x0000000780f00000| Untracked 
|  16|0x0000000781000000, 0x0000000781000000, 0x0000000781100000|  0%| F|  |TAMS 0x0000000781000000, 0x0000000781000000| Untracked 
|  17|0x0000000781100000, 0x0000000781100000, 0x0000000781200000|  0%| F|  |TAMS 0x0000000781100000, 0x0000000781100000| Untracked 
|  18|0x0000000781200000, 0x0000000781200000, 0x0000000781300000|  0%| F|  |TAMS 0x0000000781200000, 0x0000000781200000| Untracked 
|  19|0x0000000781300000, 0x0000000781300000, 0x0000000781400000|  0%| F|  |TAMS 0x0000000781300000, 0x0000000781300000| Untracked 
|  20|0x0000000781400000, 0x0000000781400000, 0x0000000781500000|  0%| F|  |TAMS 0x0000000781400000, 0x0000000781400000| Untracked 
|  21|0x0000000781500000, 0x0000000781500000, 0x0000000781600000|  0%| F|  |TAMS 0x0000000781500000, 0x0000000781500000| Untracked 
|  22|0x0000000781600000, 0x0000000781600000, 0x0000000781700000|  0%| F|  |TAMS 0x0000000781600000, 0x0000000781600000| Untracked 
|  23|0x0000000781700000, 0x0000000781700000, 0x0000000781800000|  0%| F|  |TAMS 0x0000000781700000, 0x0000000781700000| Untracked 
|  24|0x0000000781800000, 0x0000000781800000, 0x0000000781900000|  0%| F|  |TAMS 0x0000000781800000, 0x0000000781800000| Untracked 
|  25|0x0000000781900000, 0x0000000781900000, 0x0000000781a00000|  0%| F|  |TAMS 0x0000000781900000, 0x0000000781900000| Untracked 
|  26|0x0000000781a00000, 0x0000000781a00000, 0x0000000781b00000|  0%| F|  |TAMS 0x0000000781a00000, 0x0000000781a00000| Untracked 
|  27|0x0000000781b00000, 0x0000000781b00000, 0x0000000781c00000|  0%| F|  |TAMS 0x0000000781b00000, 0x0000000781b00000| Untracked 
|  28|0x0000000781c00000, 0x0000000781c00000, 0x0000000781d00000|  0%| F|  |TAMS 0x0000000781c00000, 0x0000000781c00000| Untracked 
|  29|0x0000000781d00000, 0x0000000781d00000, 0x0000000781e00000|  0%| F|  |TAMS 0x0000000781d00000, 0x0000000781d00000| Untracked 
|  30|0x0000000781e00000, 0x0000000781e00000, 0x0000000781f00000|  0%| F|  |TAMS 0x0000000781e00000, 0x0000000781e00000| Untracked 
|  31|0x0000000781f00000, 0x0000000781f00000, 0x0000000782000000|  0%| F|  |TAMS 0x0000000781f00000, 0x0000000781f00000| Untracked 
|  32|0x0000000782000000, 0x0000000782000000, 0x0000000782100000|  0%| F|  |TAMS 0x0000000782000000, 0x0000000782000000| Untracked 
|  33|0x0000000782100000, 0x0000000782100000, 0x0000000782200000|  0%| F|  |TAMS 0x0000000782100000, 0x0000000782100000| Untracked 
|  34|0x0000000782200000, 0x0000000782200000, 0x0000000782300000|  0%| F|  |TAMS 0x0000000782200000, 0x0000000782200000| Untracked 
|  35|0x0000000782300000, 0x0000000782300000, 0x0000000782400000|  0%| F|  |TAMS 0x0000000782300000, 0x0000000782300000| Untracked 
|  36|0x0000000782400000, 0x0000000782400000, 0x0000000782500000|  0%| F|  |TAMS 0x0000000782400000, 0x0000000782400000| Untracked 
|  37|0x0000000782500000, 0x0000000782500000, 0x0000000782600000|  0%| F|  |TAMS 0x0000000782500000, 0x0000000782500000| Untracked 
|  38|0x0000000782600000, 0x0000000782600000, 0x0000000782700000|  0%| F|  |TAMS 0x0000000782600000, 0x0000000782600000| Untracked 
|  39|0x0000000782700000, 0x0000000782700000, 0x0000000782800000|  0%| F|  |TAMS 0x0000000782700000, 0x0000000782700000| Untracked 
|  40|0x0000000782800000, 0x0000000782800000, 0x0000000782900000|  0%| F|  |TAMS 0x0000000782800000, 0x0000000782800000| Untracked 
|  41|0x0000000782900000, 0x0000000782900000, 0x0000000782a00000|  0%| F|  |TAMS 0x0000000782900000, 0x0000000782900000| Untracked 
|  42|0x0000000782a00000, 0x0000000782a00000, 0x0000000782b00000|  0%| F|  |TAMS 0x0000000782a00000, 0x0000000782a00000| Untracked 
|  43|0x0000000782b00000, 0x0000000782b00000, 0x0000000782c00000|  0%| F|  |TAMS 0x0000000782b00000, 0x0000000782b00000| Untracked 
|  44|0x0000000782c00000, 0x0000000782c00000, 0x0000000782d00000|  0%| F|  |TAMS 0x0000000782c00000, 0x0000000782c00000| Untracked 
|  45|0x0000000782d00000, 0x0000000782d00000, 0x0000000782e00000|  0%| F|  |TAMS 0x0000000782d00000, 0x0000000782d00000| Untracked 
|  46|0x0000000782e00000, 0x0000000782e00000, 0x0000000782f00000|  0%| F|  |TAMS 0x0000000782e00000, 0x0000000782e00000| Untracked 
|  47|0x0000000782f00000, 0x0000000782f00000, 0x0000000783000000|  0%| F|  |TAMS 0x0000000782f00000, 0x0000000782f00000| Untracked 
|  48|0x0000000783000000, 0x0000000783000000, 0x0000000783100000|  0%| F|  |TAMS 0x0000000783000000, 0x0000000783000000| Untracked 
|  49|0x0000000783100000, 0x0000000783100000, 0x0000000783200000|  0%| F|  |TAMS 0x0000000783100000, 0x0000000783100000| Untracked 
|  50|0x0000000783200000, 0x0000000783200000, 0x0000000783300000|  0%| F|  |TAMS 0x0000000783200000, 0x0000000783200000| Untracked 
|  51|0x0000000783300000, 0x0000000783300000, 0x0000000783400000|  0%| F|  |TAMS 0x0000000783300000, 0x0000000783300000| Untracked 
|  52|0x0000000783400000, 0x0000000783400000, 0x0000000783500000|  0%| F|  |TAMS 0x0000000783400000, 0x0000000783400000| Untracked 
|  53|0x0000000783500000, 0x0000000783500000, 0x0000000783600000|  0%| F|  |TAMS 0x0000000783500000, 0x0000000783500000| Untracked 
|  54|0x0000000783600000, 0x0000000783600000, 0x0000000783700000|  0%| F|  |TAMS 0x0000000783600000, 0x0000000783600000| Untracked 
|  55|0x0000000783700000, 0x0000000783700000, 0x0000000783800000|  0%| F|  |TAMS 0x0000000783700000, 0x0000000783700000| Untracked 
|  56|0x0000000783800000, 0x0000000783800000, 0x0000000783900000|  0%| F|  |TAMS 0x0000000783800000, 0x0000000783800000| Untracked 
|  57|0x0000000783900000, 0x0000000783900000, 0x0000000783a00000|  0%| F|  |TAMS 0x0000000783900000, 0x0000000783900000| Untracked 
|  58|0x0000000783a00000, 0x0000000783a00000, 0x0000000783b00000|  0%| F|  |TAMS 0x0000000783a00000, 0x0000000783a00000| Untracked 
|  59|0x0000000783b00000, 0x0000000783b00000, 0x0000000783c00000|  0%| F|  |TAMS 0x0000000783b00000, 0x0000000783b00000| Untracked 
|  60|0x0000000783c00000, 0x0000000783c00000, 0x0000000783d00000|  0%| F|  |TAMS 0x0000000783c00000, 0x0000000783c00000| Untracked 
|  61|0x0000000783d00000, 0x0000000783d00000, 0x0000000783e00000|  0%| F|  |TAMS 0x0000000783d00000, 0x0000000783d00000| Untracked 
|  62|0x0000000783e00000, 0x0000000783e00000, 0x0000000783f00000|  0%| F|  |TAMS 0x0000000783e00000, 0x0000000783e00000| Untracked 
|  63|0x0000000783f00000, 0x0000000783f00000, 0x0000000784000000|  0%| F|  |TAMS 0x0000000783f00000, 0x0000000783f00000| Untracked 
|  64|0x0000000784000000, 0x0000000784000000, 0x0000000784100000|  0%| F|  |TAMS 0x0000000784000000, 0x0000000784000000| Untracked 
|  65|0x0000000784100000, 0x0000000784100000, 0x0000000784200000|  0%| F|  |TAMS 0x0000000784100000, 0x0000000784100000| Untracked 
|  66|0x0000000784200000, 0x0000000784200000, 0x0000000784300000|  0%| F|  |TAMS 0x0000000784200000, 0x0000000784200000| Untracked 
|  67|0x0000000784300000, 0x0000000784300000, 0x0000000784400000|  0%| F|  |TAMS 0x0000000784300000, 0x0000000784300000| Untracked 
|  68|0x0000000784400000, 0x0000000784400000, 0x0000000784500000|  0%| F|  |TAMS 0x0000000784400000, 0x0000000784400000| Untracked 
|  69|0x0000000784500000, 0x0000000784500000, 0x0000000784600000|  0%| F|  |TAMS 0x0000000784500000, 0x0000000784500000| Untracked 
|  70|0x0000000784600000, 0x0000000784600000, 0x0000000784700000|  0%| F|  |TAMS 0x0000000784600000, 0x0000000784600000| Untracked 
|  71|0x0000000784700000, 0x0000000784700000, 0x0000000784800000|  0%| F|  |TAMS 0x0000000784700000, 0x0000000784700000| Untracked 
|  72|0x0000000784800000, 0x0000000784800000, 0x0000000784900000|  0%| F|  |TAMS 0x0000000784800000, 0x0000000784800000| Untracked 
|  73|0x0000000784900000, 0x0000000784900000, 0x0000000784a00000|  0%| F|  |TAMS 0x0000000784900000, 0x0000000784900000| Untracked 
|  74|0x0000000784a00000, 0x0000000784a00000, 0x0000000784b00000|  0%| F|  |TAMS 0x0000000784a00000, 0x0000000784a00000| Untracked 
|  75|0x0000000784b00000, 0x0000000784b00000, 0x0000000784c00000|  0%| F|  |TAMS 0x0000000784b00000, 0x0000000784b00000| Untracked 
|  76|0x0000000784c00000, 0x0000000784c00000, 0x0000000784d00000|  0%| F|  |TAMS 0x0000000784c00000, 0x0000000784c00000| Untracked 
|  77|0x0000000784d00000, 0x0000000784d00000, 0x0000000784e00000|  0%| F|  |TAMS 0x0000000784d00000, 0x0000000784d00000| Untracked 
|  78|0x0000000784e00000, 0x0000000784e00000, 0x0000000784f00000|  0%| F|  |TAMS 0x0000000784e00000, 0x0000000784e00000| Untracked 
|  79|0x0000000784f00000, 0x0000000784f00000, 0x0000000785000000|  0%| F|  |TAMS 0x0000000784f00000, 0x0000000784f00000| Untracked 
|  80|0x0000000785000000, 0x0000000785000000, 0x0000000785100000|  0%| F|  |TAMS 0x0000000785000000, 0x0000000785000000| Untracked 
|  81|0x0000000785100000, 0x0000000785100000, 0x0000000785200000|  0%| F|  |TAMS 0x0000000785100000, 0x0000000785100000| Untracked 
|  82|0x0000000785200000, 0x0000000785200000, 0x0000000785300000|  0%| F|  |TAMS 0x0000000785200000, 0x0000000785200000| Untracked 
|  83|0x0000000785300000, 0x0000000785300000, 0x0000000785400000|  0%| F|  |TAMS 0x0000000785300000, 0x0000000785300000| Untracked 
|  84|0x0000000785400000, 0x0000000785400000, 0x0000000785500000|  0%| F|  |TAMS 0x0000000785400000, 0x0000000785400000| Untracked 
|  85|0x0000000785500000, 0x0000000785500000, 0x0000000785600000|  0%| F|  |TAMS 0x0000000785500000, 0x0000000785500000| Untracked 
|  86|0x0000000785600000, 0x0000000785600000, 0x0000000785700000|  0%| F|  |TAMS 0x0000000785600000, 0x0000000785600000| Untracked 
|  87|0x0000000785700000, 0x0000000785700000, 0x0000000785800000|  0%| F|  |TAMS 0x0000000785700000, 0x0000000785700000| Untracked 
|  88|0x0000000785800000, 0x0000000785800000, 0x0000000785900000|  0%| F|  |TAMS 0x0000000785800000, 0x0000000785800000| Untracked 
|  89|0x0000000785900000, 0x0000000785900000, 0x0000000785a00000|  0%| F|  |TAMS 0x0000000785900000, 0x0000000785900000| Untracked 
|  90|0x0000000785a00000, 0x0000000785a00000, 0x0000000785b00000|  0%| F|  |TAMS 0x0000000785a00000, 0x0000000785a00000| Untracked 
|  91|0x0000000785b00000, 0x0000000785b00000, 0x0000000785c00000|  0%| F|  |TAMS 0x0000000785b00000, 0x0000000785b00000| Untracked 
|  92|0x0000000785c00000, 0x0000000785c00000, 0x0000000785d00000|  0%| F|  |TAMS 0x0000000785c00000, 0x0000000785c00000| Untracked 
|  93|0x0000000785d00000, 0x0000000785d00000, 0x0000000785e00000|  0%| F|  |TAMS 0x0000000785d00000, 0x0000000785d00000| Untracked 
|  94|0x0000000785e00000, 0x0000000785e00000, 0x0000000785f00000|  0%| F|  |TAMS 0x0000000785e00000, 0x0000000785e00000| Untracked 
|  95|0x0000000785f00000, 0x0000000785f00000, 0x0000000786000000|  0%| F|  |TAMS 0x0000000785f00000, 0x0000000785f00000| Untracked 
|  96|0x0000000786000000, 0x0000000786000000, 0x0000000786100000|  0%| F|  |TAMS 0x0000000786000000, 0x0000000786000000| Untracked 
|  97|0x0000000786100000, 0x0000000786100000, 0x0000000786200000|  0%| F|  |TAMS 0x0000000786100000, 0x0000000786100000| Untracked 
|  98|0x0000000786200000, 0x0000000786200000, 0x0000000786300000|  0%| F|  |TAMS 0x0000000786200000, 0x0000000786200000| Untracked 
|  99|0x0000000786300000, 0x0000000786300000, 0x0000000786400000|  0%| F|  |TAMS 0x0000000786300000, 0x0000000786300000| Untracked 
| 100|0x0000000786400000, 0x0000000786400000, 0x0000000786500000|  0%| F|  |TAMS 0x0000000786400000, 0x0000000786400000| Untracked 
| 101|0x0000000786500000, 0x0000000786500000, 0x0000000786600000|  0%| F|  |TAMS 0x0000000786500000, 0x0000000786500000| Untracked 
| 102|0x0000000786600000, 0x0000000786600000, 0x0000000786700000|  0%| F|  |TAMS 0x0000000786600000, 0x0000000786600000| Untracked 
| 103|0x0000000786700000, 0x0000000786700000, 0x0000000786800000|  0%| F|  |TAMS 0x0000000786700000, 0x0000000786700000| Untracked 
| 104|0x0000000786800000, 0x0000000786800000, 0x0000000786900000|  0%| F|  |TAMS 0x0000000786800000, 0x0000000786800000| Untracked 
| 105|0x0000000786900000, 0x0000000786900000, 0x0000000786a00000|  0%| F|  |TAMS 0x0000000786900000, 0x0000000786900000| Untracked 
| 106|0x0000000786a00000, 0x0000000786a00000, 0x0000000786b00000|  0%| F|  |TAMS 0x0000000786a00000, 0x0000000786a00000| Untracked 
| 107|0x0000000786b00000, 0x0000000786b00000, 0x0000000786c00000|  0%| F|  |TAMS 0x0000000786b00000, 0x0000000786b00000| Untracked 
| 108|0x0000000786c00000, 0x0000000786c00000, 0x0000000786d00000|  0%| F|  |TAMS 0x0000000786c00000, 0x0000000786c00000| Untracked 
| 109|0x0000000786d00000, 0x0000000786d00000, 0x0000000786e00000|  0%| F|  |TAMS 0x0000000786d00000, 0x0000000786d00000| Untracked 
| 110|0x0000000786e00000, 0x0000000786e00000, 0x0000000786f00000|  0%| F|  |TAMS 0x0000000786e00000, 0x0000000786e00000| Untracked 
| 111|0x0000000786f00000, 0x0000000786f00000, 0x0000000787000000|  0%| F|  |TAMS 0x0000000786f00000, 0x0000000786f00000| Untracked 
| 112|0x0000000787000000, 0x0000000787000000, 0x0000000787100000|  0%| F|  |TAMS 0x0000000787000000, 0x0000000787000000| Untracked 
| 113|0x0000000787100000, 0x0000000787100000, 0x0000000787200000|  0%| F|  |TAMS 0x0000000787100000, 0x0000000787100000| Untracked 
| 114|0x0000000787200000, 0x0000000787200000, 0x0000000787300000|  0%| F|  |TAMS 0x0000000787200000, 0x0000000787200000| Untracked 
| 115|0x0000000787300000, 0x0000000787300000, 0x0000000787400000|  0%| F|  |TAMS 0x0000000787300000, 0x0000000787300000| Untracked 
| 116|0x0000000787400000, 0x0000000787400000, 0x0000000787500000|  0%| F|  |TAMS 0x0000000787400000, 0x0000000787400000| Untracked 
| 117|0x0000000787500000, 0x0000000787500000, 0x0000000787600000|  0%| F|  |TAMS 0x0000000787500000, 0x0000000787500000| Untracked 
| 118|0x0000000787600000, 0x0000000787600000, 0x0000000787700000|  0%| F|  |TAMS 0x0000000787600000, 0x0000000787600000| Untracked 
| 119|0x0000000787700000, 0x0000000787700000, 0x0000000787800000|  0%| F|  |TAMS 0x0000000787700000, 0x0000000787700000| Untracked 
| 120|0x0000000787800000, 0x0000000787800000, 0x0000000787900000|  0%| F|  |TAMS 0x0000000787800000, 0x0000000787800000| Untracked 
| 121|0x0000000787900000, 0x0000000787900000, 0x0000000787a00000|  0%| F|  |TAMS 0x0000000787900000, 0x0000000787900000| Untracked 
| 122|0x0000000787a00000, 0x0000000787a00000, 0x0000000787b00000|  0%| F|  |TAMS 0x0000000787a00000, 0x0000000787a00000| Untracked 
| 123|0x0000000787b00000, 0x0000000787b00000, 0x0000000787c00000|  0%| F|  |TAMS 0x0000000787b00000, 0x0000000787b00000| Untracked 
| 124|0x0000000787c00000, 0x0000000787c00000, 0x0000000787d00000|  0%| F|  |TAMS 0x0000000787c00000, 0x0000000787c00000| Untracked 
| 125|0x0000000787d00000, 0x0000000787d48358, 0x0000000787e00000| 28%| E|  |TAMS 0x0000000787d00000, 0x0000000787d00000| Complete 
| 126|0x0000000787e00000, 0x0000000787f00000, 0x0000000787f00000|100%| E|CS|TAMS 0x0000000787e00000, 0x0000000787e00000| Complete 
| 127|0x0000000787f00000, 0x0000000788000000, 0x0000000788000000|100%| E|CS|TAMS 0x0000000787f00000, 0x0000000787f00000| Complete 

Card table byte_map: [0x000000010d356000,0x000000010d756000] _byte_map_base: 0x0000000109756000

Marking Bits (Prev, Next): (CMBitMap*) 0x00007f8b15043c18, (CMBitMap*) 0x00007f8b15043c50
 Prev Bits: [0x000000010ebe5000, 0x0000000110be5000)
 Next Bits: [0x0000000128b2b000, 0x000000012ab2b000)

Polling page: 0x000000010cc4d000

Metaspace:

Usage:
  Non-class:      5.10 MB capacity,     5.04 MB ( 99%) used,    58.13 KB (  1%) free+waste,     1.75 KB ( <1%) overhead. 
      Class:    498.00 KB capacity,   470.07 KB ( 94%) used,    27.05 KB (  5%) free+waste,   896 bytes ( <1%) overhead. 
       Both:      5.58 MB capacity,     5.50 MB ( 98%) used,    85.19 KB (  1%) free+waste,     2.62 KB ( <1%) overhead. 

Virtual space:
  Non-class space:        8.00 MB reserved,       5.25 MB ( 66%) committed 
      Class space:        1.00 GB reserved,     512.00 KB ( <1%) committed 
             Both:        1.01 GB reserved,       5.75 MB ( <1%) committed 

Chunk freelists:
   Non-Class:  50.00 KB
       Class:  14.00 KB
        Both:  64.00 KB

MaxMetaspaceSize: unlimited
CompressedClassSpaceSize: 1.00 GB
Initial GC threshold: 20.80 MB
Current GC threshold: 20.80 MB
CDS: off

CodeHeap 'non-profiled nmethods': size=120032Kb used=43Kb max_used=43Kb free=119988Kb
 bounds [0x00000001215f3000, 0x0000000121863000, 0x0000000128b2b000]
CodeHeap 'profiled nmethods': size=120032Kb used=212Kb max_used=212Kb free=119819Kb
 bounds [0x000000011a0bb000, 0x000000011a32b000, 0x00000001215f3000]
CodeHeap 'non-nmethods': size=5696Kb used=1147Kb max_used=1154Kb free=4548Kb
 bounds [0x0000000119b2b000, 0x0000000119d9b000, 0x000000011a0bb000]
 total_blobs=497 nmethods=172 adapters=247
 compilation: enabled
              stopped_count=0, restarted_count=0
 full_count=0

Compilation events (20 events):
Event: 0.492 Thread 0x00007f8b1601c800  160       3       java.lang.StringBuilder::<init> (7 bytes)
Event: 0.492 Thread 0x00007f8b1601c800 nmethod 160 0x000000011a0ec210 code [0x000000011a0ec3c0, 0x000000011a0ec500]
Event: 0.492 Thread 0x00007f8b1601c800  162       3       jdk.internal.misc.Unsafe::putObjectRelease (9 bytes)
Event: 0.492 Thread 0x00007f8b1601c800 nmethod 162 0x000000011a0ec590 code [0x000000011a0ec740, 0x000000011a0ec890]
Event: 0.492 Thread 0x00007f8b1601c800  164       3       java.util.concurrent.ConcurrentHashMap::setTabAt (20 bytes)
Event: 0.493 Thread 0x00007f8b1601c800 nmethod 164 0x000000011a0ec910 code [0x000000011a0ecac0, 0x000000011a0ecd70]
Event: 0.493 Thread 0x00007f8b1601c800  165       1       java.lang.String::value (5 bytes)
Event: 0.493 Thread 0x00007f8b1601c800 nmethod 165 0x00000001215fd190 code [0x00000001215fd340, 0x00000001215fd3f0]
Event: 0.494 Thread 0x00007f8b1601c800  166       3       java.lang.String::checkBoundsBeginEnd (60 bytes)
Event: 0.495 Thread 0x00007f8b1601c800 nmethod 166 0x000000011a0ece90 code [0x000000011a0ed160, 0x000000011a0edcb0]
Event: 0.495 Thread 0x00007f8b1601c800  167       3       java.lang.Class::getName (18 bytes)
Event: 0.495 Thread 0x00007f8b1601c800 nmethod 167 0x000000011a0ee110 code [0x000000011a0ee2c0, 0x000000011a0ee440]
Event: 0.495 Thread 0x00007f8b1601c800  168       1       java.net.URL::getFile (5 bytes)
Event: 0.495 Thread 0x00007f8b1601c800 nmethod 168 0x00000001215fd490 code [0x00000001215fd640, 0x00000001215fd6f0]
Event: 0.497 Thread 0x00007f8b1601c800  169       3       java.util.zip.ZipFile$Source::getEntryPos (206 bytes)
Event: 0.498 Thread 0x00007f8b1601c800 nmethod 169 0x000000011a0ee510 code [0x000000011a0ee7a0, 0x000000011a0ef5c0]
Event: 0.498 Thread 0x00007f8b1601c800  170       3       java.lang.Character::toLowerCase (6 bytes)
Event: 0.498 Thread 0x00007f8b1601c800 nmethod 170 0x000000011a0efc90 code [0x000000011a0efe60, 0x000000011a0f00b0]
Event: 0.499 Thread 0x00007f8b1601c800  171       1       java.security.ProtectionDomain::getCodeSource (5 bytes)
Event: 0.499 Thread 0x00007f8b1601c800 nmethod 171 0x00000001215fd790 code [0x00000001215fd940, 0x00000001215fd9f0]

GC Heap History (0 events):
No events

Deoptimization events (4 events):
Event: 0.308 Thread 0x00007f8b15027800 Uncommon trap: trap_request=0xffffff4d fr.pc=0x00000001215f6f38 relative=0x00000000000001f8
Event: 0.308 Thread 0x00007f8b15027800 Uncommon trap: reason=unstable_if action=reinterpret pc=0x00000001215f6f38 method=java.lang.String.hashCode()I @ 14 c2
Event: 0.308 Thread 0x00007f8b15027800 DEOPT PACKING pc=0x00000001215f6f38 sp=0x00007ff7b33ed5e0
Event: 0.308 Thread 0x00007f8b15027800 DEOPT UNPACKING pc=0x0000000119b74ea5 sp=0x00007ff7b33ed5a8 mode 2

Classes redefined (0 events):
No events

Internal exceptions (0 events):
No events

Events (20 events):
Event: 0.495 loading class edu/wpi/first/hal/can/CANNotInitializedException
Event: 0.495 loading class edu/wpi/first/hal/can/CANNotInitializedException done
Event: 0.495 loading class edu/wpi/first/hal/util/UncleanStatusException
Event: 0.495 loading class edu/wpi/first/hal/util/UncleanStatusException done
Event: 0.496 loading class edu/wpi/first/hal/simulation/NotifyCallback
Event: 0.496 loading class edu/wpi/first/hal/simulation/NotifyCallback done
Event: 0.497 loading class edu/wpi/first/hal/simulation/BufferCallback
Event: 0.497 loading class edu/wpi/first/hal/simulation/BufferCallback done
Event: 0.497 loading class edu/wpi/first/hal/simulation/ConstBufferCallback
Event: 0.497 loading class edu/wpi/first/hal/simulation/ConstBufferCallback done
Event: 0.497 loading class edu/wpi/first/hal/simulation/SpiReadAutoReceiveBufferCallback
Event: 0.497 loading class edu/wpi/first/hal/simulation/SpiReadAutoReceiveBufferCallback done
Event: 0.499 loading class edu/wpi/first/hal/simulation/SimDeviceDataJNI$SimDeviceInfo
Event: 0.499 loading class edu/wpi/first/hal/simulation/SimDeviceDataJNI$SimDeviceInfo done
Event: 0.500 loading class edu/wpi/first/hal/simulation/SimDeviceDataJNI$SimValueInfo
Event: 0.500 loading class edu/wpi/first/hal/simulation/SimDeviceDataJNI$SimValueInfo done
Event: 0.500 loading class edu/wpi/first/hal/simulation/SimDeviceCallback
Event: 0.500 loading class edu/wpi/first/hal/simulation/SimDeviceCallback done
Event: 0.501 loading class edu/wpi/first/hal/simulation/SimValueCallback
Event: 0.501 loading class edu/wpi/first/hal/simulation/SimValueCallback done


Dynamic libraries:
0x000000010cc2f000 	/Users/yanglimin/wpilib/2022/jdk/lib/jli/libjli.dylib
0x00007ff82115b000 	/System/Library/Frameworks/Cocoa.framework/Versions/A/Cocoa
0x00007ff80cdaf000 	/System/Library/Frameworks/AppKit.framework/Versions/C/AppKit
0x00007ff8102c6000 	/System/Library/Frameworks/CoreData.framework/Versions/A/CoreData
0x00007ff80b1b2000 	/System/Library/Frameworks/Foundation.framework/Versions/C/Foundation
0x00007ff8150e9000 	/usr/lib/libSystem.B.dylib
0x00007ff80dc3f000 	/System/Library/PrivateFrameworks/UIFoundation.framework/Versions/A/UIFoundation
0x00007ff81b05c000 	/System/Library/PrivateFrameworks/RemoteViewServices.framework/Versions/A/RemoteViewServices
0x00007ff81333d000 	/System/Library/PrivateFrameworks/XCTTargetBootstrap.framework/Versions/A/XCTTargetBootstrap
0x00007ff816ef2000 	/System/Library/PrivateFrameworks/InternationalSupport.framework/Versions/A/InternationalSupport
0x00007ff816f7c000 	/System/Library/PrivateFrameworks/UserActivity.framework/Versions/A/UserActivity
0x00007ff8162d0000 	/usr/lib/libspindump.dylib
0x00007ff80dece000 	/System/Library/Frameworks/UniformTypeIdentifiers.framework/Versions/A/UniformTypeIdentifiers
0x00007ff811a61000 	/usr/lib/libapp_launch_measurement.dylib
0x00007ff810c98000 	/System/Library/PrivateFrameworks/CoreAnalytics.framework/Versions/A/CoreAnalytics
0x00007ff811a64000 	/System/Library/PrivateFrameworks/CoreAutoLayout.framework/Versions/A/CoreAutoLayout
0x00007ff812c94000 	/System/Library/Frameworks/Metal.framework/Versions/A/Metal
0x00007ff8139c3000 	/usr/lib/liblangid.dylib
0x00007ff813342000 	/System/Library/PrivateFrameworks/CoreSVG.framework/Versions/A/CoreSVG
0x00007ff80f2ba000 	/System/Library/PrivateFrameworks/SkyLight.framework/Versions/A/SkyLight
0x00007ff80f659000 	/System/Library/Frameworks/CoreGraphics.framework/Versions/A/CoreGraphics
0x00007ff81b71c000 	/System/Library/Frameworks/Accelerate.framework/Versions/A/Accelerate
0x00007ff815d4f000 	/System/Library/PrivateFrameworks/IconServices.framework/Versions/A/IconServices
0x00007ff812c79000 	/System/Library/Frameworks/IOSurface.framework/Versions/A/IOSurface
0x00007ff810cc6000 	/usr/lib/libDiagnosticMessagesClient.dylib
0x00007ff815009000 	/usr/lib/libz.1.dylib
0x00007ff81edff000 	/System/Library/Frameworks/ApplicationServices.framework/Versions/A/ApplicationServices
0x00007ff813329000 	/System/Library/PrivateFrameworks/DFRFoundation.framework/Versions/A/DFRFoundation
0x00007ff80c697000 	/usr/lib/libicucore.A.dylib
0x00007ff817ce8000 	/System/Library/Frameworks/AudioToolbox.framework/Versions/A/AudioToolbox
0x00007ff816efe000 	/System/Library/PrivateFrameworks/DataDetectorsCore.framework/Versions/A/DataDetectorsCore
0x00007ff9133f9000 	/System/Library/PrivateFrameworks/TextInput.framework/Versions/A/TextInput
0x00007ff80f23d000 	/usr/lib/libMobileGestalt.dylib
0x00007ff813035000 	/System/Library/Frameworks/Carbon.framework/Versions/A/Frameworks/HIToolbox.framework/Versions/A/HIToolbox
0x00007ff811463000 	/System/Library/Frameworks/QuartzCore.framework/Versions/A/QuartzCore
0x00007ff80c33c000 	/System/Library/Frameworks/Security.framework/Versions/A/Security
0x00007ff81b094000 	/System/Library/Frameworks/Carbon.framework/Versions/A/Frameworks/SpeechRecognition.framework/Versions/A/SpeechRecognition
0x00007ff8117c1000 	/System/Library/PrivateFrameworks/CoreUI.framework/Versions/A/CoreUI
0x00007ff80bc06000 	/System/Library/Frameworks/CoreAudio.framework/Versions/A/CoreAudio
0x00007ff810db5000 	/System/Library/Frameworks/DiskArbitration.framework/Versions/A/DiskArbitration
0x00007ff8166be000 	/System/Library/PrivateFrameworks/MultitouchSupport.framework/Versions/A/MultitouchSupport
0x00007ff80f23c000 	/usr/lib/libenergytrace.dylib
0x00007ff80cc9b000 	/System/Library/Frameworks/IOKit.framework/Versions/A/IOKit
0x00007ff81b484000 	/System/Library/Frameworks/CoreServices.framework/Versions/A/CoreServices
0x00007ff8119fb000 	/System/Library/PrivateFrameworks/PerformanceAnalysis.framework/Versions/A/PerformanceAnalysis
0x00007ffa230db000 	/System/Library/Frameworks/OpenGL.framework/Versions/A/OpenGL
0x00007ff814625000 	/System/Library/PrivateFrameworks/MobileKeyBag.framework/Versions/A/MobileKeyBag
0x00007ff80a17c000 	/usr/lib/libobjc.A.dylib
0x00007ff80fd25000 	/System/Library/Frameworks/ColorSync.framework/Versions/A/ColorSync
0x00007ff80a336000 	/System/Library/Frameworks/CoreFoundation.framework/Versions/A/CoreFoundation
0x00007ff8135b9000 	/System/Library/Frameworks/CoreImage.framework/Versions/A/CoreImage
0x00007ff80ba1a000 	/System/Library/Frameworks/CoreText.framework/Versions/A/CoreText
0x00007ff813372000 	/System/Library/Frameworks/ImageIO.framework/Versions/A/ImageIO
0x00007ff8150ef000 	/System/Library/PrivateFrameworks/SoftLinking.framework/Versions/A/SoftLinking
0x00007ff811aac000 	/usr/lib/libxml2.2.dylib
0x00007ff80a242000 	/usr/lib/libc++.1.dylib
0x00007ff815373000 	/usr/lib/libcompression.dylib
0x00007ff816e25000 	/System/Library/PrivateFrameworks/TextureIO.framework/Versions/A/TextureIO
0x00007ff815a61000 	/usr/lib/libate.dylib
0x00007ff8150e4000 	/usr/lib/system/libcache.dylib
0x00007ff8150a0000 	/usr/lib/system/libcommonCrypto.dylib
0x00007ff8150c9000 	/usr/lib/system/libcompiler_rt.dylib
0x00007ff8150bf000 	/usr/lib/system/libcopyfile.dylib
0x00007ff80a077000 	/usr/lib/system/libcorecrypto.dylib
0x00007ff80a135000 	/usr/lib/system/libdispatch.dylib
0x00007ff80a2f5000 	/usr/lib/system/libdyld.dylib
0x00007ff8150db000 	/usr/lib/system/libkeymgr.dylib
0x00007ff81507e000 	/usr/lib/system/libmacho.dylib
0x00007ff8146ff000 	/usr/lib/system/libquarantine.dylib
0x00007ff8150d9000 	/usr/lib/system/libremovefile.dylib
0x00007ff80f28a000 	/usr/lib/system/libsystem_asl.dylib
0x00007ff80a020000 	/usr/lib/system/libsystem_blocks.dylib
0x00007ff80a1b9000 	/usr/lib/system/libsystem_c.dylib
0x00007ff8150d1000 	/usr/lib/system/libsystem_collections.dylib
0x00007ff8139b3000 	/usr/lib/system/libsystem_configuration.dylib
0x00007ff812c5c000 	/usr/lib/system/libsystem_containermanager.dylib
0x00007ff814db6000 	/usr/lib/system/libsystem_coreservices.dylib
0x00007ff80c92b000 	/usr/lib/system/libsystem_darwin.dylib
0x00007ff8150dc000 	/usr/lib/system/libsystem_dnssd.dylib
0x00007ff80a1b6000 	/usr/lib/system/libsystem_featureflags.dylib
0x00007ff80a30b000 	/usr/lib/system/libsystem_info.dylib
0x00007ff81501c000 	/usr/lib/system/libsystem_m.dylib
0x00007ff80a109000 	/usr/lib/system/libsystem_malloc.dylib
0x00007ff80f225000 	/usr/lib/system/libsystem_networkextension.dylib
0x00007ff80cd51000 	/usr/lib/system/libsystem_notify.dylib
0x00007ff81b359000 	/usr/lib/system/libsystem_product_info_filter.dylib
0x00007ff8139b7000 	/usr/lib/system/libsystem_sandbox.dylib
0x00007ff8150d6000 	/usr/lib/system/libsystem_secinit.dylib
0x00007ff80a2b1000 	/usr/lib/system/libsystem_kernel.dylib
0x00007ff80a301000 	/usr/lib/system/libsystem_platform.dylib
0x00007ff80a2e9000 	/usr/lib/system/libsystem_pthread.dylib
0x00007ff810ad8000 	/usr/lib/system/libsystem_symptoms.dylib
0x00007ff80a05e000 	/usr/lib/system/libsystem_trace.dylib
0x00007ff8150ac000 	/usr/lib/system/libunwind.dylib
0x00007ff80a022000 	/usr/lib/system/libxpc.dylib
0x00007ff80a29b000 	/usr/lib/libc++abi.dylib
0x00007ff8150b7000 	/usr/lib/liboah.dylib
0x00007ff81583d000 	/usr/lib/liblzma.5.dylib
0x00007ff80aec4000 	/System/Library/Frameworks/SystemConfiguration.framework/Versions/A/SystemConfiguration
0x00007ff8150eb000 	/usr/lib/libfakelink.dylib
0x00007ff80ed95000 	/System/Library/Frameworks/CFNetwork.framework/Versions/A/CFNetwork
0x00007ff81522c000 	/usr/lib/libarchive.2.dylib
0x00007ff8139bf000 	/System/Library/PrivateFrameworks/AppleSystemInfo.framework/Versions/A/AppleSystemInfo
0x00007ff814726000 	/usr/lib/libbsm.0.dylib
0x00007ff80e3a4000 	/usr/lib/libnetwork.dylib
0x00007ff815084000 	/usr/lib/system/libkxld.dylib
0x00007ff814359000 	/System/Library/PrivateFrameworks/IOMobileFramebuffer.framework/Versions/A/IOMobileFramebuffer
0x00007ffb22aaa000 	/usr/lib/libCoreEntitlements.dylib
0x00007ff814d98000 	/System/Library/PrivateFrameworks/AppleFSCompression.framework/Versions/A/AppleFSCompression
0x00007ff81470e000 	/usr/lib/libcoretls.dylib
0x00007ff815857000 	/usr/lib/libcoretls_cfhelpers.dylib
0x00007ff81536e000 	/usr/lib/libpam.2.dylib
0x00007ff8106f7000 	/usr/lib/libsqlite3.dylib
0x00007ff8158c6000 	/usr/lib/libxar.1.dylib
0x00007ff814da8000 	/usr/lib/libbz2.1.0.dylib
0x00007ff8150f0000 	/usr/lib/libpcap.A.dylib
0x00007ff810ad0000 	/usr/lib/libdns_services.dylib
0x00007ff81533e000 	/usr/lib/libapple_nghttp2.dylib
0x00007ff81512a000 	/usr/lib/libiconv.2.dylib
0x00007ff81507d000 	/usr/lib/libcharset.1.dylib
0x00007ff811a2f000 	/System/Library/Frameworks/CoreServices.framework/Versions/A/Frameworks/FSEvents.framework/Versions/A/FSEvents
0x00007ff80c935000 	/System/Library/Frameworks/CoreServices.framework/Versions/A/Frameworks/CarbonCore.framework/Versions/A/CarbonCore
0x00007ff810d19000 	/System/Library/Frameworks/CoreServices.framework/Versions/A/Frameworks/Metadata.framework/Versions/A/Metadata
0x00007ff814dbb000 	/System/Library/Frameworks/CoreServices.framework/Versions/A/Frameworks/OSServices.framework/Versions/A/OSServices
0x00007ff8152b3000 	/System/Library/Frameworks/CoreServices.framework/Versions/A/Frameworks/SearchKit.framework/Versions/A/SearchKit
0x00007ff810a62000 	/System/Library/Frameworks/CoreServices.framework/Versions/A/Frameworks/AE.framework/Versions/A/AE
0x00007ff80a839000 	/System/Library/Frameworks/CoreServices.framework/Versions/A/Frameworks/LaunchServices.framework/Versions/A/LaunchServices
0x00007ff8157ee000 	/System/Library/Frameworks/CoreServices.framework/Versions/A/Frameworks/DictionaryServices.framework/Versions/A/DictionaryServices
0x00007ff811a3c000 	/System/Library/Frameworks/CoreServices.framework/Versions/A/Frameworks/SharedFileList.framework/Versions/A/SharedFileList
0x00007ff814702000 	/usr/lib/libCheckFix.dylib
0x00007ff80f2a1000 	/System/Library/PrivateFrameworks/TCC.framework/Versions/A/TCC
0x00007ff8139c5000 	/System/Library/PrivateFrameworks/CoreNLP.framework/Versions/A/CoreNLP
0x00007ff810cc9000 	/System/Library/PrivateFrameworks/MetadataUtilities.framework/Versions/A/MetadataUtilities
0x00007ff80af75000 	/usr/lib/libmecabra.dylib
0x00007ff814736000 	/usr/lib/libmecab.dylib
0x00007ff80af40000 	/usr/lib/libCRFSuite.dylib
0x00007ff814790000 	/usr/lib/libgermantok.dylib
0x00007ff815319000 	/usr/lib/libThaiTokenizer.dylib
0x00007ff810dbc000 	/System/Library/Frameworks/Accelerate.framework/Versions/A/Frameworks/vImage.framework/Versions/A/vImage
0x00007ff81b45b000 	/System/Library/Frameworks/Accelerate.framework/Versions/A/Frameworks/vecLib.framework/Versions/A/vecLib
0x00007ff815907000 	/System/Library/Frameworks/Accelerate.framework/Versions/A/Frameworks/vecLib.framework/Versions/A/libvMisc.dylib
0x00007ff814184000 	/System/Library/Frameworks/Accelerate.framework/Versions/A/Frameworks/vecLib.framework/Versions/A/libvDSP.dylib
0x00007ff80abb4000 	/System/Library/Frameworks/Accelerate.framework/Versions/A/Frameworks/vecLib.framework/Versions/A/libBLAS.dylib
0x00007ff815450000 	/System/Library/Frameworks/Accelerate.framework/Versions/A/Frameworks/vecLib.framework/Versions/A/libLAPACK.dylib
0x00007ff814793000 	/System/Library/Frameworks/Accelerate.framework/Versions/A/Frameworks/vecLib.framework/Versions/A/libLinearAlgebra.dylib
0x00007ff815356000 	/System/Library/Frameworks/Accelerate.framework/Versions/A/Frameworks/vecLib.framework/Versions/A/libSparseBLAS.dylib
0x00007ff81544a000 	/System/Library/Frameworks/Accelerate.framework/Versions/A/Frameworks/vecLib.framework/Versions/A/libQuadrature.dylib
0x00007ff813ab0000 	/System/Library/Frameworks/Accelerate.framework/Versions/A/Frameworks/vecLib.framework/Versions/A/libBNNS.dylib
0x00007ff80ae4e000 	/System/Library/Frameworks/Accelerate.framework/Versions/A/Frameworks/vecLib.framework/Versions/A/libSparse.dylib
0x00007ff813aa9000 	/System/Library/PrivateFrameworks/LinguisticData.framework/Versions/A/LinguisticData
0x00007ff80ae04000 	/System/Library/PrivateFrameworks/Lexicon.framework/Versions/A/Lexicon
0x00007ff815900000 	/usr/lib/libChineseTokenizer.dylib
0x00007ff80b56f000 	/System/Library/PrivateFrameworks/LanguageModeling.framework/Versions/A/LanguageModeling
0x00007ff81531b000 	/System/Library/PrivateFrameworks/AppleSauce.framework/Versions/A/AppleSauce
0x00007ff814347000 	/System/Library/PrivateFrameworks/CoreEmoji.framework/Versions/A/CoreEmoji
0x00007ff81521b000 	/usr/lib/libcmph.dylib
0x00007ff811a13000 	/System/Library/Frameworks/OpenDirectory.framework/Versions/A/Frameworks/CFOpenDirectory.framework/Versions/A/CFOpenDirectory
0x00007ff811a07000 	/System/Library/Frameworks/OpenDirectory.framework/Versions/A/OpenDirectory
0x00007ff815859000 	/System/Library/PrivateFrameworks/APFS.framework/Versions/A/APFS
0x00007ff81465d000 	/System/Library/Frameworks/SecurityFoundation.framework/Versions/A/SecurityFoundation
0x00007ff8158d4000 	/usr/lib/libutil.dylib
0x00007ff80cc5f000 	/System/Library/PrivateFrameworks/CoreServicesStore.framework/Versions/A/CoreServicesStore
0x00007ff8158d8000 	/usr/lib/libxslt.1.dylib
0x00007ff8146ea000 	/System/Library/PrivateFrameworks/BackgroundTaskManagement.framework/Versions/A/BackgroundTaskManagement
0x00007ff816d45000 	/System/Library/Frameworks/ImageIO.framework/Versions/A/Resources/libRadiance.dylib
0x00007ff816d4e000 	/System/Library/Frameworks/ImageIO.framework/Versions/A/Resources/libJPEG.dylib
0x00007ff816c9d000 	/System/Library/Frameworks/ImageIO.framework/Versions/A/Resources/libPng.dylib
0x00007ff816cbe000 	/System/Library/Frameworks/ImageIO.framework/Versions/A/Resources/libTIFF.dylib
0x00007ff816dae000 	/System/Library/Frameworks/ImageIO.framework/Versions/A/Resources/libGIF.dylib
0x00007ff8165d8000 	/System/Library/Frameworks/ImageIO.framework/Versions/A/Resources/libJP2.dylib
0x00007ff815d16000 	/usr/lib/libexpat.1.dylib
0x00007ff81658d000 	/System/Library/PrivateFrameworks/AppleJPEG.framework/Versions/A/AppleJPEG
0x00007ff812ef9000 	/System/Library/PrivateFrameworks/FontServices.framework/libFontParser.dylib
0x00007ff810a0c000 	/System/Library/PrivateFrameworks/RunningBoardServices.framework/Versions/A/RunningBoardServices
0x00007ff821716000 	/System/Library/PrivateFrameworks/IOSurfaceAccelerator.framework/Versions/A/IOSurfaceAccelerator
0x00007ff8166ba000 	/System/Library/PrivateFrameworks/WatchdogClient.framework/Versions/A/WatchdogClient
0x00007ff80b65d000 	/System/Library/Frameworks/CoreDisplay.framework/Versions/A/CoreDisplay
0x00007ff812df7000 	/System/Library/Frameworks/CoreMedia.framework/Versions/A/CoreMedia
0x00007ff812c8b000 	/System/Library/PrivateFrameworks/IOAccelerator.framework/Versions/A/IOAccelerator
0x00007ff811b90000 	/System/Library/Frameworks/CoreVideo.framework/Versions/A/CoreVideo
0x00007ff81536c000 	/System/Library/Frameworks/MetalPerformanceShaders.framework/Versions/A/MetalPerformanceShaders
0x00007ff8166f7000 	/System/Library/Frameworks/VideoToolbox.framework/Versions/A/VideoToolbox
0x00007ff810956000 	/System/Library/PrivateFrameworks/BaseBoard.framework/Versions/A/BaseBoard
0x00007ff8106dd000 	/System/Library/PrivateFrameworks/ProtocolBuffer.framework/Versions/A/ProtocolBuffer
0x00007ff816d3e000 	/System/Library/PrivateFrameworks/GPUWrangler.framework/Versions/A/GPUWrangler
0x00007ff816d22000 	/System/Library/PrivateFrameworks/IOPresentment.framework/Versions/A/IOPresentment
0x00007ff816d48000 	/System/Library/PrivateFrameworks/DSExternalDisplay.framework/Versions/A/DSExternalDisplay
0x00007ffa230cf000 	/System/Library/Frameworks/OpenGL.framework/Versions/A/Libraries/libCoreFSCache.dylib
0x00007ffb101a6000 	/System/Library/PrivateFrameworks/GPUCompiler.framework/Versions/31001/Libraries/libGPUCompilerUtils.dylib
0x00007ff816db3000 	/System/Library/PrivateFrameworks/CMCaptureCore.framework/Versions/A/CMCaptureCore
0x00007ff8162be000 	/System/Library/PrivateFrameworks/AppServerSupport.framework/Versions/A/AppServerSupport
0x00007ff818581000 	/System/Library/PrivateFrameworks/perfdata.framework/Versions/A/perfdata
0x00007ff80b789000 	/System/Library/PrivateFrameworks/AudioToolboxCore.framework/Versions/A/AudioToolboxCore
0x00007ff812dd5000 	/System/Library/PrivateFrameworks/caulk.framework/Versions/A/caulk
0x00007ff817e93000 	/usr/lib/libAudioStatistics.dylib
0x00007ff90fb87000 	/System/Library/PrivateFrameworks/SystemPolicy.framework/Versions/A/SystemPolicy
0x00007ff8180ee000 	/usr/lib/libSMC.dylib
0x00007ff82100e000 	/System/Library/Frameworks/CoreMIDI.framework/Versions/A/CoreMIDI
0x00007ff816c6c000 	/usr/lib/libAudioToolboxUtility.dylib
0x00007ff90bdb3000 	/System/Library/PrivateFrameworks/OSAServicesClient.framework/Versions/A/OSAServicesClient
0x00007ff81858e000 	/usr/lib/libperfcheck.dylib
0x00007ff910634000 	/usr/lib/libmis.dylib
0x00007ffa2312a000 	/System/Library/Frameworks/OpenGL.framework/Versions/A/Libraries/libGLU.dylib
0x00007ffa230ee000 	/System/Library/Frameworks/OpenGL.framework/Versions/A/Libraries/libGFXShared.dylib
0x00007ffa232f7000 	/System/Library/Frameworks/OpenGL.framework/Versions/A/Libraries/libGL.dylib
0x00007ffa230f7000 	/System/Library/Frameworks/OpenGL.framework/Versions/A/Libraries/libGLImage.dylib
0x00007ffa230eb000 	/System/Library/Frameworks/OpenGL.framework/Versions/A/Libraries/libCVMSPluginSupport.dylib
0x00007ffa230d6000 	/System/Library/Frameworks/OpenGL.framework/Versions/A/Libraries/libCoreVMClient.dylib
0x00007ff813941000 	/System/Library/Frameworks/MetalPerformanceShaders.framework/Versions/A/Frameworks/MPSCore.framework/Versions/A/MPSCore
0x00007ff814d03000 	/System/Library/Frameworks/MetalPerformanceShaders.framework/Versions/A/Frameworks/MPSImage.framework/Versions/A/MPSImage
0x00007ff8147a9000 	/System/Library/Frameworks/MetalPerformanceShaders.framework/Versions/A/Frameworks/MPSNeuralNetwork.framework/Versions/A/MPSNeuralNetwork
0x00007ff814c1d000 	/System/Library/Frameworks/MetalPerformanceShaders.framework/Versions/A/Frameworks/MPSMatrix.framework/Versions/A/MPSMatrix
0x00007ff8149d8000 	/System/Library/Frameworks/MetalPerformanceShaders.framework/Versions/A/Frameworks/MPSRayIntersector.framework/Versions/A/MPSRayIntersector
0x00007ff814c55000 	/System/Library/Frameworks/MetalPerformanceShaders.framework/Versions/A/Frameworks/MPSNDArray.framework/Versions/A/MPSNDArray
0x00007ffa28baf000 	/System/Library/Frameworks/MetalPerformanceShaders.framework/Versions/A/Frameworks/MPSFunctions.framework/Versions/A/MPSFunctions
0x00007ff80aa90000 	/System/Library/PrivateFrameworks/MetalTools.framework/Versions/A/MetalTools
0x00007ff8139bd000 	/System/Library/PrivateFrameworks/AggregateDictionary.framework/Versions/A/AggregateDictionary
0x00007ff815af8000 	/usr/lib/libIOReport.dylib
0x00007ffa24706000 	/System/Library/Frameworks/OpenCL.framework/Versions/A/OpenCL
0x00007ff815e5c000 	/System/Library/PrivateFrameworks/FaceCore.framework/Versions/A/FaceCore
0x00007ff815e4d000 	/System/Library/PrivateFrameworks/GraphVisualizer.framework/Versions/A/GraphVisualizer
0x00007ffb100b1000 	/System/Library/PrivateFrameworks/FontServices.framework/Versions/A/FontServices
0x00007ff816276000 	/System/Library/PrivateFrameworks/OTSVG.framework/Versions/A/OTSVG
0x00007ff811776000 	/System/Library/Frameworks/ApplicationServices.framework/Versions/A/Frameworks/ATS.framework/Versions/A/Resources/libFontRegistry.dylib
0x00007ff8162c6000 	/System/Library/PrivateFrameworks/FontServices.framework/libhvf.dylib
0x00007ffb100b2000 	/System/Library/PrivateFrameworks/FontServices.framework/libXTFontStaticRegistryData.dylib
0x00007ff815cc6000 	/System/Library/PrivateFrameworks/AppleVA.framework/Versions/A/AppleVA
0x00007ff817eb3000 	/System/Library/Frameworks/ApplicationServices.framework/Versions/A/Frameworks/ATS.framework/Versions/A/ATS
0x00007ff80fe23000 	/System/Library/Frameworks/ApplicationServices.framework/Versions/A/Frameworks/HIServices.framework/Versions/A/HIServices
0x00007ff816dbd000 	/System/Library/Frameworks/ApplicationServices.framework/Versions/A/Frameworks/PrintCore.framework/Versions/A/PrintCore
0x00007ff818241000 	/System/Library/Frameworks/ApplicationServices.framework/Versions/A/Frameworks/QD.framework/Versions/A/QD
0x00007ff818239000 	/System/Library/Frameworks/ApplicationServices.framework/Versions/A/Frameworks/ColorSyncLegacy.framework/Versions/A/ColorSyncLegacy
0x00007ff817ea3000 	/System/Library/Frameworks/ApplicationServices.framework/Versions/A/Frameworks/SpeechSynthesis.framework/Versions/A/SpeechSynthesis
0x00007ff816d7e000 	/System/Library/Frameworks/ApplicationServices.framework/Versions/A/Frameworks/ATSUI.framework/Versions/A/ATSUI
0x00007ff8181ce000 	/usr/lib/libcups.2.dylib
0x00007ff81859d000 	/System/Library/Frameworks/Kerberos.framework/Versions/A/Kerberos
0x00007ff8185ac000 	/System/Library/Frameworks/GSS.framework/Versions/A/GSS
0x00007ff817f1f000 	/usr/lib/libresolv.9.dylib
0x00007ff8162d5000 	/System/Library/PrivateFrameworks/Heimdal.framework/Versions/A/Heimdal
0x00007ff81f191000 	/System/Library/Frameworks/Kerberos.framework/Versions/A/Libraries/libHeimdalProxy.dylib
0x00007ff810ae0000 	/System/Library/Frameworks/Network.framework/Versions/A/Network
0x00007ff815d30000 	/usr/lib/libheimdal-asn1.dylib
0x00007ff8185f7000 	/System/Library/PrivateFrameworks/CommonAuth.framework/Versions/A/CommonAuth
0x00007ff817e25000 	/System/Library/PrivateFrameworks/AudioSession.framework/Versions/A/AudioSession
0x00007ff815dc0000 	/System/Library/PrivateFrameworks/MediaExperience.framework/Versions/A/MediaExperience
0x00007ff817cb7000 	/System/Library/PrivateFrameworks/AudioSession.framework/libSessionUtility.dylib
0x00007ff81824d000 	/System/Library/PrivateFrameworks/AudioResourceArbitration.framework/Versions/A/AudioResourceArbitration
0x00007ff81c2ce000 	/System/Library/PrivateFrameworks/PowerLog.framework/Versions/A/PowerLog
0x00007ff815d39000 	/System/Library/PrivateFrameworks/IconFoundation.framework/Versions/A/IconFoundation
0x00007ff81b084000 	/System/Library/PrivateFrameworks/SpeechRecognitionCore.framework/Versions/A/SpeechRecognitionCore
0x000000010d9f4000 	/Users/yanglimin/wpilib/2022/jdk/lib/server/libjvm.dylib
0x000000010cc5e000 	/Users/yanglimin/wpilib/2022/jdk/lib/libverify.dylib
0x000000010cc9b000 	/Users/yanglimin/wpilib/2022/jdk/lib/libjava.dylib
0x000000010cc6f000 	/Users/yanglimin/wpilib/2022/jdk/lib/libjimage.dylib
0x000000010cd03000 	/Users/yanglimin/wpilib/2022/jdk/lib/libjdwp.dylib
0x000000010cc87000 	/Users/yanglimin/wpilib/2022/jdk/lib/libzip.dylib
0x000000010ccdd000 	/Users/yanglimin/wpilib/2022/jdk/lib/libdt_socket.dylib
0x000000010d79b000 	/Users/yanglimin/wpilib/2022/jdk/lib/libnio.dylib
0x000000010d7ae000 	/Users/yanglimin/wpilib/2022/jdk/lib/libnet.dylib
0x000000010d852000 	/Users/yanglimin/Desktop/编程/Simulator/Simulator/sim2/build/jni/release/libwpiHaljni.dylib
0x0000000110be5000 	/Users/yanglimin/Desktop/编程/Simulator/Simulator/sim2/build/jni/release/libwpiHal.dylib
0x0000000110fac000 	/Users/yanglimin/Desktop/编程/Simulator/Simulator/sim2/build/jni/release/libwpiutil.dylib
0x00007ff90f99f000 	/System/Library/Frameworks/AVFoundation.framework/Versions/A/AVFoundation
0x00007ffa277c6000 	/System/Library/Frameworks/AVFAudio.framework/Versions/A/AVFAudio
0x00007ff81cef2000 	/System/Library/PrivateFrameworks/AVFCore.framework/Versions/A/AVFCore
0x00007ff82416d000 	/System/Library/PrivateFrameworks/AVFCapture.framework/Versions/A/AVFCapture
0x00007ff81929c000 	/System/Library/Frameworks/IOBluetooth.framework/Versions/A/IOBluetooth
0x00007ff81c227000 	/System/Library/Frameworks/CoreBluetooth.framework/Versions/A/CoreBluetooth
0x00007ff81f216000 	/System/Library/Frameworks/AudioUnit.framework/Versions/A/AudioUnit
0x00007ff81443d000 	/System/Library/PrivateFrameworks/CoreUtils.framework/Versions/A/CoreUtils
0x00007ffb0f314000 	/System/Library/PrivateFrameworks/CoreUtilsExtras.framework/Versions/A/CoreUtilsExtras
0x00007ff90e612000 	/System/Library/PrivateFrameworks/AirPlaySync.framework/Versions/A/AirPlaySync
0x00007ff816fe7000 	/System/Library/Frameworks/MediaToolbox.framework/Versions/A/MediaToolbox
0x00007ff81c88f000 	/System/Library/PrivateFrameworks/CoreAVCHD.framework/Versions/A/CoreAVCHD
0x00007ff81b764000 	/System/Library/Frameworks/MediaAccessibility.framework/Versions/A/MediaAccessibility
0x00007ff81c88b000 	/System/Library/PrivateFrameworks/Mangrove.framework/Versions/A/Mangrove
0x00007ff81464c000 	/System/Library/PrivateFrameworks/AssertionServices.framework/Versions/A/AssertionServices
0x00007ff81b76f000 	/System/Library/PrivateFrameworks/AlgosScoreFramework.framework/Versions/A/AlgosScoreFramework
0x00007ffb0c608000 	/System/Library/PrivateFrameworks/CMPhoto.framework/Versions/A/CMPhoto
0x00007ff81d3e3000 	/System/Library/PrivateFrameworks/AppleVPA.framework/Versions/A/AppleVPA
0x00007ff81c4d0000 	/System/Library/PrivateFrameworks/CoreAUC.framework/Versions/A/CoreAUC
0x00007ffb0c5f1000 	/System/Library/PrivateFrameworks/CMImaging.framework/Versions/A/CMImaging
0x00007ff8242bf000 	/System/Library/PrivateFrameworks/Quagga.framework/Versions/A/Quagga
0x00007ff90a020000 	/System/Library/PrivateFrameworks/CMCapture.framework/Versions/A/CMCapture
0x00007ff81800e000 	/System/Library/Frameworks/CoreMediaIO.framework/Versions/A/CoreMediaIO
0x00007ff81f33e000 	/System/Library/PrivateFrameworks/Espresso.framework/Versions/A/Espresso
0x00007ff81ec07000 	/System/Library/PrivateFrameworks/AppSupport.framework/Versions/A/AppSupport
0x00007ffa15d3e000 	/System/Library/PrivateFrameworks/ANECompiler.framework/Versions/A/ANECompiler
0x00007ff820f8e000 	/System/Library/PrivateFrameworks/AppleNeuralEngine.framework/Versions/A/AppleNeuralEngine
0x00007ffb12bc7000 	/System/Library/PrivateFrameworks/MIL.framework/Versions/A/MIL
0x00007ffa28bc2000 	/System/Library/Frameworks/MetalPerformanceShadersGraph.framework/Versions/A/MetalPerformanceShadersGraph
0x00007ff81fedd000 	/System/Library/PrivateFrameworks/ANEServices.framework/Versions/A/ANEServices
0x00007ff818688000 	/System/Library/PrivateFrameworks/CorePhoneNumbers.framework/Versions/A/CorePhoneNumbers
0x00007ff80cd60000 	/usr/lib/libsandbox.1.dylib
0x00007ff815c36000 	/usr/lib/libMatch.1.dylib
0x00007ff9143ff000 	/usr/lib/libncurses.5.4.dylib
0x00007ff81e896000 	/System/Library/PrivateFrameworks/BackBoardServices.framework/Versions/A/BackBoardServices
0x00007ff81d0e2000 	/System/Library/PrivateFrameworks/FrontBoardServices.framework/Versions/A/FrontBoardServices
0x00007ff81d173000 	/System/Library/PrivateFrameworks/BoardServices.framework/Versions/A/BoardServices
0x000000012f611000 	/Users/yanglimin/Desktop/编程/Simulator/Simulator/sim2/build/jni/release/libhalsim_gui.dylib
0x000000012fc05000 	/Users/yanglimin/Desktop/编程/Simulator/Simulator/sim2/build/jni/release/libwpimath.dylib
0x0000000110ced000 	/Users/yanglimin/Desktop/编程/Simulator/Simulator/sim2/build/jni/release/libntcore.dylib
0x00007ff81942b000 	/System/Library/Frameworks/MetalKit.framework/Versions/A/MetalKit
0x00007ff80cc21000 	/System/Library/PrivateFrameworks/CoreServicesInternal.framework/Versions/A/CoreServicesInternal
0x00007ff81c8bf000 	/System/Library/Frameworks/FileProvider.framework/Versions/A/FileProvider
0x00007ff8108c3000 	/System/Library/Frameworks/Accounts.framework/Versions/A/Accounts
0x00007ff81ca38000 	/System/Library/PrivateFrameworks/GenerationalStorage.framework/Versions/A/GenerationalStorage
0x00007ff81d548000 	/System/Library/PrivateFrameworks/CoreSymbolication.framework/Versions/A/CoreSymbolication
0x00007ff81c2c3000 	/System/Library/PrivateFrameworks/SymptomDiagnosticReporter.framework/Versions/A/SymptomDiagnosticReporter
0x00007ff80dee2000 	/System/Library/PrivateFrameworks/DesktopServicesPriv.framework/Versions/A/DesktopServicesPriv
0x00007ff811c0f000 	/System/Library/PrivateFrameworks/UserManagement.framework/Versions/A/UserManagement
0x00007ff81d50d000 	/System/Library/PrivateFrameworks/DebugSymbols.framework/Versions/A/DebugSymbols
0x00007ff81822e000 	/System/Library/PrivateFrameworks/NetAuth.framework/Versions/A/NetAuth
0x00007ff81913d000 	/System/Library/PrivateFrameworks/Sharing.framework/Versions/A/Sharing
0x00007ff811be2000 	/System/Library/PrivateFrameworks/login.framework/Versions/A/Frameworks/loginsupport.framework/Versions/A/loginsupport
0x00007ff81e6ab000 	/System/Library/PrivateFrameworks/Apple80211.framework/Versions/A/Apple80211
0x00007ff814de8000 	/System/Library/PrivateFrameworks/AuthKit.framework/Versions/A/AuthKit
0x00007ff814364000 	/System/Library/Frameworks/CoreWLAN.framework/Versions/A/CoreWLAN
0x00007ff81e713000 	/System/Library/PrivateFrameworks/CoreWiFi.framework/Versions/A/CoreWiFi
0x00007ff817f4c000 	/System/Library/PrivateFrameworks/MultiverseSupport.framework/Versions/A/MultiverseSupport
0x00007ff81eb0a000 	/System/Library/PrivateFrameworks/RemoteServiceDiscovery.framework/Versions/A/RemoteServiceDiscovery
0x00007ff81c3e0000 	/System/Library/PrivateFrameworks/DiskManagement.framework/Versions/A/DiskManagement
0x00007ff81c2f4000 	/System/Library/PrivateFrameworks/AppleIDAuthSupport.framework/Versions/A/AppleIDAuthSupport
0x00007ffb0aa2c000 	/System/Library/PrivateFrameworks/AAAFoundation.framework/Versions/A/AAAFoundation
0x00007ff818669000 	/System/Library/PrivateFrameworks/KeychainCircle.framework/Versions/A/KeychainCircle
0x00007ff81eb1a000 	/System/Library/PrivateFrameworks/RemoteXPC.framework/Versions/A/RemoteXPC
0x00007ff81c3ac000 	/System/Library/PrivateFrameworks/MediaKit.framework/Versions/A/MediaKit
0x00007ff81c300000 	/System/Library/Frameworks/DiscRecording.framework/Versions/A/DiscRecording
0x00007ff815c3e000 	/usr/lib/libCoreStorage.dylib
0x00007ff81eb85000 	/usr/lib/libcsfde.dylib
0x00007ff819369000 	/System/Library/PrivateFrameworks/ProtectedCloudStorage.framework/Versions/A/ProtectedCloudStorage
0x00007ff81eb81000 	/System/Library/PrivateFrameworks/EFILogin.framework/Versions/A/EFILogin
0x00007ff81ca5e000 	/System/Library/PrivateFrameworks/OctagonTrust.framework/Versions/A/OctagonTrust
0x0000000110f32000 	/System/Library/Extensions/IOHIDFamily.kext/Contents/PlugIns/IOHIDLib.plugin/Contents/MacOS/IOHIDLib


VM Arguments:
jvm_args: -agentlib:jdwp=transport=dt_socket,server=n,suspend=y,address=localhost:49409 -Djava.library.path=/Users/yanglimin/Desktop/编程/Simulator/Simulator/sim2/build/jni/release 
java_command: frc.robot.Main
java_class_path (initial): /Users/yanglimin/Desktop/编程/Simulator/Simulator/sim2/bin/main:/Users/yanglimin/wpilib/2022/maven/edu/wpi/first/wpilibj/wpilibj-java/2022.4.1/wpilibj-java-2022.4.1.jar:/Users/yanglimin/wpilib/2022/maven/edu/wpi/first/wpimath/wpimath-java/2022.4.1/wpimath-java-2022.4.1.jar:/Users/yanglimin/wpilib/2022/maven/edu/wpi/first/ntcore/ntcore-java/2022.4.1/ntcore-java-2022.4.1.jar:/Users/yanglimin/wpilib/2022/maven/edu/wpi/first/cscore/cscore-java/2022.4.1/cscore-java-2022.4.1.jar:/Users/yanglimin/wpilib/2022/maven/edu/wpi/first/cameraserver/cameraserver-java/2022.4.1/cameraserver-java-2022.4.1.jar:/Users/yanglimin/wpilib/2022/maven/edu/wpi/first/hal/hal-java/2022.4.1/hal-java-2022.4.1.jar:/Users/yanglimin/wpilib/2022/maven/edu/wpi/first/wpiutil/wpiutil-java/2022.4.1/wpiutil-java-2022.4.1.jar:/Users/yanglimin/wpilib/2022/maven/edu/wpi/first/thirdparty/frc2022/opencv/opencv-java/4.5.2-1/opencv-java-4.5.2-1.jar:/Users/yanglimin/wpilib/2022/maven/org/ejml/ejml-simple/0.41/ejml-simple-0.41.jar:/Users/yanglimin/wpilib/2022/maven/com/fasterxml/jackson/core/jackson-databind/2.12.4/jackson-databind-2.12.4.jar:/Users/yanglimin/wpilib/2022/maven/com/fasterxml/jackson/core/jackson-annotations/2.12.4/jackson-annotations-2.12.4.jar:/Users/yanglimin/wpilib/2022/maven/com/fasterxml/jackson/core/jackson-core/2.12.4/jackson-core-2.12.4.jar:/Users/yanglimin/wpilib/2022/maven/edu/wpi/first/wpilibNewCommands/wpilibNewCommands-java/2022.4.1/wpilibNewCommands-java-2022.4.1.jar:/Users/yanglimin/wpilib/2022/maven/com/ctre/phoenix/api-java/5.21.3/api-java-5.21.3.jar:/Users/yanglimin/wpilib/2022/maven/com/ctre/phoenix/wpiapi-java/5.21.3/wpiapi-java-5.21.3.jar:/Users/yanglimin/wpilib/2022/maven/org/ejml/ejml-fsparse/0.41/ejml-fsparse-0.41.jar:/Users/yanglimin/wpilib/2022/maven/org/ejml/ejml-fdense/0.41/ejml-fdense-0.41.jar:/Users/yanglimin/wpilib/2022/maven/org/ejml/ejml-dsparse/0.41/ejml-dsparse-0.41.jar:/Users/yanglimin/wpilib/2022/maven/org/ejml/ejml-ddense/0.41/ejml
Launcher Type: SUN_STANDARD

[Global flags]
     intx CICompilerCount                          = 3                                         {product} {ergonomic}
     uint ConcGCThreads                            = 1                                         {product} {ergonomic}
     uint G1ConcRefinementThreads                  = 4                                         {product} {ergonomic}
   size_t G1HeapRegionSize                         = 1048576                                   {product} {ergonomic}
    uintx GCDrainStackTargetSize                   = 64                                        {product} {ergonomic}
   size_t InitialHeapSize                          = 134217728                                 {product} {ergonomic}
   size_t MarkStackSize                            = 4194304                                   {product} {ergonomic}
   size_t MaxHeapSize                              = 2147483648                                {product} {ergonomic}
   size_t MaxNewSize                               = 1287651328                                {product} {ergonomic}
   size_t MinHeapDeltaBytes                        = 1048576                                   {product} {ergonomic}
    uintx NonNMethodCodeHeapSize                   = 5830732                                {pd product} {ergonomic}
    uintx NonProfiledCodeHeapSize                  = 122913754                              {pd product} {ergonomic}
    uintx ProfiledCodeHeapSize                     = 122913754                              {pd product} {ergonomic}
    uintx ReservedCodeCacheSize                    = 251658240                              {pd product} {ergonomic}
     bool SegmentedCodeCache                       = true                                      {product} {ergonomic}
     bool UseCompressedClassPointers               = true                                 {lp64_product} {ergonomic}
     bool UseCompressedOops                        = true                                 {lp64_product} {ergonomic}
     bool UseG1GC                                  = true                                      {product} {ergonomic}

Logging:
Log output configuration:
 #0: stdout all=warning uptime,level,tags
 #1: stderr all=off uptime,level,tags

Environment Variables:
JAVA_HOME=/Users/yanglimin/wpilib/2022/jdk
PATH=/Library/Frameworks/Python.framework/Versions/3.10/bin:/Library/Frameworks/Python.framework/Versions/3.10/bin:/Library/Frameworks/Python.framework/Versions/3.10/bin:/Library/Frameworks/Python.framework/Versions/3.10/bin:/usr/local/bin:/usr/bin:/bin:/usr/sbin:/sbin:/Users/yanglimin/wpilib/2022/jdk/bin
LD_LIBRARY_PATH=/Users/yanglimin/Desktop/编程/Simulator/Simulator/sim2/build/jni/release
SHELL=/bin/bash
LANG=en_US.UTF-8
DYLD_LIBRARY_PATH=/Users/yanglimin/Desktop/编程/Simulator/Simulator/sim2/build/jni/release

Signal Handlers:
SIGSEGV: [libjvm.dylib+0x7c4d6c], sa_mask[0]=11111111011111110111111111111111, sa_flags=SA_ONSTACK|SA_RESTART|SA_SIGINFO
SIGBUS: [libjvm.dylib+0x7c4d6c], sa_mask[0]=11111111011111110111111111111111, sa_flags=SA_RESTART|SA_SIGINFO
SIGFPE: [libjvm.dylib+0x7c4d6c], sa_mask[0]=11111111011111110111111111111111, sa_flags=SA_RESTART|SA_SIGINFO
SIGPIPE: [libjvm.dylib+0x6298ca], sa_mask[0]=11111111011111110111111111111111, sa_flags=SA_RESTART|SA_SIGINFO
SIGXFSZ: [libjvm.dylib+0x6298ca], sa_mask[0]=11111111011111110111111111111111, sa_flags=SA_RESTART|SA_SIGINFO
SIGILL: [libjvm.dylib+0x7c4d6c], sa_mask[0]=11111111011111110111111111111111, sa_flags=SA_RESTART|SA_SIGINFO
SIGUSR2: [libjvm.dylib+0x629eb1], sa_mask[0]=00000000000000000000000000000000, sa_flags=SA_RESTART|SA_SIGINFO
SIGHUP: [libjvm.dylib+0x628a93], sa_mask[0]=11111111011111110111111111111111, sa_flags=SA_RESTART|SA_SIGINFO
SIGINT: [libjvm.dylib+0x628a93], sa_mask[0]=11111111011111110111111111111111, sa_flags=SA_RESTART|SA_SIGINFO
SIGTERM: [libjvm.dylib+0x628a93], sa_mask[0]=11111111011111110111111111111111, sa_flags=SA_RESTART|SA_SIGINFO
SIGQUIT: [libjvm.dylib+0x628a93], sa_mask[0]=11111111011111110111111111111111, sa_flags=SA_RESTART|SA_SIGINFO


---------------  S Y S T E M  ---------------

OS:uname:Darwin 21.6.0 Darwin Kernel Version 21.6.0: Mon Aug 22 20:17:10 PDT 2022; root:xnu-8020.140.49~2/RELEASE_X86_64 x86_64
OS uptime: 0 days 0:09 hours
rlimit (soft/hard): STACK 8192k/65532k , CORE 0k/infinity , NPROC 1392/2088 , NOFILE 10240/infinity , AS infinity/infinity , CPU infinity/infinity , DATA infinity/infinity , FSIZE infinity/infinity , MEMLOCK infinity/infinity , RSS infinity/infinity
load average:7.91 79.00 70.07

CPU:total 4 (initial active 4) (2 cores per cpu, 2 threads per core) family 6 model 78 stepping 3 microcode 0xf0, cmov, cx8, fxsr, mmx, sse, sse2, sse3, ssse3, sse4.1, sse4.2, popcnt, avx, avx2, aes, clmul, erms, 3dnowpref, lzcnt, ht, tsc, tscinvbit, bmi1, bmi2, adx, fma

Memory: 4k page, physical 8388608k(814148k free), swap 1048576k(980736k free)

vm_info: OpenJDK 64-Bit Server VM (11.0.13+8) for bsd-amd64 JRE (11.0.13+8), built on Oct 20 2021 01:56:05 by "jenkins" with clang 4.2.1 Compatible Apple LLVM 10.0.1 (clang-1001.0.46.4)

END.
